{"total": {"lines":{"total":3946,"covered":3247,"skipped":0,"pct":82.28},"statements":{"total":4193,"covered":3386,"skipped":0,"pct":80.75},"functions":{"total":1494,"covered":1127,"skipped":0,"pct":75.43},"branches":{"total":3844,"covered":2842,"skipped":0,"pct":73.93},"branchesTrue":{"total":0,"covered":0,"skipped":0,"pct":100}}
,"/home/dan/wrench/src/App.css": {"lines":{"total":0,"covered":0,"skipped":0,"pct":0},"functions":{"total":0,"covered":0,"skipped":0,"pct":0},"statements":{"total":0,"covered":0,"skipped":0,"pct":0},"branches":{"total":0,"covered":0,"skipped":0,"pct":0}}
,"/home/dan/wrench/src/App.tsx": {"lines":{"total":1,"covered":1,"skipped":0,"pct":100},"functions":{"total":1,"covered":1,"skipped":0,"pct":100},"statements":{"total":1,"covered":1,"skipped":0,"pct":100},"branches":{"total":0,"covered":0,"skipped":0,"pct":100}}
,"/home/dan/wrench/src/api/client.ts": {"lines":{"total":91,"covered":61,"skipped":0,"pct":67.03},"functions":{"total":13,"covered":9,"skipped":0,"pct":69.23},"statements":{"total":97,"covered":63,"skipped":0,"pct":64.94},"branches":{"total":76,"covered":35,"skipped":0,"pct":46.05}}
,"/home/dan/wrench/src/api/services/activity.ts": {"lines":{"total":7,"covered":7,"skipped":0,"pct":100},"functions":{"total":3,"covered":3,"skipped":0,"pct":100},"statements":{"total":7,"covered":7,"skipped":0,"pct":100},"branches":{"total":2,"covered":2,"skipped":0,"pct":100}}
,"/home/dan/wrench/src/api/services/admin.ts": {"lines":{"total":19,"covered":19,"skipped":0,"pct":100},"functions":{"total":9,"covered":9,"skipped":0,"pct":100},"statements":{"total":19,"covered":19,"skipped":0,"pct":100},"branches":{"total":4,"covered":4,"skipped":0,"pct":100}}
,"/home/dan/wrench/src/api/services/ai.ts": {"lines":{"total":7,"covered":7,"skipped":0,"pct":100},"functions":{"total":3,"covered":3,"skipped":0,"pct":100},"statements":{"total":7,"covered":7,"skipped":0,"pct":100},"branches":{"total":0,"covered":0,"skipped":0,"pct":100}}
,"/home/dan/wrench/src/api/services/analytics.service.ts": {"lines":{"total":19,"covered":19,"skipped":0,"pct":100},"functions":{"total":10,"covered":10,"skipped":0,"pct":100},"statements":{"total":19,"covered":19,"skipped":0,"pct":100},"branches":{"total":0,"covered":0,"skipped":0,"pct":100}}
,"/home/dan/wrench/src/api/services/auth.ts": {"lines":{"total":24,"covered":24,"skipped":0,"pct":100},"functions":{"total":11,"covered":11,"skipped":0,"pct":100},"statements":{"total":24,"covered":24,"skipped":0,"pct":100},"branches":{"total":0,"covered":0,"skipped":0,"pct":100}}
,"/home/dan/wrench/src/api/services/contact.ts": {"lines":{"total":3,"covered":3,"skipped":0,"pct":100},"functions":{"total":1,"covered":1,"skipped":0,"pct":100},"statements":{"total":3,"covered":3,"skipped":0,"pct":100},"branches":{"total":0,"covered":0,"skipped":0,"pct":100}}
,"/home/dan/wrench/src/api/services/disputes.ts": {"lines":{"total":11,"covered":11,"skipped":0,"pct":100},"functions":{"total":5,"covered":5,"skipped":0,"pct":100},"statements":{"total":11,"covered":11,"skipped":0,"pct":100},"branches":{"total":1,"covered":1,"skipped":0,"pct":100}}
,"/home/dan/wrench/src/api/services/gamification.ts": {"lines":{"total":11,"covered":11,"skipped":0,"pct":100},"functions":{"total":5,"covered":5,"skipped":0,"pct":100},"statements":{"total":11,"covered":11,"skipped":0,"pct":100},"branches":{"total":2,"covered":2,"skipped":0,"pct":100}}
,"/home/dan/wrench/src/api/services/geocoding.ts": {"lines":{"total":5,"covered":5,"skipped":0,"pct":100},"functions":{"total":1,"covered":1,"skipped":0,"pct":100},"statements":{"total":5,"covered":5,"skipped":0,"pct":100},"branches":{"total":2,"covered":2,"skipped":0,"pct":100}}
,"/home/dan/wrench/src/api/services/index.ts": {"lines":{"total":0,"covered":0,"skipped":0,"pct":0},"functions":{"total":0,"covered":0,"skipped":0,"pct":0},"statements":{"total":0,"covered":0,"skipped":0,"pct":0},"branches":{"total":0,"covered":0,"skipped":0,"pct":0}}
,"/home/dan/wrench/src/api/services/messages.ts": {"lines":{"total":13,"covered":13,"skipped":0,"pct":100},"functions":{"total":6,"covered":6,"skipped":0,"pct":100},"statements":{"total":13,"covered":13,"skipped":0,"pct":100},"branches":{"total":1,"covered":1,"skipped":0,"pct":100}}
,"/home/dan/wrench/src/api/services/quickAccept.ts": {"lines":{"total":11,"covered":11,"skipped":0,"pct":100},"functions":{"total":5,"covered":5,"skipped":0,"pct":100},"statements":{"total":11,"covered":11,"skipped":0,"pct":100},"branches":{"total":1,"covered":1,"skipped":0,"pct":100}}
,"/home/dan/wrench/src/api/services/referrals.ts": {"lines":{"total":13,"covered":13,"skipped":0,"pct":100},"functions":{"total":6,"covered":6,"skipped":0,"pct":100},"statements":{"total":13,"covered":13,"skipped":0,"pct":100},"branches":{"total":0,"covered":0,"skipped":0,"pct":100}}
,"/home/dan/wrench/src/api/services/requests.ts": {"lines":{"total":13,"covered":13,"skipped":0,"pct":100},"functions":{"total":6,"covered":6,"skipped":0,"pct":100},"statements":{"total":13,"covered":13,"skipped":0,"pct":100},"branches":{"total":1,"covered":1,"skipped":0,"pct":100}}
,"/home/dan/wrench/src/api/services/reviews.ts": {"lines":{"total":11,"covered":11,"skipped":0,"pct":100},"functions":{"total":5,"covered":5,"skipped":0,"pct":100},"statements":{"total":11,"covered":11,"skipped":0,"pct":100},"branches":{"total":1,"covered":1,"skipped":0,"pct":100}}
,"/home/dan/wrench/src/api/services/savedSearches.ts": {"lines":{"total":9,"covered":9,"skipped":0,"pct":100},"functions":{"total":4,"covered":4,"skipped":0,"pct":100},"statements":{"total":9,"covered":9,"skipped":0,"pct":100},"branches":{"total":0,"covered":0,"skipped":0,"pct":100}}
,"/home/dan/wrench/src/api/services/services.ts": {"lines":{"total":13,"covered":13,"skipped":0,"pct":100},"functions":{"total":6,"covered":6,"skipped":0,"pct":100},"statements":{"total":13,"covered":13,"skipped":0,"pct":100},"branches":{"total":1,"covered":1,"skipped":0,"pct":100}}
,"/home/dan/wrench/src/api/services/spaces.ts": {"lines":{"total":13,"covered":13,"skipped":0,"pct":100},"functions":{"total":6,"covered":6,"skipped":0,"pct":100},"statements":{"total":13,"covered":13,"skipped":0,"pct":100},"branches":{"total":1,"covered":1,"skipped":0,"pct":100}}
,"/home/dan/wrench/src/api/services/stats.ts": {"lines":{"total":5,"covered":3,"skipped":0,"pct":60},"functions":{"total":2,"covered":1,"skipped":0,"pct":50},"statements":{"total":5,"covered":3,"skipped":0,"pct":60},"branches":{"total":0,"covered":0,"skipped":0,"pct":100}}
,"/home/dan/wrench/src/api/services/tools.ts": {"lines":{"total":13,"covered":13,"skipped":0,"pct":100},"functions":{"total":6,"covered":6,"skipped":0,"pct":100},"statements":{"total":13,"covered":13,"skipped":0,"pct":100},"branches":{"total":1,"covered":1,"skipped":0,"pct":100}}
,"/home/dan/wrench/src/api/services/transactions.ts": {"lines":{"total":13,"covered":13,"skipped":0,"pct":100},"functions":{"total":6,"covered":6,"skipped":0,"pct":100},"statements":{"total":13,"covered":13,"skipped":0,"pct":100},"branches":{"total":1,"covered":1,"skipped":0,"pct":100}}
,"/home/dan/wrench/src/api/services/upload.ts": {"lines":{"total":14,"covered":14,"skipped":0,"pct":100},"functions":{"total":5,"covered":5,"skipped":0,"pct":100},"statements":{"total":14,"covered":14,"skipped":0,"pct":100},"branches":{"total":0,"covered":0,"skipped":0,"pct":100}}
,"/home/dan/wrench/src/api/services/users.ts": {"lines":{"total":9,"covered":9,"skipped":0,"pct":100},"functions":{"total":4,"covered":4,"skipped":0,"pct":100},"statements":{"total":9,"covered":9,"skipped":0,"pct":100},"branches":{"total":1,"covered":1,"skipped":0,"pct":100}}
,"/home/dan/wrench/src/components/CookieConsent.tsx": {"lines":{"total":24,"covered":22,"skipped":0,"pct":91.66},"functions":{"total":11,"covered":9,"skipped":0,"pct":81.81},"statements":{"total":26,"covered":24,"skipped":0,"pct":92.3},"branches":{"total":14,"covered":13,"skipped":0,"pct":92.85}}
,"/home/dan/wrench/src/components/EditRequestDialog.tsx": {"lines":{"total":61,"covered":33,"skipped":0,"pct":54.09},"functions":{"total":21,"covered":11,"skipped":0,"pct":52.38},"statements":{"total":65,"covered":34,"skipped":0,"pct":52.3},"branches":{"total":91,"covered":56,"skipped":0,"pct":61.53}}
,"/home/dan/wrench/src/components/ErrorBoundary.tsx": {"lines":{"total":20,"covered":19,"skipped":0,"pct":95},"functions":{"total":8,"covered":8,"skipped":0,"pct":100},"statements":{"total":20,"covered":19,"skipped":0,"pct":95},"branches":{"total":13,"covered":12,"skipped":0,"pct":92.3}}
,"/home/dan/wrench/src/components/MarketingFooter.tsx": {"lines":{"total":3,"covered":3,"skipped":0,"pct":100},"functions":{"total":2,"covered":2,"skipped":0,"pct":100},"statements":{"total":3,"covered":3,"skipped":0,"pct":100},"branches":{"total":0,"covered":0,"skipped":0,"pct":100}}
,"/home/dan/wrench/src/components/NotificationManager.tsx": {"lines":{"total":48,"covered":39,"skipped":0,"pct":81.25},"functions":{"total":17,"covered":11,"skipped":0,"pct":64.7},"statements":{"total":49,"covered":40,"skipped":0,"pct":81.63},"branches":{"total":37,"covered":33,"skipped":0,"pct":89.18}}
,"/home/dan/wrench/src/components/PageErrorBoundary.tsx": {"lines":{"total":2,"covered":1,"skipped":0,"pct":50},"functions":{"total":1,"covered":0,"skipped":0,"pct":0},"statements":{"total":2,"covered":1,"skipped":0,"pct":50},"branches":{"total":0,"covered":0,"skipped":0,"pct":100}}
,"/home/dan/wrench/src/components/RequestResponseDialog.tsx": {"lines":{"total":56,"covered":29,"skipped":0,"pct":51.78},"functions":{"total":14,"covered":6,"skipped":0,"pct":42.85},"statements":{"total":61,"covered":29,"skipped":0,"pct":47.54},"branches":{"total":47,"covered":24,"skipped":0,"pct":51.06}}
,"/home/dan/wrench/src/components/RequireAdmin.tsx": {"lines":{"total":11,"covered":11,"skipped":0,"pct":100},"functions":{"total":1,"covered":1,"skipped":0,"pct":100},"statements":{"total":11,"covered":11,"skipped":0,"pct":100},"branches":{"total":8,"covered":8,"skipped":0,"pct":100}}
,"/home/dan/wrench/src/components/RequireAuth.tsx": {"lines":{"total":9,"covered":9,"skipped":0,"pct":100},"functions":{"total":1,"covered":1,"skipped":0,"pct":100},"statements":{"total":9,"covered":9,"skipped":0,"pct":100},"branches":{"total":6,"covered":5,"skipped":0,"pct":83.33}}
,"/home/dan/wrench/src/components/RouteErrorBoundary.tsx": {"lines":{"total":23,"covered":10,"skipped":0,"pct":43.47},"functions":{"total":8,"covered":5,"skipped":0,"pct":62.5},"statements":{"total":23,"covered":10,"skipped":0,"pct":43.47},"branches":{"total":20,"covered":8,"skipped":0,"pct":40}}
,"/home/dan/wrench/src/components/RouteNormalizer.tsx": {"lines":{"total":19,"covered":19,"skipped":0,"pct":100},"functions":{"total":4,"covered":4,"skipped":0,"pct":100},"statements":{"total":19,"covered":19,"skipped":0,"pct":100},"branches":{"total":14,"covered":14,"skipped":0,"pct":100}}
,"/home/dan/wrench/src/components/SEO.tsx": {"lines":{"total":48,"covered":48,"skipped":0,"pct":100},"functions":{"total":11,"covered":11,"skipped":0,"pct":100},"statements":{"total":50,"covered":50,"skipped":0,"pct":100},"branches":{"total":28,"covered":27,"skipped":0,"pct":96.42}}
,"/home/dan/wrench/src/components/auth/AuthPage.tsx": {"lines":{"total":97,"covered":56,"skipped":0,"pct":57.73},"functions":{"total":39,"covered":20,"skipped":0,"pct":51.28},"statements":{"total":103,"covered":59,"skipped":0,"pct":57.28},"branches":{"total":64,"covered":39,"skipped":0,"pct":60.93}}
,"/home/dan/wrench/src/components/create/LivePreviewCard.tsx": {"lines":{"total":10,"covered":10,"skipped":0,"pct":100},"functions":{"total":1,"covered":1,"skipped":0,"pct":100},"statements":{"total":10,"covered":10,"skipped":0,"pct":100},"branches":{"total":44,"covered":43,"skipped":0,"pct":97.72}}
,"/home/dan/wrench/src/components/create/ProgressStep.tsx": {"lines":{"total":3,"covered":3,"skipped":0,"pct":100},"functions":{"total":1,"covered":1,"skipped":0,"pct":100},"statements":{"total":3,"covered":3,"skipped":0,"pct":100},"branches":{"total":12,"covered":12,"skipped":0,"pct":100}}
,"/home/dan/wrench/src/components/create/StepIndicator.tsx": {"lines":{"total":2,"covered":2,"skipped":0,"pct":100},"functions":{"total":2,"covered":2,"skipped":0,"pct":100},"statements":{"total":2,"covered":2,"skipped":0,"pct":100},"branches":{"total":11,"covered":11,"skipped":0,"pct":100}}
,"/home/dan/wrench/src/components/create/SuccessCelebration.tsx": {"lines":{"total":13,"covered":13,"skipped":0,"pct":100},"functions":{"total":5,"covered":5,"skipped":0,"pct":100},"statements":{"total":14,"covered":14,"skipped":0,"pct":100},"branches":{"total":10,"covered":10,"skipped":0,"pct":100}}
,"/home/dan/wrench/src/components/create/index.ts": {"lines":{"total":0,"covered":0,"skipped":0,"pct":0},"functions":{"total":0,"covered":0,"skipped":0,"pct":0},"statements":{"total":0,"covered":0,"skipped":0,"pct":0},"branches":{"total":0,"covered":0,"skipped":0,"pct":0}}
,"/home/dan/wrench/src/components/create/types.ts": {"lines":{"total":12,"covered":12,"skipped":0,"pct":100},"functions":{"total":0,"covered":0,"skipped":0,"pct":100},"statements":{"total":12,"covered":12,"skipped":0,"pct":100},"branches":{"total":0,"covered":0,"skipped":0,"pct":100}}
,"/home/dan/wrench/src/components/feed/EmptyState.tsx": {"lines":{"total":3,"covered":3,"skipped":0,"pct":100},"functions":{"total":2,"covered":2,"skipped":0,"pct":100},"statements":{"total":3,"covered":3,"skipped":0,"pct":100},"branches":{"total":3,"covered":3,"skipped":0,"pct":100}}
,"/home/dan/wrench/src/components/feed/FeedFilters.tsx": {"lines":{"total":11,"covered":10,"skipped":0,"pct":90.9},"functions":{"total":9,"covered":8,"skipped":0,"pct":88.88},"statements":{"total":11,"covered":10,"skipped":0,"pct":90.9},"branches":{"total":34,"covered":34,"skipped":0,"pct":100}}
,"/home/dan/wrench/src/components/feed/LiveActivityFeed.tsx": {"lines":{"total":40,"covered":36,"skipped":0,"pct":90},"functions":{"total":15,"covered":12,"skipped":0,"pct":80},"statements":{"total":43,"covered":38,"skipped":0,"pct":88.37},"branches":{"total":36,"covered":29,"skipped":0,"pct":80.55}}
,"/home/dan/wrench/src/components/feed/RequestCard.tsx": {"lines":{"total":55,"covered":41,"skipped":0,"pct":74.54},"functions":{"total":13,"covered":7,"skipped":0,"pct":53.84},"statements":{"total":57,"covered":41,"skipped":0,"pct":71.92},"branches":{"total":83,"covered":57,"skipped":0,"pct":68.67}}
,"/home/dan/wrench/src/components/gamification/BadgeDisplay.tsx": {"lines":{"total":25,"covered":17,"skipped":0,"pct":68},"functions":{"total":15,"covered":9,"skipped":0,"pct":60},"statements":{"total":27,"covered":18,"skipped":0,"pct":66.66},"branches":{"total":65,"covered":33,"skipped":0,"pct":50.76}}
,"/home/dan/wrench/src/components/listing/BundleSuggestions.tsx": {"lines":{"total":17,"covered":10,"skipped":0,"pct":58.82},"functions":{"total":10,"covered":5,"skipped":0,"pct":50},"statements":{"total":19,"covered":10,"skipped":0,"pct":52.63},"branches":{"total":23,"covered":20,"skipped":0,"pct":86.95}}
,"/home/dan/wrench/src/components/listing/ToolWizard.tsx": {"lines":{"total":144,"covered":131,"skipped":0,"pct":90.97},"functions":{"total":73,"covered":63,"skipped":0,"pct":86.3},"statements":{"total":166,"covered":147,"skipped":0,"pct":88.55},"branches":{"total":217,"covered":190,"skipped":0,"pct":87.55}}
,"/home/dan/wrench/src/components/offer/PhotoUploader.tsx": {"lines":{"total":15,"covered":14,"skipped":0,"pct":93.33},"functions":{"total":7,"covered":6,"skipped":0,"pct":85.71},"statements":{"total":17,"covered":16,"skipped":0,"pct":94.11},"branches":{"total":10,"covered":10,"skipped":0,"pct":100}}
,"/home/dan/wrench/src/components/offer/PostcodeInput.tsx": {"lines":{"total":4,"covered":4,"skipped":0,"pct":100},"functions":{"total":2,"covered":2,"skipped":0,"pct":100},"statements":{"total":4,"covered":4,"skipped":0,"pct":100},"branches":{"total":6,"covered":6,"skipped":0,"pct":100}}
,"/home/dan/wrench/src/components/profile/ActivityTimeline.tsx": {"lines":{"total":33,"covered":28,"skipped":0,"pct":84.84},"functions":{"total":13,"covered":11,"skipped":0,"pct":84.61},"statements":{"total":33,"covered":28,"skipped":0,"pct":84.84},"branches":{"total":37,"covered":27,"skipped":0,"pct":72.97}}
,"/home/dan/wrench/src/components/profile/AddSpaceDialog.tsx": {"lines":{"total":47,"covered":19,"skipped":0,"pct":40.42},"functions":{"total":28,"covered":7,"skipped":0,"pct":25},"statements":{"total":50,"covered":19,"skipped":0,"pct":38},"branches":{"total":50,"covered":23,"skipped":0,"pct":46}}
,"/home/dan/wrench/src/components/profile/AddToolDialog.tsx": {"lines":{"total":40,"covered":17,"skipped":0,"pct":42.5},"functions":{"total":25,"covered":8,"skipped":0,"pct":32},"statements":{"total":42,"covered":17,"skipped":0,"pct":40.47},"branches":{"total":44,"covered":21,"skipped":0,"pct":47.72}}
,"/home/dan/wrench/src/components/profile/EditProfileDialog.tsx": {"lines":{"total":98,"covered":33,"skipped":0,"pct":33.67},"functions":{"total":18,"covered":7,"skipped":0,"pct":38.88},"statements":{"total":106,"covered":37,"skipped":0,"pct":34.9},"branches":{"total":81,"covered":34,"skipped":0,"pct":41.97}}
,"/home/dan/wrench/src/components/profile/GettingStartedCard.tsx": {"lines":{"total":19,"covered":13,"skipped":0,"pct":68.42},"functions":{"total":9,"covered":4,"skipped":0,"pct":44.44},"statements":{"total":21,"covered":15,"skipped":0,"pct":71.42},"branches":{"total":31,"covered":28,"skipped":0,"pct":90.32}}
,"/home/dan/wrench/src/components/profile/MyReviews.tsx": {"lines":{"total":7,"covered":7,"skipped":0,"pct":100},"functions":{"total":3,"covered":3,"skipped":0,"pct":100},"statements":{"total":7,"covered":7,"skipped":0,"pct":100},"branches":{"total":10,"covered":9,"skipped":0,"pct":90}}
,"/home/dan/wrench/src/components/profile/MySpaces.tsx": {"lines":{"total":20,"covered":19,"skipped":0,"pct":95},"functions":{"total":9,"covered":8,"skipped":0,"pct":88.88},"statements":{"total":23,"covered":22,"skipped":0,"pct":95.65},"branches":{"total":47,"covered":34,"skipped":0,"pct":72.34}}
,"/home/dan/wrench/src/components/profile/MyStats.tsx": {"lines":{"total":26,"covered":21,"skipped":0,"pct":80.76},"functions":{"total":14,"covered":9,"skipped":0,"pct":64.28},"statements":{"total":29,"covered":22,"skipped":0,"pct":75.86},"branches":{"total":46,"covered":38,"skipped":0,"pct":82.6}}
,"/home/dan/wrench/src/components/profile/MyTools.tsx": {"lines":{"total":18,"covered":18,"skipped":0,"pct":100},"functions":{"total":9,"covered":9,"skipped":0,"pct":100},"statements":{"total":20,"covered":20,"skipped":0,"pct":100},"branches":{"total":14,"covered":14,"skipped":0,"pct":100}}
,"/home/dan/wrench/src/components/profile/PortfolioGallery.tsx": {"lines":{"total":30,"covered":21,"skipped":0,"pct":70},"functions":{"total":15,"covered":9,"skipped":0,"pct":60},"statements":{"total":31,"covered":22,"skipped":0,"pct":70.96},"branches":{"total":49,"covered":35,"skipped":0,"pct":71.42}}
,"/home/dan/wrench/src/components/profile/ProfileHeader.tsx": {"lines":{"total":24,"covered":13,"skipped":0,"pct":54.16},"functions":{"total":8,"covered":5,"skipped":0,"pct":62.5},"statements":{"total":26,"covered":14,"skipped":0,"pct":53.84},"branches":{"total":54,"covered":37,"skipped":0,"pct":68.51}}
,"/home/dan/wrench/src/components/profile/ProfileHero.tsx": {"lines":{"total":7,"covered":7,"skipped":0,"pct":100},"functions":{"total":3,"covered":3,"skipped":0,"pct":100},"statements":{"total":7,"covered":7,"skipped":0,"pct":100},"branches":{"total":37,"covered":35,"skipped":0,"pct":94.59}}
,"/home/dan/wrench/src/components/profile/ReviewsSection.tsx": {"lines":{"total":66,"covered":55,"skipped":0,"pct":83.33},"functions":{"total":27,"covered":19,"skipped":0,"pct":70.37},"statements":{"total":74,"covered":60,"skipped":0,"pct":81.08},"branches":{"total":82,"covered":53,"skipped":0,"pct":64.63}}
,"/home/dan/wrench/src/components/profile/SocialProofBar.tsx": {"lines":{"total":25,"covered":25,"skipped":0,"pct":100},"functions":{"total":5,"covered":5,"skipped":0,"pct":100},"statements":{"total":26,"covered":26,"skipped":0,"pct":100},"branches":{"total":20,"covered":19,"skipped":0,"pct":95}}
,"/home/dan/wrench/src/components/profile/TrustSignals.tsx": {"lines":{"total":44,"covered":29,"skipped":0,"pct":65.9},"functions":{"total":8,"covered":3,"skipped":0,"pct":37.5},"statements":{"total":52,"covered":30,"skipped":0,"pct":57.69},"branches":{"total":71,"covered":45,"skipped":0,"pct":63.38}}
,"/home/dan/wrench/src/components/profile/VerificationAlert.tsx": {"lines":{"total":5,"covered":5,"skipped":0,"pct":100},"functions":{"total":2,"covered":2,"skipped":0,"pct":100},"statements":{"total":5,"covered":5,"skipped":0,"pct":100},"branches":{"total":13,"covered":13,"skipped":0,"pct":100}}
,"/home/dan/wrench/src/components/provider/QuickAcceptCard.tsx": {"lines":{"total":33,"covered":14,"skipped":0,"pct":42.42},"functions":{"total":13,"covered":1,"skipped":0,"pct":7.69},"statements":{"total":34,"covered":15,"skipped":0,"pct":44.11},"branches":{"total":53,"covered":37,"skipped":0,"pct":69.81}}
,"/home/dan/wrench/src/components/ui/accordion.tsx": {"lines":{"total":10,"covered":10,"skipped":0,"pct":100},"functions":{"total":3,"covered":3,"skipped":0,"pct":100},"statements":{"total":10,"covered":10,"skipped":0,"pct":100},"branches":{"total":0,"covered":0,"skipped":0,"pct":100}}
,"/home/dan/wrench/src/components/ui/alert-dialog.tsx": {"lines":{"total":27,"covered":27,"skipped":0,"pct":100},"functions":{"total":8,"covered":8,"skipped":0,"pct":100},"statements":{"total":27,"covered":27,"skipped":0,"pct":100},"branches":{"total":0,"covered":0,"skipped":0,"pct":100}}
,"/home/dan/wrench/src/components/ui/alert.tsx": {"lines":{"total":10,"covered":9,"skipped":0,"pct":90},"functions":{"total":3,"covered":2,"skipped":0,"pct":66.66},"statements":{"total":10,"covered":9,"skipped":0,"pct":90},"branches":{"total":0,"covered":0,"skipped":0,"pct":100}}
,"/home/dan/wrench/src/components/ui/avatar.tsx": {"lines":{"total":10,"covered":10,"skipped":0,"pct":100},"functions":{"total":3,"covered":3,"skipped":0,"pct":100},"statements":{"total":10,"covered":10,"skipped":0,"pct":100},"branches":{"total":0,"covered":0,"skipped":0,"pct":100}}
,"/home/dan/wrench/src/components/ui/badge.tsx": {"lines":{"total":2,"covered":2,"skipped":0,"pct":100},"functions":{"total":1,"covered":1,"skipped":0,"pct":100},"statements":{"total":2,"covered":2,"skipped":0,"pct":100},"branches":{"total":0,"covered":0,"skipped":0,"pct":100}}
,"/home/dan/wrench/src/components/ui/button.tsx": {"lines":{"total":5,"covered":5,"skipped":0,"pct":100},"functions":{"total":1,"covered":1,"skipped":0,"pct":100},"statements":{"total":5,"covered":5,"skipped":0,"pct":100},"branches":{"total":3,"covered":3,"skipped":0,"pct":100}}
,"/home/dan/wrench/src/components/ui/card.tsx": {"lines":{"total":18,"covered":17,"skipped":0,"pct":94.44},"functions":{"total":6,"covered":5,"skipped":0,"pct":83.33},"statements":{"total":18,"covered":17,"skipped":0,"pct":94.44},"branches":{"total":0,"covered":0,"skipped":0,"pct":100}}
,"/home/dan/wrench/src/components/ui/checkbox.tsx": {"lines":{"total":3,"covered":3,"skipped":0,"pct":100},"functions":{"total":1,"covered":1,"skipped":0,"pct":100},"statements":{"total":3,"covered":3,"skipped":0,"pct":100},"branches":{"total":0,"covered":0,"skipped":0,"pct":100}}
,"/home/dan/wrench/src/components/ui/dialog.tsx": {"lines":{"total":23,"covered":21,"skipped":0,"pct":91.3},"functions":{"total":6,"covered":4,"skipped":0,"pct":66.66},"statements":{"total":23,"covered":21,"skipped":0,"pct":91.3},"branches":{"total":0,"covered":0,"skipped":0,"pct":100}}
,"/home/dan/wrench/src/components/ui/dropdown-menu.tsx": {"lines":{"total":34,"covered":34,"skipped":0,"pct":100},"functions":{"total":9,"covered":9,"skipped":0,"pct":100},"statements":{"total":34,"covered":34,"skipped":0,"pct":100},"branches":{"total":7,"covered":7,"skipped":0,"pct":100}}
,"/home/dan/wrench/src/components/ui/input.tsx": {"lines":{"total":3,"covered":3,"skipped":0,"pct":100},"functions":{"total":1,"covered":1,"skipped":0,"pct":100},"statements":{"total":3,"covered":3,"skipped":0,"pct":100},"branches":{"total":0,"covered":0,"skipped":0,"pct":100}}
,"/home/dan/wrench/src/components/ui/label.tsx": {"lines":{"total":4,"covered":4,"skipped":0,"pct":100},"functions":{"total":1,"covered":1,"skipped":0,"pct":100},"statements":{"total":4,"covered":4,"skipped":0,"pct":100},"branches":{"total":0,"covered":0,"skipped":0,"pct":100}}
,"/home/dan/wrench/src/components/ui/progress.tsx": {"lines":{"total":4,"covered":4,"skipped":0,"pct":100},"functions":{"total":1,"covered":1,"skipped":0,"pct":100},"statements":{"total":4,"covered":4,"skipped":0,"pct":100},"branches":{"total":2,"covered":2,"skipped":0,"pct":100}}
,"/home/dan/wrench/src/components/ui/select.tsx": {"lines":{"total":25,"covered":23,"skipped":0,"pct":92},"functions":{"total":7,"covered":5,"skipped":0,"pct":71.42},"statements":{"total":25,"covered":23,"skipped":0,"pct":92},"branches":{"total":5,"covered":5,"skipped":0,"pct":100}}
,"/home/dan/wrench/src/components/ui/sheet.tsx": {"lines":{"total":24,"covered":18,"skipped":0,"pct":75},"functions":{"total":6,"covered":0,"skipped":0,"pct":0},"statements":{"total":24,"covered":18,"skipped":0,"pct":75},"branches":{"total":1,"covered":0,"skipped":0,"pct":0}}
,"/home/dan/wrench/src/components/ui/skeleton.tsx": {"lines":{"total":1,"covered":1,"skipped":0,"pct":100},"functions":{"total":1,"covered":1,"skipped":0,"pct":100},"statements":{"total":1,"covered":1,"skipped":0,"pct":100},"branches":{"total":0,"covered":0,"skipped":0,"pct":100}}
,"/home/dan/wrench/src/components/ui/slider.tsx": {"lines":{"total":3,"covered":3,"skipped":0,"pct":100},"functions":{"total":1,"covered":1,"skipped":0,"pct":100},"statements":{"total":3,"covered":3,"skipped":0,"pct":100},"branches":{"total":0,"covered":0,"skipped":0,"pct":100}}
,"/home/dan/wrench/src/components/ui/sonner.tsx": {"lines":{"total":4,"covered":4,"skipped":0,"pct":100},"functions":{"total":1,"covered":1,"skipped":0,"pct":100},"statements":{"total":4,"covered":4,"skipped":0,"pct":100},"branches":{"total":1,"covered":1,"skipped":0,"pct":100}}
,"/home/dan/wrench/src/components/ui/switch.tsx": {"lines":{"total":3,"covered":3,"skipped":0,"pct":100},"functions":{"total":1,"covered":1,"skipped":0,"pct":100},"statements":{"total":3,"covered":3,"skipped":0,"pct":100},"branches":{"total":0,"covered":0,"skipped":0,"pct":100}}
,"/home/dan/wrench/src/components/ui/tabs.tsx": {"lines":{"total":10,"covered":10,"skipped":0,"pct":100},"functions":{"total":3,"covered":3,"skipped":0,"pct":100},"statements":{"total":10,"covered":10,"skipped":0,"pct":100},"branches":{"total":0,"covered":0,"skipped":0,"pct":100}}
,"/home/dan/wrench/src/components/ui/textarea.tsx": {"lines":{"total":3,"covered":3,"skipped":0,"pct":100},"functions":{"total":1,"covered":1,"skipped":0,"pct":100},"statements":{"total":3,"covered":3,"skipped":0,"pct":100},"branches":{"total":0,"covered":0,"skipped":0,"pct":100}}
,"/home/dan/wrench/src/components/ui/toast.tsx": {"lines":{"total":22,"covered":22,"skipped":0,"pct":100},"functions":{"total":7,"covered":7,"skipped":0,"pct":100},"statements":{"total":22,"covered":22,"skipped":0,"pct":100},"branches":{"total":0,"covered":0,"skipped":0,"pct":100}}
,"/home/dan/wrench/src/components/ui/toaster.tsx": {"lines":{"total":3,"covered":3,"skipped":0,"pct":100},"functions":{"total":2,"covered":2,"skipped":0,"pct":100},"statements":{"total":3,"covered":3,"skipped":0,"pct":100},"branches":{"total":4,"covered":4,"skipped":0,"pct":100}}
,"/home/dan/wrench/src/components/ui/tooltip.tsx": {"lines":{"total":7,"covered":7,"skipped":0,"pct":100},"functions":{"total":1,"covered":1,"skipped":0,"pct":100},"statements":{"total":7,"covered":7,"skipped":0,"pct":100},"branches":{"total":1,"covered":1,"skipped":0,"pct":100}}
,"/home/dan/wrench/src/components/ui/use-toast.tsx": {"lines":{"total":57,"covered":50,"skipped":0,"pct":87.71},"functions":{"total":19,"covered":16,"skipped":0,"pct":84.21},"statements":{"total":58,"covered":51,"skipped":0,"pct":87.93},"branches":{"total":23,"covered":17,"skipped":0,"pct":73.91}}
,"/home/dan/wrench/src/hooks/use-auth.tsx": {"lines":{"total":28,"covered":24,"skipped":0,"pct":85.71},"functions":{"total":9,"covered":7,"skipped":0,"pct":77.77},"statements":{"total":28,"covered":24,"skipped":0,"pct":85.71},"branches":{"total":14,"covered":13,"skipped":0,"pct":92.85}}
,"/home/dan/wrench/src/hooks/use-haptics.ts": {"lines":{"total":45,"covered":38,"skipped":0,"pct":84.44},"functions":{"total":14,"covered":9,"skipped":0,"pct":64.28},"statements":{"total":48,"covered":40,"skipped":0,"pct":83.33},"branches":{"total":27,"covered":22,"skipped":0,"pct":81.48}}
,"/home/dan/wrench/src/hooks/use-mobile.ts": {"lines":{"total":10,"covered":9,"skipped":0,"pct":90},"functions":{"total":4,"covered":3,"skipped":0,"pct":75},"statements":{"total":11,"covered":10,"skipped":0,"pct":90.9},"branches":{"total":0,"covered":0,"skipped":0,"pct":100}}
,"/home/dan/wrench/src/hooks/use-realtime-activity.ts": {"lines":{"total":60,"covered":54,"skipped":0,"pct":90},"functions":{"total":21,"covered":19,"skipped":0,"pct":90.47},"statements":{"total":65,"covered":59,"skipped":0,"pct":90.76},"branches":{"total":22,"covered":15,"skipped":0,"pct":68.18}}
,"/home/dan/wrench/src/hooks/use-socket.ts": {"lines":{"total":55,"covered":48,"skipped":0,"pct":87.27},"functions":{"total":13,"covered":10,"skipped":0,"pct":76.92},"statements":{"total":55,"covered":48,"skipped":0,"pct":87.27},"branches":{"total":15,"covered":11,"skipped":0,"pct":73.33}}
,"/home/dan/wrench/src/lib/animations.ts": {"lines":{"total":44,"covered":44,"skipped":0,"pct":100},"functions":{"total":3,"covered":3,"skipped":0,"pct":100},"statements":{"total":44,"covered":44,"skipped":0,"pct":100},"branches":{"total":9,"covered":6,"skipped":0,"pct":66.66}}
,"/home/dan/wrench/src/lib/colors.ts": {"lines":{"total":4,"covered":4,"skipped":0,"pct":100},"functions":{"total":0,"covered":0,"skipped":0,"pct":100},"statements":{"total":4,"covered":4,"skipped":0,"pct":100},"branches":{"total":0,"covered":0,"skipped":0,"pct":100}}
,"/home/dan/wrench/src/lib/utils.ts": {"lines":{"total":1,"covered":1,"skipped":0,"pct":100},"functions":{"total":1,"covered":1,"skipped":0,"pct":100},"statements":{"total":1,"covered":1,"skipped":0,"pct":100},"branches":{"total":0,"covered":0,"skipped":0,"pct":100}}
,"/home/dan/wrench/src/pages/About.tsx": {"lines":{"total":9,"covered":7,"skipped":0,"pct":77.77},"functions":{"total":5,"covered":3,"skipped":0,"pct":60},"statements":{"total":9,"covered":7,"skipped":0,"pct":77.77},"branches":{"total":0,"covered":0,"skipped":0,"pct":100}}
,"/home/dan/wrench/src/pages/Admin.tsx": {"lines":{"total":109,"covered":94,"skipped":0,"pct":86.23},"functions":{"total":55,"covered":44,"skipped":0,"pct":80},"statements":{"total":122,"covered":107,"skipped":0,"pct":87.7},"branches":{"total":125,"covered":72,"skipped":0,"pct":57.6}}
,"/home/dan/wrench/src/pages/AdminAnalytics.tsx": {"lines":{"total":65,"covered":41,"skipped":0,"pct":63.07},"functions":{"total":39,"covered":25,"skipped":0,"pct":64.1},"statements":{"total":72,"covered":44,"skipped":0,"pct":61.11},"branches":{"total":98,"covered":60,"skipped":0,"pct":61.22}}
,"/home/dan/wrench/src/pages/Analytics.tsx": {"lines":{"total":36,"covered":36,"skipped":0,"pct":100},"functions":{"total":20,"covered":20,"skipped":0,"pct":100},"statements":{"total":43,"covered":43,"skipped":0,"pct":100},"branches":{"total":32,"covered":26,"skipped":0,"pct":81.25}}
,"/home/dan/wrench/src/pages/Calendar.tsx": {"lines":{"total":63,"covered":61,"skipped":0,"pct":96.82},"functions":{"total":18,"covered":17,"skipped":0,"pct":94.44},"statements":{"total":66,"covered":61,"skipped":0,"pct":92.42},"branches":{"total":68,"covered":57,"skipped":0,"pct":83.82}}
,"/home/dan/wrench/src/pages/Chat.tsx": {"lines":{"total":102,"covered":85,"skipped":0,"pct":83.33},"functions":{"total":24,"covered":18,"skipped":0,"pct":75},"statements":{"total":108,"covered":88,"skipped":0,"pct":81.48},"branches":{"total":137,"covered":95,"skipped":0,"pct":69.34}}
,"/home/dan/wrench/src/pages/Contact.tsx": {"lines":{"total":23,"covered":23,"skipped":0,"pct":100},"functions":{"total":7,"covered":7,"skipped":0,"pct":100},"statements":{"total":23,"covered":23,"skipped":0,"pct":100},"branches":{"total":6,"covered":6,"skipped":0,"pct":100}}
,"/home/dan/wrench/src/pages/Cookies.tsx": {"lines":{"total":8,"covered":7,"skipped":0,"pct":87.5},"functions":{"total":6,"covered":5,"skipped":0,"pct":83.33},"statements":{"total":8,"covered":7,"skipped":0,"pct":87.5},"branches":{"total":9,"covered":9,"skipped":0,"pct":100}}
,"/home/dan/wrench/src/pages/Create.tsx": {"lines":{"total":179,"covered":145,"skipped":0,"pct":81},"functions":{"total":94,"covered":62,"skipped":0,"pct":65.95},"statements":{"total":229,"covered":172,"skipped":0,"pct":75.1},"branches":{"total":329,"covered":283,"skipped":0,"pct":86.01}}
,"/home/dan/wrench/src/pages/DisputeResolution.tsx": {"lines":{"total":30,"covered":19,"skipped":0,"pct":63.33},"functions":{"total":9,"covered":5,"skipped":0,"pct":55.55},"statements":{"total":31,"covered":19,"skipped":0,"pct":61.29},"branches":{"total":30,"covered":21,"skipped":0,"pct":70}}
,"/home/dan/wrench/src/pages/Feed.tsx": {"lines":{"total":58,"covered":49,"skipped":0,"pct":84.48},"functions":{"total":24,"covered":17,"skipped":0,"pct":70.83},"statements":{"total":60,"covered":51,"skipped":0,"pct":85},"branches":{"total":46,"covered":39,"skipped":0,"pct":84.78}}
,"/home/dan/wrench/src/pages/Home.tsx": {"lines":{"total":33,"covered":26,"skipped":0,"pct":78.78},"functions":{"total":11,"covered":8,"skipped":0,"pct":72.72},"statements":{"total":34,"covered":27,"skipped":0,"pct":79.41},"branches":{"total":30,"covered":16,"skipped":0,"pct":53.33}}
,"/home/dan/wrench/src/pages/HowItWorks.tsx": {"lines":{"total":10,"covered":8,"skipped":0,"pct":80},"functions":{"total":6,"covered":4,"skipped":0,"pct":66.66},"statements":{"total":10,"covered":8,"skipped":0,"pct":80},"branches":{"total":0,"covered":0,"skipped":0,"pct":100}}
,"/home/dan/wrench/src/pages/Layout.tsx": {"lines":{"total":82,"covered":56,"skipped":0,"pct":68.29},"functions":{"total":31,"covered":22,"skipped":0,"pct":70.96},"statements":{"total":89,"covered":60,"skipped":0,"pct":67.41},"branches":{"total":97,"covered":46,"skipped":0,"pct":47.42}}
,"/home/dan/wrench/src/pages/MapView.tsx": {"lines":{"total":55,"covered":41,"skipped":0,"pct":74.54},"functions":{"total":15,"covered":11,"skipped":0,"pct":73.33},"statements":{"total":60,"covered":42,"skipped":0,"pct":70},"branches":{"total":54,"covered":31,"skipped":0,"pct":57.4}}
,"/home/dan/wrench/src/pages/Messages.tsx": {"lines":{"total":95,"covered":74,"skipped":0,"pct":77.89},"functions":{"total":32,"covered":24,"skipped":0,"pct":75},"statements":{"total":101,"covered":76,"skipped":0,"pct":75.24},"branches":{"total":166,"covered":128,"skipped":0,"pct":77.1}}
,"/home/dan/wrench/src/pages/NotFound.tsx": {"lines":{"total":4,"covered":4,"skipped":0,"pct":100},"functions":{"total":2,"covered":2,"skipped":0,"pct":100},"statements":{"total":4,"covered":4,"skipped":0,"pct":100},"branches":{"total":0,"covered":0,"skipped":0,"pct":100}}
,"/home/dan/wrench/src/pages/Payment.tsx": {"lines":{"total":61,"covered":59,"skipped":0,"pct":96.72},"functions":{"total":16,"covered":16,"skipped":0,"pct":100},"statements":{"total":66,"covered":64,"skipped":0,"pct":96.96},"branches":{"total":40,"covered":35,"skipped":0,"pct":87.5}}
,"/home/dan/wrench/src/pages/Pricing.tsx": {"lines":{"total":6,"covered":6,"skipped":0,"pct":100},"functions":{"total":4,"covered":4,"skipped":0,"pct":100},"statements":{"total":6,"covered":6,"skipped":0,"pct":100},"branches":{"total":8,"covered":8,"skipped":0,"pct":100}}
,"/home/dan/wrench/src/pages/Privacy.tsx": {"lines":{"total":11,"covered":8,"skipped":0,"pct":72.72},"functions":{"total":8,"covered":5,"skipped":0,"pct":62.5},"statements":{"total":11,"covered":8,"skipped":0,"pct":72.72},"branches":{"total":10,"covered":10,"skipped":0,"pct":100}}
,"/home/dan/wrench/src/pages/Profile.tsx": {"lines":{"total":48,"covered":45,"skipped":0,"pct":93.75},"functions":{"total":14,"covered":10,"skipped":0,"pct":71.42},"statements":{"total":49,"covered":45,"skipped":0,"pct":91.83},"branches":{"total":46,"covered":38,"skipped":0,"pct":82.6}}
,"/home/dan/wrench/src/pages/ProviderDashboard.tsx": {"lines":{"total":23,"covered":19,"skipped":0,"pct":82.6},"functions":{"total":14,"covered":8,"skipped":0,"pct":57.14},"statements":{"total":23,"covered":19,"skipped":0,"pct":82.6},"branches":{"total":26,"covered":22,"skipped":0,"pct":84.61}}
,"/home/dan/wrench/src/pages/Referrals.tsx": {"lines":{"total":45,"covered":41,"skipped":0,"pct":91.11},"functions":{"total":18,"covered":16,"skipped":0,"pct":88.88},"statements":{"total":48,"covered":41,"skipped":0,"pct":85.41},"branches":{"total":34,"covered":26,"skipped":0,"pct":76.47}}
,"/home/dan/wrench/src/pages/RefundPolicy.tsx": {"lines":{"total":5,"covered":5,"skipped":0,"pct":100},"functions":{"total":3,"covered":3,"skipped":0,"pct":100},"statements":{"total":5,"covered":5,"skipped":0,"pct":100},"branches":{"total":6,"covered":5,"skipped":0,"pct":83.33}}
,"/home/dan/wrench/src/pages/RequestDetail.tsx": {"lines":{"total":51,"covered":44,"skipped":0,"pct":86.27},"functions":{"total":18,"covered":12,"skipped":0,"pct":66.66},"statements":{"total":53,"covered":44,"skipped":0,"pct":83.01},"branches":{"total":83,"covered":65,"skipped":0,"pct":78.31}}
,"/home/dan/wrench/src/pages/ResetPassword.tsx": {"lines":{"total":34,"covered":25,"skipped":0,"pct":73.52},"functions":{"total":8,"covered":6,"skipped":0,"pct":75},"statements":{"total":34,"covered":25,"skipped":0,"pct":73.52},"branches":{"total":20,"covered":14,"skipped":0,"pct":70}}
,"/home/dan/wrench/src/pages/Resources.tsx": {"lines":{"total":6,"covered":6,"skipped":0,"pct":100},"functions":{"total":4,"covered":4,"skipped":0,"pct":100},"statements":{"total":6,"covered":6,"skipped":0,"pct":100},"branches":{"total":0,"covered":0,"skipped":0,"pct":100}}
,"/home/dan/wrench/src/pages/Safety.tsx": {"lines":{"total":5,"covered":5,"skipped":0,"pct":100},"functions":{"total":3,"covered":3,"skipped":0,"pct":100},"statements":{"total":5,"covered":5,"skipped":0,"pct":100},"branches":{"total":0,"covered":0,"skipped":0,"pct":100}}
,"/home/dan/wrench/src/pages/SavedSearches.tsx": {"lines":{"total":51,"covered":44,"skipped":0,"pct":86.27},"functions":{"total":27,"covered":20,"skipped":0,"pct":74.07},"statements":{"total":52,"covered":44,"skipped":0,"pct":84.61},"branches":{"total":27,"covered":19,"skipped":0,"pct":70.37}}
,"/home/dan/wrench/src/pages/ServiceDetail.tsx": {"lines":{"total":29,"covered":28,"skipped":0,"pct":96.55},"functions":{"total":10,"covered":9,"skipped":0,"pct":90},"statements":{"total":29,"covered":28,"skipped":0,"pct":96.55},"branches":{"total":58,"covered":50,"skipped":0,"pct":86.2}}
,"/home/dan/wrench/src/pages/SpaceDetail.tsx": {"lines":{"total":30,"covered":29,"skipped":0,"pct":96.66},"functions":{"total":10,"covered":9,"skipped":0,"pct":90},"statements":{"total":32,"covered":31,"skipped":0,"pct":96.87},"branches":{"total":71,"covered":62,"skipped":0,"pct":87.32}}
,"/home/dan/wrench/src/pages/StartEarning.tsx": {"lines":{"total":8,"covered":8,"skipped":0,"pct":100},"functions":{"total":5,"covered":5,"skipped":0,"pct":100},"statements":{"total":8,"covered":8,"skipped":0,"pct":100},"branches":{"total":0,"covered":0,"skipped":0,"pct":100}}
,"/home/dan/wrench/src/pages/StartTransaction.tsx": {"lines":{"total":39,"covered":34,"skipped":0,"pct":87.17},"functions":{"total":14,"covered":8,"skipped":0,"pct":57.14},"statements":{"total":41,"covered":34,"skipped":0,"pct":82.92},"branches":{"total":43,"covered":24,"skipped":0,"pct":55.81}}
,"/home/dan/wrench/src/pages/SuccessStories.tsx": {"lines":{"total":12,"covered":11,"skipped":0,"pct":91.66},"functions":{"total":6,"covered":6,"skipped":0,"pct":100},"statements":{"total":12,"covered":11,"skipped":0,"pct":91.66},"branches":{"total":12,"covered":11,"skipped":0,"pct":91.66}}
,"/home/dan/wrench/src/pages/Terms.tsx": {"lines":{"total":9,"covered":7,"skipped":0,"pct":77.77},"functions":{"total":7,"covered":5,"skipped":0,"pct":71.42},"statements":{"total":9,"covered":7,"skipped":0,"pct":77.77},"branches":{"total":8,"covered":8,"skipped":0,"pct":100}}
,"/home/dan/wrench/src/pages/ToolDetail.tsx": {"lines":{"total":29,"covered":25,"skipped":0,"pct":86.2},"functions":{"total":9,"covered":5,"skipped":0,"pct":55.55},"statements":{"total":31,"covered":27,"skipped":0,"pct":87.09},"branches":{"total":53,"covered":39,"skipped":0,"pct":73.58}}
,"/home/dan/wrench/src/pages/TransactionDetail.tsx": {"lines":{"total":81,"covered":74,"skipped":0,"pct":91.35},"functions":{"total":23,"covered":17,"skipped":0,"pct":73.91},"statements":{"total":84,"covered":74,"skipped":0,"pct":88.09},"branches":{"total":116,"covered":81,"skipped":0,"pct":69.82}}
,"/home/dan/wrench/src/pages/Verification.tsx": {"lines":{"total":72,"covered":65,"skipped":0,"pct":90.27},"functions":{"total":23,"covered":21,"skipped":0,"pct":91.3},"statements":{"total":74,"covered":66,"skipped":0,"pct":89.18},"branches":{"total":54,"covered":44,"skipped":0,"pct":81.48}}
,"/home/dan/wrench/src/test/mockSetup.tsx": {"lines":{"total":39,"covered":38,"skipped":0,"pct":97.43},"functions":{"total":45,"covered":44,"skipped":0,"pct":97.77},"statements":{"total":39,"covered":38,"skipped":0,"pct":97.43},"branches":{"total":0,"covered":0,"skipped":0,"pct":100}}
,"/home/dan/wrench/src/utils/ab-testing.ts": {"lines":{"total":50,"covered":49,"skipped":0,"pct":98},"functions":{"total":13,"covered":13,"skipped":0,"pct":100},"statements":{"total":51,"covered":50,"skipped":0,"pct":98.03},"branches":{"total":18,"covered":16,"skipped":0,"pct":88.88}}
,"/home/dan/wrench/src/utils/index.ts": {"lines":{"total":14,"covered":13,"skipped":0,"pct":92.85},"functions":{"total":4,"covered":4,"skipped":0,"pct":100},"statements":{"total":15,"covered":14,"skipped":0,"pct":93.33},"branches":{"total":19,"covered":15,"skipped":0,"pct":78.94}}
}
