TN:
SF:src/App.css
FNF:0
FNH:0
LF:0
LH:0
BRF:0
BRH:0
end_of_record
TN:
SF:src/App.tsx
FN:5,App
FNF:1
FNH:1
FNDA:2,App
DA:6,2
LF:1
LH:1
BRF:0
BRH:0
end_of_record
TN:
SF:src/api/client.ts
FN:30,calculateBackoffDelay
FN:39,isRetryable
FN:66,sleep
FN:67,(anonymous_3)
FN:92,isCsrfTokenStale
FN:100,refreshCsrfToken
FN:116,getCsrfToken
FN:124,clearCsrfToken
FN:133,generateRequestId
FN:143,(anonymous_9)
FN:166,(anonymous_10)
FN:182,(anonymous_11)
FN:185,(anonymous_12)
FNF:13
FNH:9
FNDA:5,calculateBackoffDelay
FNDA:5,isRetryable
FNDA:5,sleep
FNDA:5,(anonymous_3)
FNDA:0,isCsrfTokenStale
FNDA:1,refreshCsrfToken
FNDA:0,getCsrfToken
FNDA:1,clearCsrfToken
FNDA:6,generateRequestId
FNDA:6,(anonymous_9)
FNDA:0,(anonymous_10)
FNDA:0,(anonymous_11)
FNDA:12,(anonymous_12)
DA:4,9
DA:7,9
DA:17,9
DA:31,5
DA:32,5
DA:33,5
DA:41,5
DA:42,0
DA:46,5
DA:47,5
DA:49,0
DA:50,0
DA:55,5
DA:56,5
DA:60,0
DA:67,5
DA:71,9
DA:80,9
DA:85,9
DA:86,9
DA:87,9
DA:93,0
DA:94,0
DA:101,1
DA:102,1
DA:103,1
DA:104,1
DA:105,1
DA:107,1
DA:108,1
DA:109,1
DA:117,0
DA:118,0
DA:125,1
DA:126,1
DA:134,6
DA:135,6
DA:138,0
DA:142,9
DA:144,6
DA:145,0
DA:150,6
DA:152,6
DA:153,6
DA:155,6
DA:156,0
DA:157,0
DA:158,0
DA:159,0
DA:164,6
DA:167,0
DA:172,9
DA:181,9
DA:183,0
DA:186,12
DA:189,12
DA:190,5
DA:191,5
DA:193,5
DA:194,5
DA:197,5
DA:198,0
DA:202,7
DA:204,6
DA:207,6
DA:209,1
DA:210,1
DA:211,1
DA:217,5
DA:219,1
DA:221,0
DA:223,0
DA:224,0
DA:225,0
DA:228,0
DA:229,0
DA:231,0
DA:233,0
DA:234,0
DA:238,0
DA:245,6
DA:246,6
DA:247,6
DA:248,6
DA:249,1
DA:251,0
DA:252,0
DA:253,0
DA:256,1
DA:257,1
DA:258,1
LF:91
LH:61
BRDA:4,0,0,9
BRDA:4,0,1,0
BRDA:41,1,0,0
BRDA:41,1,1,5
BRDA:41,2,0,5
BRDA:41,2,1,5
BRDA:46,3,0,5
BRDA:46,3,1,0
BRDA:47,4,0,0
BRDA:47,4,1,5
BRDA:49,5,0,0
BRDA:49,5,1,0
BRDA:49,6,0,0
BRDA:49,6,1,0
BRDA:55,7,0,5
BRDA:55,7,1,0
BRDA:93,8,0,0
BRDA:93,8,1,0
BRDA:93,9,0,0
BRDA:93,9,1,0
BRDA:117,10,0,0
BRDA:117,10,1,0
BRDA:134,11,0,6
BRDA:134,11,1,0
BRDA:134,12,0,6
BRDA:134,12,1,6
BRDA:144,13,0,0
BRDA:144,13,1,6
BRDA:152,14,0,6
BRDA:152,14,1,0
BRDA:155,15,0,0
BRDA:155,15,1,6
BRDA:156,16,0,0
BRDA:156,16,1,0
BRDA:158,17,0,0
BRDA:158,17,1,0
BRDA:189,18,0,5
BRDA:189,18,1,7
BRDA:189,19,0,12
BRDA:189,19,1,5
BRDA:190,20,0,5
BRDA:190,20,1,5
BRDA:193,21,0,5
BRDA:193,21,1,0
BRDA:202,22,0,6
BRDA:202,22,1,1
BRDA:207,23,0,1
BRDA:207,23,1,5
BRDA:209,24,0,1
BRDA:209,24,1,0
BRDA:210,25,0,1
BRDA:210,25,1,0
BRDA:210,26,0,1
BRDA:210,26,1,1
BRDA:217,27,0,1
BRDA:217,27,1,4
BRDA:219,28,0,0
BRDA:219,28,1,1
BRDA:221,29,0,0
BRDA:221,29,1,0
BRDA:223,30,0,0
BRDA:223,30,1,0
BRDA:225,31,0,0
BRDA:225,31,1,0
BRDA:231,32,0,0
BRDA:231,32,1,0
BRDA:231,33,0,0
BRDA:231,33,1,0
BRDA:238,34,0,0
BRDA:238,34,1,0
BRDA:245,35,0,6
BRDA:245,35,1,1
BRDA:249,36,0,0
BRDA:249,36,1,1
BRDA:256,37,0,1
BRDA:256,37,1,0
BRF:76
BRH:35
end_of_record
TN:
SF:src/api/services/activity.ts
FN:23,(anonymous_0)
FN:33,(anonymous_1)
FN:43,(anonymous_2)
FNF:3
FNH:3
FNDA:2,(anonymous_0)
FNDA:2,(anonymous_1)
FNDA:1,(anonymous_2)
DA:19,5
DA:24,2
DA:27,2
DA:34,2
DA:37,2
DA:44,1
DA:45,1
LF:7
LH:7
BRDA:23,0,0,2
BRDA:33,1,0,2
BRF:2
BRH:2
end_of_record
TN:
SF:src/api/services/admin.ts
FN:71,(anonymous_0)
FN:76,(anonymous_1)
FN:81,(anonymous_2)
FN:89,(anonymous_3)
FN:96,(anonymous_4)
FN:104,(anonymous_5)
FN:109,(anonymous_6)
FN:114,(anonymous_7)
FN:122,(anonymous_8)
FNF:9
FNH:9
FNDA:1,(anonymous_0)
FNDA:2,(anonymous_1)
FNDA:1,(anonymous_2)
FNDA:1,(anonymous_3)
FNDA:1,(anonymous_4)
FNDA:2,(anonymous_5)
FNDA:2,(anonymous_6)
FNDA:1,(anonymous_7)
FNDA:2,(anonymous_8)
DA:70,5
DA:72,1
DA:73,1
DA:77,2
DA:78,2
DA:82,1
DA:86,1
DA:90,1
DA:93,1
DA:97,1
DA:101,1
DA:105,2
DA:106,2
DA:110,2
DA:111,2
DA:115,1
DA:119,1
DA:123,2
DA:124,2
LF:19
LH:19
BRDA:76,0,0,2
BRDA:104,1,0,2
BRDA:109,2,0,2
BRDA:122,3,0,2
BRF:4
BRH:4
end_of_record
TN:
SF:src/api/services/ai.ts
FN:28,(anonymous_0)
FN:42,(anonymous_1)
FN:58,(anonymous_2)
FNF:3
FNH:3
FNDA:2,(anonymous_0)
FNDA:3,(anonymous_1)
FNDA:2,(anonymous_2)
DA:24,5
DA:35,2
DA:36,2
DA:48,3
DA:52,3
DA:63,2
DA:68,2
LF:7
LH:7
BRF:0
BRH:0
end_of_record
TN:
SF:src/api/services/analytics.service.ts
FN:137,(anonymous_0)
FN:147,(anonymous_1)
FN:158,(anonymous_2)
FN:169,(anonymous_3)
FN:180,(anonymous_4)
FN:190,(anonymous_5)
FN:200,(anonymous_6)
FN:210,(anonymous_7)
FN:221,(anonymous_8)
FN:228,(anonymous_9)
FNF:10
FNH:10
FNDA:1,(anonymous_0)
FNDA:1,(anonymous_1)
FNDA:1,(anonymous_2)
FNDA:1,(anonymous_3)
FNDA:1,(anonymous_4)
FNDA:1,(anonymous_5)
FNDA:1,(anonymous_6)
FNDA:1,(anonymous_7)
FNDA:1,(anonymous_8)
FNDA:1,(anonymous_9)
DA:133,5
DA:138,1
DA:141,1
DA:148,1
DA:152,1
DA:159,1
DA:163,1
DA:170,1
DA:174,1
DA:181,1
DA:184,1
DA:191,1
DA:194,1
DA:201,1
DA:204,1
DA:211,1
DA:215,1
DA:222,1
DA:229,1
LF:19
LH:19
BRF:0
BRH:0
end_of_record
TN:
SF:src/api/services/auth.ts
FN:12,(anonymous_0)
FN:20,(anonymous_1)
FN:28,(anonymous_2)
FN:38,(anonymous_3)
FN:46,(anonymous_4)
FN:54,(anonymous_5)
FN:62,(anonymous_6)
FN:70,(anonymous_7)
FN:78,(anonymous_8)
FN:86,(anonymous_9)
FN:94,(anonymous_10)
FNF:11
FNH:11
FNDA:1,(anonymous_0)
FNDA:1,(anonymous_1)
FNDA:1,(anonymous_2)
FNDA:9,(anonymous_3)
FNDA:1,(anonymous_4)
FNDA:1,(anonymous_5)
FNDA:1,(anonymous_6)
FNDA:1,(anonymous_7)
FNDA:1,(anonymous_8)
FNDA:1,(anonymous_9)
FNDA:1,(anonymous_10)
DA:8,6
DA:13,1
DA:14,1
DA:21,1
DA:22,1
DA:29,1
DA:31,1
DA:32,1
DA:39,9
DA:40,3
DA:47,1
DA:48,1
DA:55,1
DA:56,1
DA:63,1
DA:64,1
DA:71,1
DA:72,1
DA:79,1
DA:80,1
DA:87,1
DA:88,1
DA:95,1
DA:96,1
LF:24
LH:24
BRF:0
BRH:0
end_of_record
TN:
SF:src/api/services/contact.ts
FN:27,(anonymous_0)
FNF:1
FNH:1
FNDA:1,(anonymous_0)
DA:23,5
DA:28,1
DA:29,1
LF:3
LH:3
BRF:0
BRH:0
end_of_record
TN:
SF:src/api/services/disputes.ts
FN:25,(anonymous_0)
FN:30,(anonymous_1)
FN:35,(anonymous_2)
FN:40,(anonymous_3)
FN:48,(anonymous_4)
FNF:5
FNH:5
FNDA:1,(anonymous_0)
FNDA:2,(anonymous_1)
FNDA:1,(anonymous_2)
FNDA:1,(anonymous_3)
FNDA:1,(anonymous_4)
DA:24,5
DA:26,1
DA:27,1
DA:31,2
DA:32,2
DA:36,1
DA:37,1
DA:41,1
DA:45,1
DA:49,1
DA:53,1
LF:11
LH:11
BRDA:30,0,0,2
BRF:1
BRH:1
end_of_record
TN:
SF:src/api/services/gamification.ts
FN:46,(anonymous_0)
FN:54,(anonymous_1)
FN:62,(anonymous_2)
FN:70,(anonymous_3)
FN:81,(anonymous_4)
FNF:5
FNH:5
FNDA:1,(anonymous_0)
FNDA:1,(anonymous_1)
FNDA:1,(anonymous_2)
FNDA:2,(anonymous_3)
FNDA:2,(anonymous_4)
DA:42,5
DA:47,1
DA:48,1
DA:55,1
DA:56,1
DA:63,1
DA:64,1
DA:71,2
DA:75,2
DA:82,2
DA:86,2
LF:11
LH:11
BRDA:70,0,0,2
BRDA:81,1,0,2
BRF:2
BRH:2
end_of_record
TN:
SF:src/api/services/geocoding.ts
FN:22,(anonymous_0)
FNF:1
FNH:1
FNDA:6,(anonymous_0)
DA:17,5
DA:23,6
DA:24,6
DA:27,4
DA:29,2
LF:5
LH:5
BRDA:27,0,0,4
BRDA:27,0,1,2
BRF:2
BRH:2
end_of_record
TN:
SF:src/api/services/index.ts
FNF:0
FNH:0
LF:0
LH:0
BRF:0
BRH:0
end_of_record
TN:
SF:src/api/services/messages.ts
FN:34,(anonymous_0)
FN:39,(anonymous_1)
FN:44,(anonymous_2)
FN:52,(anonymous_3)
FN:57,(anonymous_4)
FN:62,(anonymous_5)
FNF:6
FNH:6
FNDA:1,(anonymous_0)
FNDA:1,(anonymous_1)
FNDA:2,(anonymous_2)
FNDA:1,(anonymous_3)
FNDA:1,(anonymous_4)
FNDA:1,(anonymous_5)
DA:33,5
DA:35,1
DA:36,1
DA:40,1
DA:41,1
DA:45,2
DA:49,2
DA:53,1
DA:54,1
DA:58,1
DA:59,1
DA:63,1
DA:64,1
LF:13
LH:13
BRDA:44,0,0,2
BRF:1
BRH:1
end_of_record
TN:
SF:src/api/services/quickAccept.ts
FN:35,(anonymous_0)
FN:46,(anonymous_1)
FN:61,(anonymous_2)
FN:72,(anonymous_3)
FN:80,(anonymous_4)
FNF:5
FNH:5
FNDA:2,(anonymous_0)
FNDA:2,(anonymous_1)
FNDA:1,(anonymous_2)
FNDA:1,(anonymous_3)
FNDA:2,(anonymous_4)
DA:31,5
DA:36,2
DA:40,2
DA:50,2
DA:55,2
DA:62,1
DA:66,1
DA:73,1
DA:74,1
DA:81,2
DA:84,2
LF:11
LH:11
BRDA:35,0,0,2
BRF:1
BRH:1
end_of_record
TN:
SF:src/api/services/referrals.ts
FN:38,(anonymous_0)
FN:46,(anonymous_1)
FN:54,(anonymous_2)
FN:62,(anonymous_3)
FN:70,(anonymous_4)
FN:78,(anonymous_5)
FNF:6
FNH:6
FNDA:1,(anonymous_0)
FNDA:1,(anonymous_1)
FNDA:1,(anonymous_2)
FNDA:1,(anonymous_3)
FNDA:1,(anonymous_4)
FNDA:1,(anonymous_5)
DA:34,5
DA:39,1
DA:40,1
DA:47,1
DA:48,1
DA:55,1
DA:56,1
DA:63,1
DA:64,1
DA:71,1
DA:72,1
DA:79,1
DA:80,1
LF:13
LH:13
BRF:0
BRH:0
end_of_record
TN:
SF:src/api/services/requests.ts
FN:29,(anonymous_0)
FN:37,(anonymous_1)
FN:45,(anonymous_2)
FN:53,(anonymous_3)
FN:61,(anonymous_4)
FN:69,(anonymous_5)
FNF:6
FNH:6
FNDA:2,(anonymous_0)
FNDA:1,(anonymous_1)
FNDA:1,(anonymous_2)
FNDA:1,(anonymous_3)
FNDA:1,(anonymous_4)
FNDA:1,(anonymous_5)
DA:25,5
DA:30,2
DA:31,2
DA:38,1
DA:39,1
DA:46,1
DA:47,1
DA:54,1
DA:55,1
DA:62,1
DA:63,1
DA:70,1
DA:71,1
LF:13
LH:13
BRDA:29,0,0,2
BRF:1
BRH:1
end_of_record
TN:
SF:src/api/services/reviews.ts
FN:23,(anonymous_0)
FN:28,(anonymous_1)
FN:33,(anonymous_2)
FN:41,(anonymous_3)
FN:46,(anonymous_4)
FNF:5
FNH:5
FNDA:1,(anonymous_0)
FNDA:1,(anonymous_1)
FNDA:2,(anonymous_2)
FNDA:1,(anonymous_3)
FNDA:1,(anonymous_4)
DA:22,5
DA:24,1
DA:25,1
DA:29,1
DA:30,1
DA:34,2
DA:38,2
DA:42,1
DA:43,1
DA:47,1
DA:48,1
LF:11
LH:11
BRDA:33,0,0,2
BRF:1
BRH:1
end_of_record
TN:
SF:src/api/services/savedSearches.ts
FN:23,(anonymous_0)
FN:28,(anonymous_1)
FN:36,(anonymous_2)
FN:41,(anonymous_3)
FNF:4
FNH:4
FNDA:1,(anonymous_0)
FNDA:1,(anonymous_1)
FNDA:1,(anonymous_2)
FNDA:1,(anonymous_3)
DA:22,5
DA:24,1
DA:25,1
DA:29,1
DA:33,1
DA:37,1
DA:38,1
DA:42,1
DA:46,1
LF:9
LH:9
BRF:0
BRH:0
end_of_record
TN:
SF:src/api/services/services.ts
FN:35,(anonymous_0)
FN:40,(anonymous_1)
FN:45,(anonymous_2)
FN:50,(anonymous_3)
FN:55,(anonymous_4)
FN:60,(anonymous_5)
FNF:6
FNH:6
FNDA:2,(anonymous_0)
FNDA:1,(anonymous_1)
FNDA:1,(anonymous_2)
FNDA:1,(anonymous_3)
FNDA:1,(anonymous_4)
FNDA:1,(anonymous_5)
DA:34,5
DA:36,2
DA:37,2
DA:41,1
DA:42,1
DA:46,1
DA:47,1
DA:51,1
DA:52,1
DA:56,1
DA:57,1
DA:61,1
DA:62,1
LF:13
LH:13
BRDA:35,0,0,2
BRF:1
BRH:1
end_of_record
TN:
SF:src/api/services/spaces.ts
FN:36,(anonymous_0)
FN:41,(anonymous_1)
FN:46,(anonymous_2)
FN:51,(anonymous_3)
FN:56,(anonymous_4)
FN:61,(anonymous_5)
FNF:6
FNH:6
FNDA:2,(anonymous_0)
FNDA:1,(anonymous_1)
FNDA:1,(anonymous_2)
FNDA:1,(anonymous_3)
FNDA:1,(anonymous_4)
FNDA:1,(anonymous_5)
DA:35,5
DA:37,2
DA:38,2
DA:42,1
DA:43,1
DA:47,1
DA:48,1
DA:52,1
DA:53,1
DA:57,1
DA:58,1
DA:62,1
DA:63,1
LF:13
LH:13
BRDA:36,0,0,2
BRF:1
BRH:1
end_of_record
TN:
SF:src/api/services/stats.ts
FN:52,(anonymous_0)
FN:60,(anonymous_1)
FNF:2
FNH:1
FNDA:3,(anonymous_0)
FNDA:0,(anonymous_1)
DA:48,5
DA:53,3
DA:54,3
DA:61,0
DA:62,0
LF:5
LH:3
BRF:0
BRH:0
end_of_record
TN:
SF:src/api/services/tools.ts
FN:38,(anonymous_0)
FN:46,(anonymous_1)
FN:54,(anonymous_2)
FN:62,(anonymous_3)
FN:70,(anonymous_4)
FN:78,(anonymous_5)
FNF:6
FNH:6
FNDA:2,(anonymous_0)
FNDA:1,(anonymous_1)
FNDA:1,(anonymous_2)
FNDA:1,(anonymous_3)
FNDA:1,(anonymous_4)
FNDA:1,(anonymous_5)
DA:34,5
DA:39,2
DA:40,2
DA:47,1
DA:48,1
DA:55,1
DA:56,1
DA:63,1
DA:64,1
DA:71,1
DA:72,1
DA:79,1
DA:80,1
LF:13
LH:13
BRDA:38,0,0,2
BRF:1
BRH:1
end_of_record
TN:
SF:src/api/services/transactions.ts
FN:21,(anonymous_0)
FN:26,(anonymous_1)
FN:31,(anonymous_2)
FN:36,(anonymous_3)
FN:44,(anonymous_4)
FN:51,(anonymous_5)
FNF:6
FNH:6
FNDA:2,(anonymous_0)
FNDA:1,(anonymous_1)
FNDA:1,(anonymous_2)
FNDA:1,(anonymous_3)
FNDA:1,(anonymous_4)
FNDA:1,(anonymous_5)
DA:20,5
DA:22,2
DA:23,2
DA:27,1
DA:28,1
DA:32,1
DA:33,1
DA:37,1
DA:41,1
DA:45,1
DA:48,1
DA:52,1
DA:55,1
LF:13
LH:13
BRDA:21,0,0,2
BRF:1
BRH:1
end_of_record
TN:
SF:src/api/services/upload.ts
FN:44,(anonymous_0)
FN:60,(anonymous_1)
FN:62,(anonymous_2)
FN:78,(anonymous_3)
FN:86,(anonymous_4)
FNF:5
FNH:5
FNDA:1,(anonymous_0)
FNDA:1,(anonymous_1)
FNDA:2,(anonymous_2)
FNDA:1,(anonymous_3)
FNDA:1,(anonymous_4)
DA:40,5
DA:45,1
DA:46,1
DA:48,1
DA:54,1
DA:61,1
DA:62,1
DA:63,2
DA:66,1
DA:72,1
DA:79,1
DA:80,1
DA:87,1
DA:90,1
LF:14
LH:14
BRF:0
BRH:0
end_of_record
TN:
SF:src/api/services/users.ts
FN:36,(anonymous_0)
FN:41,(anonymous_1)
FN:46,(anonymous_2)
FN:54,(anonymous_3)
FNF:4
FNH:4
FNDA:1,(anonymous_0)
FNDA:1,(anonymous_1)
FNDA:2,(anonymous_2)
FNDA:1,(anonymous_3)
DA:35,5
DA:37,1
DA:38,1
DA:42,1
DA:43,1
DA:47,2
DA:51,2
DA:55,1
DA:56,1
LF:9
LH:9
BRDA:46,0,0,2
BRF:1
BRH:1
end_of_record
TN:
SF:src/components/CookieConsent.tsx
FN:14,CookieConsent
FN:23,(anonymous_1)
FN:26,(anonymous_2)
FN:30,(anonymous_3)
FN:40,(anonymous_4)
FN:50,(anonymous_5)
FN:93,(anonymous_6)
FN:119,(anonymous_7)
FN:165,(anonymous_8)
FN:184,(anonymous_9)
FN:206,(anonymous_10)
FNF:11
FNH:9
FNDA:16,CookieConsent
FNDA:5,(anonymous_1)
FNDA:3,(anonymous_2)
FNDA:1,(anonymous_3)
FNDA:1,(anonymous_4)
FNDA:1,(anonymous_5)
FNDA:0,(anonymous_6)
FNDA:1,(anonymous_7)
FNDA:1,(anonymous_8)
FNDA:1,(anonymous_9)
FNDA:0,(anonymous_10)
DA:15,16
DA:16,16
DA:17,16
DA:23,16
DA:24,5
DA:25,5
DA:26,5
DA:30,16
DA:31,1
DA:37,1
DA:40,16
DA:41,1
DA:47,1
DA:50,16
DA:51,1
DA:55,1
DA:56,1
DA:59,16
DA:61,6
DA:93,0
DA:119,1
DA:165,1
DA:184,1
DA:206,0
LF:24
LH:22
BRDA:25,0,0,5
BRDA:25,0,1,0
BRDA:59,1,0,10
BRDA:59,1,1,6
BRDA:102,2,0,3
BRDA:102,2,1,3
BRDA:167,3,0,1
BRDA:167,3,1,2
BRDA:172,4,0,1
BRDA:172,4,1,2
BRDA:186,5,0,2
BRDA:186,5,1,1
BRDA:191,6,0,2
BRDA:191,6,1,1
BRF:14
BRH:13
end_of_record
TN:
SF:src/components/EditRequestDialog.tsx
FN:36,EditRequestDialog
FN:58,(anonymous_1)
FN:79,(anonymous_2)
FN:96,(anonymous_3)
FN:103,(anonymous_4)
FN:117,(anonymous_5)
FN:123,(anonymous_6)
FN:147,(anonymous_7)
FN:161,(anonymous_8)
FN:171,(anonymous_9)
FN:187,(anonymous_10)
FN:204,(anonymous_11)
FN:228,(anonymous_12)
FN:256,(anonymous_13)
FN:278,(anonymous_14)
FN:329,(anonymous_15)
FN:342,(anonymous_16)
FN:367,(anonymous_17)
FN:392,(anonymous_18)
FN:401,(anonymous_19)
FN:401,(anonymous_20)
FNF:21
FNH:11
FNDA:83,EditRequestDialog
FNDA:0,(anonymous_1)
FNDA:2,(anonymous_2)
FNDA:2,(anonymous_3)
FNDA:0,(anonymous_4)
FNDA:2,(anonymous_5)
FNDA:0,(anonymous_6)
FNDA:28,(anonymous_7)
FNDA:32,(anonymous_8)
FNDA:0,(anonymous_9)
FNDA:0,(anonymous_10)
FNDA:0,(anonymous_11)
FNDA:0,(anonymous_12)
FNDA:3,(anonymous_13)
FNDA:0,(anonymous_14)
FNDA:0,(anonymous_15)
FNDA:1,(anonymous_16)
FNDA:0,(anonymous_17)
FNDA:82,(anonymous_18)
FNDA:1,(anonymous_19)
FNDA:1,(anonymous_20)
DA:37,83
DA:38,83
DA:39,83
DA:40,83
DA:41,83
DA:42,83
DA:43,83
DA:45,83
DA:56,83
DA:58,83
DA:59,0
DA:61,0
DA:62,0
DA:63,0
DA:66,0
DA:68,0
DA:69,0
DA:70,0
DA:73,0
DA:75,0
DA:78,83
DA:80,2
DA:82,2
DA:97,2
DA:98,2
DA:99,2
DA:103,83
DA:104,0
DA:105,0
DA:107,0
DA:108,0
DA:109,0
DA:110,0
DA:112,0
DA:114,0
DA:117,83
DA:118,2
DA:119,2
DA:120,2
DA:123,83
DA:124,0
DA:125,0
DA:126,0
DA:130,83
DA:132,83
DA:147,28
DA:161,32
DA:171,0
DA:187,0
DA:204,0
DA:228,0
DA:257,3
DA:258,3
DA:259,3
DA:260,3
DA:278,0
DA:329,0
DA:342,1
DA:367,0
DA:393,82
DA:401,1
LF:61
LH:33
BRDA:39,0,0,83
BRDA:39,0,1,0
BRDA:40,1,0,83
BRDA:40,1,1,0
BRDA:41,2,0,83
BRDA:41,2,1,0
BRDA:43,3,0,83
BRDA:43,3,1,0
BRDA:49,4,0,83
BRDA:49,4,1,0
BRDA:50,5,0,83
BRDA:50,5,1,83
BRDA:52,6,0,83
BRDA:52,6,1,0
BRDA:53,7,0,0
BRDA:53,7,1,83
BRDA:53,8,0,83
BRDA:53,8,1,0
BRDA:53,9,0,83
BRDA:53,9,1,0
BRDA:56,10,0,83
BRDA:56,10,1,0
BRDA:59,11,0,0
BRDA:59,11,1,0
BRDA:68,12,0,0
BRDA:68,12,1,0
BRDA:68,13,0,0
BRDA:68,13,1,0
BRDA:80,14,0,0
BRDA:80,14,1,2
BRDA:89,15,0,0
BRDA:89,15,1,2
BRDA:105,16,0,0
BRDA:105,16,1,0
BRDA:119,17,0,0
BRDA:119,17,1,2
BRDA:119,18,0,2
BRDA:119,18,1,2
BRDA:119,18,2,2
BRDA:119,18,3,2
BRDA:124,19,0,0
BRDA:124,19,1,0
BRDA:130,20,0,83
BRDA:130,20,1,82
BRDA:130,20,2,81
BRDA:244,21,0,0
BRDA:244,21,1,83
BRDA:244,22,0,0
BRDA:244,22,1,83
BRDA:258,23,0,2
BRDA:258,23,1,1
BRDA:259,24,0,3
BRDA:259,24,1,0
BRDA:259,25,0,3
BRDA:259,25,1,2
BRDA:285,26,0,83
BRDA:285,26,1,83
BRDA:288,27,0,0
BRDA:288,27,1,83
BRDA:301,28,0,83
BRDA:301,28,1,83
BRDA:301,28,2,83
BRDA:318,29,0,1
BRDA:318,29,1,82
BRDA:320,30,0,83
BRDA:320,30,1,82
BRDA:348,31,0,83
BRDA:348,31,1,82
BRDA:350,32,0,82
BRDA:350,32,1,0
BRDA:351,33,0,82
BRDA:351,33,1,82
BRDA:351,33,2,82
BRDA:352,34,0,82
BRDA:352,34,1,0
BRDA:352,34,2,0
BRDA:353,35,0,82
BRDA:353,35,1,0
BRDA:353,35,2,0
BRDA:354,36,0,82
BRDA:354,36,1,0
BRDA:370,37,0,0
BRDA:370,37,1,83
BRDA:390,38,0,83
BRDA:390,38,1,82
BRDA:424,39,0,83
BRDA:424,39,1,83
BRDA:427,40,0,0
BRDA:427,40,1,83
BRDA:438,41,0,83
BRDA:438,41,1,3
BRF:91
BRH:56
end_of_record
TN:
SF:src/components/ErrorBoundary.tsx
FN:24,(anonymous_0)
FN:33,(anonymous_1)
FN:38,(anonymous_2)
FN:54,(anonymous_3)
FN:58,(anonymous_4)
FN:62,(anonymous_5)
FN:66,(anonymous_6)
FN:127,(anonymous_7)
FNF:8
FNH:8
FNDA:40,(anonymous_0)
FNDA:39,(anonymous_1)
FNDA:20,(anonymous_2)
FNDA:1,(anonymous_3)
FNDA:1,(anonymous_4)
FNDA:3,(anonymous_5)
FNDA:104,(anonymous_6)
FNDA:3,(anonymous_7)
DA:25,40
DA:26,40
DA:35,40
DA:40,20
DA:42,20
DA:45,20
DA:46,0
DA:54,1
DA:55,1
DA:58,1
DA:59,1
DA:62,3
DA:63,3
DA:67,104
DA:69,60
DA:70,6
DA:74,54
DA:128,3
DA:129,3
DA:144,44
LF:20
LH:19
BRDA:45,0,0,0
BRDA:45,0,1,20
BRDA:67,1,0,60
BRDA:67,1,1,44
BRDA:69,2,0,6
BRDA:69,2,1,54
BRDA:90,3,0,54
BRDA:90,3,1,54
BRDA:90,3,2,54
BRDA:96,4,0,54
BRDA:96,4,1,18
BRDA:125,5,0,60
BRDA:125,5,1,18
BRF:13
BRH:12
end_of_record
TN:
SF:src/components/MarketingFooter.tsx
FN:5,MarketingFooter
FN:6,(anonymous_1)
FNF:2
FNH:2
FNDA:28,MarketingFooter
FNDA:1,(anonymous_1)
DA:6,28
DA:7,1
DA:11,28
LF:3
LH:3
BRF:0
BRH:0
end_of_record
TN:
SF:src/components/NotificationManager.tsx
FN:9,NotificationManager
FN:17,(anonymous_1)
FN:19,(anonymous_2)
FN:21,(anonymous_3)
FN:29,(anonymous_4)
FN:39,(anonymous_5)
FN:45,(anonymous_6)
FN:47,(anonymous_7)
FN:75,(anonymous_8)
FN:82,(anonymous_9)
FN:94,(anonymous_10)
FN:101,(anonymous_11)
FN:103,(anonymous_12)
FN:108,(anonymous_13)
FN:109,(anonymous_14)
FN:114,(anonymous_15)
FN:123,(anonymous_16)
FNF:17
FNH:11
FNDA:28,NotificationManager
FNDA:14,(anonymous_1)
FNDA:1,(anonymous_2)
FNDA:1,(anonymous_3)
FNDA:13,(anonymous_4)
FNDA:13,(anonymous_5)
FNDA:2,(anonymous_6)
FNDA:27,(anonymous_7)
FNDA:0,(anonymous_8)
FNDA:28,(anonymous_9)
FNDA:0,(anonymous_10)
FNDA:16,(anonymous_11)
FNDA:0,(anonymous_12)
FNDA:0,(anonymous_13)
FNDA:0,(anonymous_14)
FNDA:0,(anonymous_15)
FNDA:2,(anonymous_16)
DA:10,28
DA:13,28
DA:14,28
DA:15,28
DA:17,28
DA:18,14
DA:19,2
DA:20,1
DA:22,1
DA:27,28
DA:29,13
DA:35,28
DA:37,28
DA:39,13
DA:44,28
DA:45,2
DA:47,28
DA:48,27
DA:49,10
DA:51,10
DA:52,5
DA:54,5
DA:55,5
DA:56,5
DA:62,1
DA:66,5
DA:70,5
DA:71,5
DA:75,0
DA:82,28
DA:83,28
DA:84,2
DA:86,2
DA:88,1
DA:90,1
DA:94,0
DA:101,28
DA:102,16
DA:103,2
DA:104,0
DA:109,0
DA:110,0
DA:111,0
DA:112,0
DA:115,0
DA:116,0
DA:123,2
DA:127,28
LF:48
LH:39
BRDA:11,0,0,28
BRDA:11,0,1,0
BRDA:11,1,0,28
BRDA:11,1,1,28
BRDA:18,2,0,2
BRDA:18,2,1,12
BRDA:18,3,0,14
BRDA:18,3,1,14
BRDA:18,3,2,14
BRDA:35,4,0,28
BRDA:35,4,1,14
BRDA:44,5,0,28
BRDA:44,5,1,14
BRDA:48,6,0,10
BRDA:48,6,1,17
BRDA:51,7,0,5
BRDA:51,7,1,5
BRDA:54,8,0,5
BRDA:54,8,1,0
BRDA:54,9,0,5
BRDA:54,9,1,5
BRDA:54,9,2,5
BRDA:70,10,0,5
BRDA:70,10,1,4
BRDA:83,11,0,2
BRDA:83,11,1,26
BRDA:86,12,0,1
BRDA:86,12,1,1
BRDA:86,13,0,2
BRDA:86,13,1,1
BRDA:102,14,0,2
BRDA:102,14,1,14
BRDA:102,15,0,16
BRDA:102,15,1,16
BRDA:102,15,2,16
BRDA:111,16,0,0
BRDA:111,16,1,0
BRF:37
BRH:33
end_of_record
TN:
SF:src/components/PageErrorBoundary.tsx
FN:9,(anonymous_0)
FNF:1
FNH:0
FNDA:0,(anonymous_0)
DA:9,2
DA:10,0
LF:2
LH:1
BRF:0
BRH:0
end_of_record
TN:
SF:src/components/RequestResponseDialog.tsx
FN:19,(anonymous_0)
FN:35,RequestResponseDialog
FN:41,(anonymous_2)
FN:54,(anonymous_3)
FN:75,(anonymous_4)
FN:84,(anonymous_5)
FN:98,(anonymous_6)
FN:156,(anonymous_7)
FN:176,(anonymous_8)
FN:195,(anonymous_9)
FN:208,(anonymous_10)
FN:233,(anonymous_11)
FN:242,(anonymous_12)
FN:242,(anonymous_13)
FNF:14
FNH:6
FNDA:76,(anonymous_0)
FNDA:76,RequestResponseDialog
FNDA:19,(anonymous_2)
FNDA:0,(anonymous_3)
FNDA:0,(anonymous_4)
FNDA:0,(anonymous_5)
FNDA:0,(anonymous_6)
FNDA:5,(anonymous_7)
FNDA:2,(anonymous_8)
FNDA:46,(anonymous_9)
FNDA:0,(anonymous_10)
FNDA:0,(anonymous_11)
FNDA:0,(anonymous_12)
FNDA:0,(anonymous_13)
DA:19,2
DA:20,76
DA:21,76
DA:22,76
DA:23,0
DA:24,0
DA:25,0
DA:27,76
DA:36,76
DA:37,76
DA:39,76
DA:41,19
DA:44,76
DA:46,76
DA:47,76
DA:48,76
DA:49,76
DA:50,76
DA:51,76
DA:53,76
DA:55,0
DA:57,0
DA:66,0
DA:68,0
DA:73,0
DA:76,0
DA:77,0
DA:78,0
DA:79,0
DA:80,0
DA:84,76
DA:85,0
DA:86,0
DA:88,0
DA:89,0
DA:90,0
DA:91,0
DA:93,0
DA:95,0
DA:98,76
DA:99,0
DA:100,0
DA:101,0
DA:104,76
DA:110,76
DA:112,76
DA:157,5
DA:158,5
DA:159,5
DA:177,2
DA:178,2
DA:179,2
DA:195,46
DA:208,0
DA:234,0
DA:242,0
LF:56
LH:29
BRDA:20,0,0,0
BRDA:20,0,1,76
BRDA:22,1,0,0
BRDA:22,1,1,76
BRDA:22,2,0,76
BRDA:22,2,1,76
BRDA:55,3,0,0
BRDA:55,3,1,0
BRDA:62,4,0,0
BRDA:62,4,1,0
BRDA:86,5,0,0
BRDA:86,5,1,0
BRDA:100,6,0,0
BRDA:100,6,1,0
BRDA:100,7,0,0
BRDA:100,7,1,0
BRDA:100,7,2,0
BRDA:100,7,3,0
BRDA:110,8,0,76
BRDA:110,8,1,76
BRDA:131,9,0,76
BRDA:131,9,1,0
BRDA:132,10,0,76
BRDA:132,10,1,0
BRDA:134,11,0,76
BRDA:134,11,1,76
BRDA:158,12,0,5
BRDA:158,12,1,0
BRDA:158,13,0,5
BRDA:158,13,1,5
BRDA:158,13,2,5
BRDA:178,14,0,2
BRDA:178,14,1,0
BRDA:178,15,0,2
BRDA:178,15,1,2
BRDA:178,15,2,2
BRDA:211,16,0,0
BRDA:211,16,1,76
BRDA:231,17,0,76
BRDA:231,17,1,0
BRDA:265,18,0,76
BRDA:265,18,1,76
BRDA:265,18,2,27
BRDA:265,18,3,0
BRDA:265,18,4,0
BRDA:268,19,0,0
BRDA:268,19,1,76
BRF:47
BRH:24
end_of_record
TN:
SF:src/components/RequireAdmin.tsx
FN:15,RequireAdmin
FNF:1
FNH:1
FNDA:6,RequireAdmin
DA:16,6
DA:17,6
DA:19,6
DA:20,1
DA:27,5
DA:28,2
DA:29,2
DA:30,2
DA:34,3
DA:35,2
DA:38,1
LF:11
LH:11
BRDA:19,0,0,1
BRDA:19,0,1,5
BRDA:27,1,0,2
BRDA:27,1,1,3
BRDA:28,2,0,2
BRDA:28,2,1,1
BRDA:34,3,0,2
BRDA:34,3,1,1
BRF:8
BRH:8
end_of_record
TN:
SF:src/components/RequireAuth.tsx
FN:10,RequireAuth
FNF:1
FNH:1
FNDA:4,RequireAuth
DA:11,4
DA:12,4
DA:14,4
DA:15,2
DA:22,2
DA:23,1
DA:24,1
DA:26,1
DA:29,1
LF:9
LH:9
BRDA:14,0,0,2
BRDA:14,0,1,2
BRDA:22,1,0,1
BRDA:22,1,1,1
BRDA:23,2,0,1
BRDA:23,2,1,0
BRF:6
BRH:5
end_of_record
TN:
SF:src/components/RouteErrorBoundary.tsx
FN:14,RouteErrorBoundary
FN:22,(anonymous_1)
FN:26,(anonymous_2)
FN:142,(anonymous_3)
FN:147,(anonymous_4)
FN:151,(anonymous_5)
FN:159,(anonymous_6)
FN:173,(anonymous_7)
FNF:8
FNH:5
FNDA:0,RouteErrorBoundary
FNDA:0,(anonymous_1)
FNDA:0,(anonymous_2)
FNDA:20,(anonymous_3)
FNDA:3,(anonymous_4)
FNDA:9,(anonymous_5)
FNDA:40,(anonymous_6)
FNDA:2,(anonymous_7)
DA:15,0
DA:16,0
DA:18,0
DA:19,0
DA:20,0
DA:22,0
DA:23,0
DA:26,0
DA:27,0
DA:30,0
DA:31,0
DA:66,0
DA:143,20
DA:144,20
DA:148,18
DA:152,9
DA:154,9
DA:155,0
DA:160,40
DA:161,18
DA:174,2
DA:175,2
DA:188,22
LF:23
LH:10
BRDA:19,0,0,0
BRDA:19,0,1,0
BRDA:19,0,2,0
BRDA:30,1,0,0
BRDA:30,1,1,0
BRDA:74,2,0,0
BRDA:74,2,1,0
BRDA:81,3,0,0
BRDA:81,3,1,0
BRDA:81,3,2,0
BRDA:154,4,0,0
BRDA:154,4,1,9
BRDA:154,5,0,9
BRDA:154,5,1,0
BRDA:160,6,0,18
BRDA:160,6,1,22
BRDA:161,7,0,18
BRDA:161,7,1,16
BRDA:168,8,0,16
BRDA:168,8,1,2
BRF:20
BRH:8
end_of_record
TN:
SF:src/components/RouteNormalizer.tsx
FN:53,getNormalizedPath
FN:67,(anonymous_1)
FN:79,RouteNormalizer
FN:83,(anonymous_3)
FNF:4
FNH:4
FNDA:33,getNormalizedPath
FNDA:6,(anonymous_1)
FNDA:12,RouteNormalizer
FNDA:12,(anonymous_3)
DA:13,3
DA:54,33
DA:55,15
DA:58,18
DA:59,518
DA:60,5
DA:64,13
DA:65,2
DA:68,6
DA:70,2
DA:73,11
DA:80,12
DA:81,12
DA:83,12
DA:84,12
DA:86,12
DA:87,4
DA:88,4
DA:92,12
LF:19
LH:19
BRDA:54,0,0,15
BRDA:54,0,1,18
BRDA:59,1,0,5
BRDA:59,1,1,513
BRDA:59,2,0,518
BRDA:59,2,1,514
BRDA:64,3,0,2
BRDA:64,3,1,11
BRDA:68,4,0,2
BRDA:68,4,1,4
BRDA:86,5,0,4
BRDA:86,5,1,8
BRDA:86,6,0,12
BRDA:86,6,1,4
BRF:14
BRH:14
end_of_record
TN:
SF:src/components/SEO.tsx
FN:14,SEO
FN:24,(anonymous_1)
FN:53,updateMetaTag
FN:68,updateLinkTag
FN:83,updateStructuredData
FN:95,generateLocalBusinessSchema
FN:124,generateServiceSchema
FN:151,generateProductSchema
FN:173,generateReviewSchema
FN:199,generateBreadcrumbSchema
FN:203,(anonymous_10)
FNF:11
FNH:11
FNDA:1134,SEO
FNDA:188,(anonymous_1)
FNDA:2444,updateMetaTag
FNDA:188,updateLinkTag
FNDA:25,updateStructuredData
FNDA:4,generateLocalBusinessSchema
FNDA:6,generateServiceSchema
FNDA:17,generateProductSchema
FNDA:1,generateReviewSchema
FNDA:22,generateBreadcrumbSchema
FNDA:65,(anonymous_10)
DA:24,1134
DA:25,188
DA:27,188
DA:28,188
DA:29,188
DA:31,188
DA:32,188
DA:33,188
DA:34,188
DA:35,188
DA:36,188
DA:38,188
DA:39,188
DA:40,188
DA:41,188
DA:43,188
DA:45,188
DA:46,25
DA:50,1134
DA:54,2444
DA:56,2434
DA:58,2434
DA:59,2253
DA:61,181
DA:62,181
DA:63,181
DA:64,181
DA:69,188
DA:71,178
DA:73,178
DA:74,165
DA:76,13
DA:77,13
DA:78,13
DA:79,13
DA:84,25
DA:85,25
DA:86,17
DA:89,25
DA:90,25
DA:91,25
DA:92,25
DA:96,4
DA:125,6
DA:152,17
DA:174,1
DA:200,22
DA:203,65
LF:48
LH:48
BRDA:15,0,0,1134
BRDA:16,1,0,1134
BRDA:17,2,0,1134
BRDA:18,3,0,1134
BRDA:19,4,0,1134
BRDA:20,5,0,1134
BRDA:20,6,0,1133
BRDA:20,6,1,0
BRDA:21,7,0,1134
BRDA:22,8,0,1134
BRDA:45,9,0,25
BRDA:45,9,1,163
BRDA:54,10,0,10
BRDA:54,10,1,2434
BRDA:58,11,0,2253
BRDA:58,11,1,181
BRDA:69,12,0,10
BRDA:69,12,1,178
BRDA:73,13,0,165
BRDA:73,13,1,13
BRDA:85,14,0,17
BRDA:85,14,1,8
BRDA:91,15,0,24
BRDA:91,15,1,1
BRDA:160,16,0,17
BRDA:160,16,1,1
BRDA:162,17,0,16
BRDA:162,17,1,1
BRF:28
BRH:27
end_of_record
TN:
SF:src/components/auth/AuthPage.tsx
FN:29,FeatureCard
FN:45,AuthHero
FN:111,LoginForm
FN:112,(anonymous_3)
FN:127,(anonymous_4)
FN:138,(anonymous_5)
FN:176,RegisterForm
FN:177,(anonymous_7)
FN:192,(anonymous_8)
FN:203,(anonymous_9)
FN:214,(anonymous_10)
FN:248,ForgotPasswordForm
FN:249,(anonymous_12)
FN:264,(anonymous_13)
FN:289,AuthPage
FN:304,(anonymous_15)
FN:311,(anonymous_16)
FN:312,(anonymous_17)
FN:320,(anonymous_18)
FN:335,(anonymous_19)
FN:336,(anonymous_20)
FN:342,(anonymous_21)
FN:354,(anonymous_22)
FN:355,(anonymous_23)
FN:361,(anonymous_24)
FN:373,(anonymous_25)
FN:374,(anonymous_26)
FN:378,(anonymous_27)
FN:384,(anonymous_28)
FN:431,(anonymous_29)
FN:472,(anonymous_30)
FN:473,(anonymous_31)
FN:474,(anonymous_32)
FN:483,(anonymous_33)
FN:484,(anonymous_34)
FN:494,(anonymous_35)
FN:495,(anonymous_36)
FN:503,(anonymous_37)
FN:507,(anonymous_38)
FNF:39
FNH:20
FNDA:123,FeatureCard
FNDA:41,AuthHero
FNDA:37,LoginForm
FNDA:5,(anonymous_3)
FNDA:6,(anonymous_4)
FNDA:6,(anonymous_5)
FNDA:2,RegisterForm
FNDA:0,(anonymous_7)
FNDA:0,(anonymous_8)
FNDA:0,(anonymous_9)
FNDA:0,(anonymous_10)
FNDA:2,ForgotPasswordForm
FNDA:0,(anonymous_12)
FNDA:0,(anonymous_13)
FNDA:45,AuthPage
FNDA:9,(anonymous_15)
FNDA:2,(anonymous_16)
FNDA:2,(anonymous_17)
FNDA:1,(anonymous_18)
FNDA:5,(anonymous_19)
FNDA:2,(anonymous_20)
FNDA:1,(anonymous_21)
FNDA:0,(anonymous_22)
FNDA:0,(anonymous_23)
FNDA:0,(anonymous_24)
FNDA:0,(anonymous_25)
FNDA:0,(anonymous_26)
FNDA:0,(anonymous_27)
FNDA:4,(anonymous_28)
FNDA:0,(anonymous_29)
FNDA:5,(anonymous_30)
FNDA:2,(anonymous_31)
FNDA:2,(anonymous_32)
FNDA:0,(anonymous_33)
FNDA:0,(anonymous_34)
FNDA:0,(anonymous_35)
FNDA:0,(anonymous_36)
FNDA:0,(anonymous_37)
FNDA:0,(anonymous_38)
DA:30,123
DA:46,41
DA:112,37
DA:113,5
DA:114,5
DA:117,37
DA:127,6
DA:138,6
DA:177,2
DA:178,0
DA:179,0
DA:182,2
DA:192,0
DA:203,0
DA:214,0
DA:249,2
DA:250,0
DA:251,0
DA:254,2
DA:264,0
DA:290,45
DA:291,45
DA:292,45
DA:294,45
DA:295,45
DA:296,45
DA:297,45
DA:298,45
DA:299,45
DA:300,45
DA:301,45
DA:302,45
DA:304,45
DA:305,9
DA:306,9
DA:307,9
DA:308,9
DA:311,45
DA:312,2
DA:314,1
DA:315,1
DA:316,0
DA:317,0
DA:318,0
DA:320,1
DA:321,0
DA:322,0
DA:323,0
DA:324,0
DA:325,0
DA:327,0
DA:328,0
DA:329,0
DA:334,45
DA:335,5
DA:337,2
DA:338,2
DA:339,2
DA:340,2
DA:344,1
DA:349,1
DA:353,45
DA:354,0
DA:356,0
DA:357,0
DA:358,0
DA:359,0
DA:363,0
DA:368,0
DA:372,45
DA:373,0
DA:375,0
DA:376,0
DA:379,0
DA:380,0
DA:384,45
DA:385,4
DA:386,4
DA:387,4
DA:388,0
DA:390,4
DA:391,0
DA:393,4
DA:394,0
DA:398,45
DA:399,4
DA:409,41
DA:431,0
DA:472,5
DA:473,2
DA:474,2
DA:483,0
DA:484,0
DA:494,0
DA:495,0
DA:503,0
DA:507,0
LF:97
LH:56
BRDA:141,0,0,37
BRDA:141,0,1,2
BRDA:147,1,0,6
BRDA:147,1,1,31
BRDA:220,2,0,2
BRDA:220,2,1,0
BRDA:226,3,0,0
BRDA:226,3,1,2
BRDA:267,4,0,2
BRDA:267,4,1,0
BRDA:268,5,0,2
BRDA:268,5,1,0
BRDA:270,6,0,0
BRDA:270,6,1,2
BRDA:318,7,0,0
BRDA:318,7,1,0
BRDA:325,8,0,0
BRDA:325,8,1,0
BRDA:329,9,0,0
BRDA:329,9,1,0
BRDA:344,10,0,1
BRDA:344,10,1,1
BRDA:344,10,2,0
BRDA:344,10,3,0
BRDA:344,10,4,0
BRDA:363,11,0,0
BRDA:363,11,1,0
BRDA:363,11,2,0
BRDA:363,11,3,0
BRDA:363,11,4,0
BRDA:387,12,0,0
BRDA:387,12,1,4
BRDA:387,13,0,4
BRDA:387,13,1,2
BRDA:390,14,0,0
BRDA:390,14,1,4
BRDA:390,15,0,4
BRDA:390,15,1,0
BRDA:393,16,0,0
BRDA:393,16,1,4
BRDA:393,17,0,4
BRDA:393,17,1,2
BRDA:398,18,0,4
BRDA:398,18,1,41
BRDA:454,19,0,41
BRDA:454,19,1,37
BRDA:455,20,0,45
BRDA:455,20,1,2
BRDA:456,21,0,45
BRDA:456,21,1,2
BRDA:459,22,0,45
BRDA:459,22,1,37
BRDA:460,23,0,45
BRDA:460,23,1,2
BRDA:461,24,0,45
BRDA:461,24,1,2
BRDA:466,25,0,45
BRDA:466,25,1,37
BRDA:477,26,0,45
BRDA:477,26,1,2
BRDA:487,27,0,45
BRDA:487,27,1,2
BRDA:494,28,0,0
BRDA:494,28,1,0
BRF:64
BRH:39
end_of_record
TN:
SF:src/components/create/LivePreviewCard.tsx
FN:16,LivePreviewCard
FNF:1
FNH:1
FNDA:632,LivePreviewCard
DA:17,632
DA:18,632
DA:19,632
DA:20,632
DA:22,632
DA:23,632
DA:24,345
DA:25,345
DA:27,287
DA:30,632
LF:10
LH:10
BRDA:18,0,0,345
BRDA:18,0,1,287
BRDA:18,1,0,287
BRDA:18,1,1,121
BRDA:20,2,0,345
BRDA:20,2,1,287
BRDA:20,3,0,287
BRDA:20,3,1,272
BRDA:23,4,0,345
BRDA:23,4,1,287
BRDA:25,5,0,15
BRDA:25,5,1,330
BRDA:25,6,0,1
BRDA:25,6,1,329
BRDA:27,7,0,101
BRDA:27,7,1,186
BRDA:47,8,0,28
BRDA:47,8,1,604
BRDA:47,9,0,632
BRDA:47,9,1,632
BRDA:61,10,0,528
BRDA:61,10,1,104
BRDA:62,11,0,632
BRDA:62,11,1,104
BRDA:66,12,0,464
BRDA:66,12,1,168
BRDA:67,13,0,632
BRDA:67,13,1,168
BRDA:72,14,0,632
BRDA:72,14,1,52
BRDA:77,15,0,632
BRDA:77,15,1,632
BRDA:79,16,0,449
BRDA:79,16,1,183
BRDA:79,17,0,632
BRDA:79,17,1,282
BRDA:80,18,0,81
BRDA:80,18,1,102
BRDA:80,19,0,183
BRDA:80,19,1,182
BRDA:81,20,0,102
BRDA:81,20,1,0
BRDA:81,21,0,102
BRDA:81,21,1,101
BRF:44
BRH:43
end_of_record
TN:
SF:src/components/create/ProgressStep.tsx
FN:15,ProgressStep
FNF:1
FNH:1
FNDA:1365,ProgressStep
DA:16,1365
DA:17,1365
DA:19,1365
LF:3
LH:3
BRDA:24,0,0,1298
BRDA:24,0,1,67
BRDA:28,1,0,684
BRDA:28,1,1,681
BRDA:30,2,0,684
BRDA:30,2,1,681
BRDA:33,3,0,614
BRDA:33,3,1,751
BRDA:33,4,0,1365
BRDA:33,4,1,1298
BRDA:39,5,0,1298
BRDA:39,5,1,67
BRF:12
BRH:12
end_of_record
TN:
SF:src/components/create/StepIndicator.tsx
FN:12,StepIndicator
FN:15,(anonymous_1)
FNF:2
FNH:2
FNDA:693,StepIndicator
FNDA:1393,(anonymous_1)
DA:13,693
DA:16,1393
LF:2
LH:2
BRDA:12,0,0,693
BRDA:19,1,0,1298
BRDA:19,1,1,95
BRDA:21,2,0,79
BRDA:21,2,1,16
BRDA:27,3,0,1298
BRDA:27,3,1,95
BRDA:27,4,0,79
BRDA:27,4,1,16
BRDA:28,5,0,1377
BRDA:28,5,1,16
BRF:11
BRH:11
end_of_record
TN:
SF:src/components/create/SuccessCelebration.tsx
FN:12,ConfettiParticle
FN:48,SuccessCelebration
FN:59,(anonymous_2)
FN:72,(anonymous_3)
FN:162,(anonymous_4)
FNF:5
FNH:5
FNDA:1150,ConfettiParticle
FNDA:927,SuccessCelebration
FNDA:1,(anonymous_2)
FNDA:1150,(anonymous_3)
FNDA:2,(anonymous_4)
DA:13,1150
DA:39,2
DA:49,927
DA:51,927
DA:53,23
DA:54,23
DA:55,927
DA:59,927
DA:60,1
DA:61,1
DA:64,927
DA:73,1150
DA:162,2
LF:13
LH:13
BRDA:51,0,0,904
BRDA:51,0,1,23
BRDA:54,1,0,13
BRDA:54,1,1,10
BRDA:55,2,0,13
BRDA:55,2,1,10
BRDA:162,3,0,1
BRDA:162,3,1,1
BRDA:166,4,0,13
BRDA:166,4,1,10
BRF:10
BRH:10
end_of_record
TN:
SF:src/components/create/index.ts
FNF:0
FNH:0
LF:0
LH:0
BRF:0
BRH:0
end_of_record
TN:
SF:src/components/create/types.ts
FNF:0
FNH:0
DA:111,1
DA:121,1
DA:141,1
DA:176,1
DA:240,1
DA:251,1
DA:262,1
DA:269,1
DA:282,1
DA:303,1
DA:311,1
DA:321,1
LF:12
LH:12
BRF:0
BRH:0
end_of_record
TN:
SF:src/components/feed/EmptyState.tsx
FN:17,EmptyState
FN:68,(anonymous_1)
FNF:2
FNH:2
FNDA:15,EmptyState
FNDA:45,(anonymous_1)
DA:18,15
DA:36,15
DA:69,45
LF:3
LH:3
BRDA:17,0,0,15
BRDA:48,1,0,14
BRDA:48,1,1,1
BRF:3
BRH:3
end_of_record
TN:
SF:src/components/feed/FeedFilters.tsx
FN:22,FeedFilters
FN:34,(anonymous_1)
FN:52,(anonymous_2)
FN:68,(anonymous_3)
FN:145,(anonymous_4)
FN:152,(anonymous_5)
FN:158,(anonymous_6)
FN:164,(anonymous_7)
FN:170,(anonymous_8)
FNF:9
FNH:8
FNDA:33,FeedFilters
FNDA:2,(anonymous_1)
FNDA:0,(anonymous_2)
FNDA:1,(anonymous_3)
FNDA:1,(anonymous_4)
FNDA:1,(anonymous_5)
FNDA:1,(anonymous_6)
FNDA:1,(anonymous_7)
FNDA:1,(anonymous_8)
DA:34,33
DA:35,2
DA:36,2
DA:39,33
DA:52,0
DA:68,1
DA:145,1
DA:152,1
DA:158,1
DA:164,1
DA:170,1
LF:11
LH:10
BRDA:36,0,0,1
BRDA:36,0,1,1
BRDA:46,1,0,5
BRDA:46,1,1,28
BRDA:48,2,0,33
BRDA:48,2,1,28
BRDA:74,3,0,33
BRDA:74,3,1,28
BRDA:76,4,0,28
BRDA:76,4,1,3
BRDA:77,5,0,28
BRDA:77,5,1,25
BRDA:77,5,2,1
BRDA:78,6,0,28
BRDA:78,6,1,24
BRDA:78,6,2,22
BRDA:79,7,0,28
BRDA:79,7,1,2
BRDA:79,7,2,1
BRDA:80,8,0,28
BRDA:80,8,1,1
BRDA:129,9,0,33
BRDA:129,9,1,30
BRDA:141,10,0,33
BRDA:141,10,1,5
BRDA:148,11,0,33
BRDA:148,11,1,28
BRDA:148,11,2,3
BRDA:155,12,0,33
BRDA:155,12,1,2
BRDA:161,13,0,33
BRDA:161,13,1,2
BRDA:167,14,0,33
BRDA:167,14,1,3
BRF:34
BRH:34
end_of_record
TN:
SF:src/components/feed/LiveActivityFeed.tsx
FN:52,(anonymous_0)
FN:71,(anonymous_1)
FN:80,(anonymous_2)
FN:88,(anonymous_3)
FN:91,(anonymous_4)
FN:94,(anonymous_5)
FN:103,(anonymous_6)
FN:110,(anonymous_7)
FN:118,(anonymous_8)
FN:122,(anonymous_9)
FN:141,(anonymous_10)
FN:231,(anonymous_11)
FN:253,(anonymous_12)
FN:314,announceToScreenReader
FN:319,(anonymous_14)
FNF:15
FNH:12
FNDA:40,(anonymous_0)
FNDA:16,(anonymous_1)
FNDA:15,(anonymous_2)
FNDA:28,(anonymous_3)
FNDA:0,(anonymous_4)
FNDA:22,(anonymous_5)
FNDA:22,(anonymous_6)
FNDA:44,(anonymous_7)
FNDA:0,(anonymous_8)
FNDA:2,(anonymous_9)
FNDA:80,(anonymous_10)
FNDA:22,(anonymous_11)
FNDA:2,(anonymous_12)
FNDA:11,announceToScreenReader
FNDA:0,(anonymous_14)
DA:52,1
DA:59,40
DA:60,40
DA:61,40
DA:69,40
DA:71,16
DA:78,40
DA:80,15
DA:88,40
DA:89,28
DA:90,12
DA:91,12
DA:94,22
DA:99,12
DA:100,12
DA:103,22
DA:104,12
DA:105,11
DA:110,40
DA:111,44
DA:112,44
DA:114,0
DA:118,40
DA:119,0
DA:122,40
DA:124,2
DA:125,2
DA:131,40
DA:132,16
DA:142,80
DA:157,24
DA:158,0
DA:185,24
DA:232,22
DA:253,2
DA:315,11
DA:316,11
DA:317,11
DA:319,11
DA:320,0
LF:40
LH:36
BRDA:53,0,0,40
BRDA:54,1,0,40
BRDA:55,2,0,40
BRDA:56,3,0,40
BRDA:57,4,0,40
BRDA:89,5,0,12
BRDA:89,5,1,16
BRDA:104,6,0,11
BRDA:104,6,1,1
BRDA:105,7,0,0
BRDA:105,7,1,11
BRDA:124,8,0,2
BRDA:124,8,1,0
BRDA:124,9,0,2
BRDA:124,9,1,1
BRDA:131,10,0,16
BRDA:131,10,1,24
BRDA:157,11,0,0
BRDA:157,11,1,24
BRDA:202,12,0,24
BRDA:202,12,1,22
BRDA:202,12,2,22
BRDA:222,13,0,2
BRDA:222,13,1,22
BRDA:234,14,0,22
BRDA:234,14,1,0
BRDA:239,15,0,22
BRDA:239,15,1,0
BRDA:246,16,0,22
BRDA:246,16,1,0
BRDA:273,17,0,22
BRDA:273,17,1,22
BRDA:287,18,0,40
BRDA:287,18,1,13
BRDA:316,19,0,11
BRDA:316,19,1,0
BRF:36
BRH:29
end_of_record
TN:
SF:src/components/feed/RequestCard.tsx
FN:38,(anonymous_0)
FN:108,QuickAction
FN:111,(anonymous_2)
FN:139,RequestCard
FN:150,(anonymous_4)
FN:167,(anonymous_5)
FN:176,(anonymous_6)
FN:182,(anonymous_7)
FN:186,(anonymous_8)
FN:196,(anonymous_9)
FN:216,(anonymous_10)
FN:217,(anonymous_11)
FN:404,(anonymous_12)
FNF:13
FNH:7
FNDA:0,(anonymous_0)
FNDA:85,QuickAction
FNDA:1,(anonymous_2)
FNDA:29,RequestCard
FNDA:28,(anonymous_4)
FNDA:27,(anonymous_5)
FNDA:1,(anonymous_6)
FNDA:0,(anonymous_7)
FNDA:1,(anonymous_8)
FNDA:0,(anonymous_9)
FNDA:0,(anonymous_10)
FNDA:0,(anonymous_11)
FNDA:0,(anonymous_12)
DA:38,1
DA:39,0
DA:40,0
DA:41,0
DA:42,0
DA:43,0
DA:44,0
DA:46,0
DA:60,1
DA:109,85
DA:112,1
DA:113,1
DA:140,29
DA:141,29
DA:142,29
DA:144,29
DA:145,29
DA:146,29
DA:147,29
DA:150,29
DA:151,28
DA:153,27
DA:155,1
DA:156,1
DA:157,1
DA:159,1
DA:163,1
DA:164,1
DA:167,29
DA:168,27
DA:169,27
DA:170,2
DA:171,25
DA:172,0
DA:176,29
DA:177,1
DA:178,1
DA:179,1
DA:182,29
DA:183,0
DA:186,29
DA:187,1
DA:188,1
DA:191,1
DA:196,29
DA:197,0
DA:198,0
DA:206,29
DA:207,29
DA:208,29
DA:209,29
DA:211,29
DA:216,0
DA:217,0
DA:405,0
LF:55
LH:41
BRDA:39,0,0,0
BRDA:39,0,1,0
BRDA:41,1,0,0
BRDA:41,1,1,0
BRDA:41,2,0,0
BRDA:41,2,1,0
BRDA:108,3,0,85
BRDA:108,4,0,85
BRDA:117,5,0,1
BRDA:117,5,1,83
BRDA:119,6,0,28
BRDA:119,6,1,55
BRDA:144,7,0,29
BRDA:144,7,1,1
BRDA:144,7,2,1
BRDA:144,7,3,27
BRDA:146,8,0,29
BRDA:146,8,1,0
BRDA:147,9,0,29
BRDA:147,9,1,0
BRDA:151,10,0,27
BRDA:151,10,1,1
BRDA:151,11,0,28
BRDA:151,11,1,5
BRDA:151,11,2,5
BRDA:151,11,3,1
BRDA:168,12,0,0
BRDA:168,12,1,27
BRDA:169,13,0,2
BRDA:169,13,1,25
BRDA:169,13,2,0
BRDA:191,14,0,1
BRDA:191,14,1,0
BRDA:197,15,0,0
BRDA:197,15,1,0
BRDA:207,16,0,0
BRDA:207,16,1,28
BRDA:208,17,0,29
BRDA:208,17,1,1
BRDA:234,18,0,26
BRDA:234,18,1,2
BRDA:248,19,0,29
BRDA:248,19,1,28
BRDA:250,20,0,29
BRDA:250,20,1,1
BRDA:258,21,0,29
BRDA:258,21,1,1
BRDA:263,22,0,29
BRDA:263,22,1,27
BRDA:277,23,0,0
BRDA:277,23,1,28
BRDA:303,24,0,0
BRDA:303,24,1,28
BRDA:305,25,0,29
BRDA:305,25,1,3
BRDA:305,25,2,26
BRDA:308,26,0,26
BRDA:308,26,1,0
BRDA:334,27,0,29
BRDA:334,27,1,27
BRDA:349,28,0,29
BRDA:349,28,1,0
BRDA:349,28,2,0
BRDA:357,29,0,0
BRDA:357,29,1,0
BRDA:368,30,0,29
BRDA:368,30,1,27
BRDA:368,30,2,1
BRDA:372,31,0,1
BRDA:372,31,1,1
BRDA:373,32,0,1
BRDA:373,32,1,1
BRDA:373,32,2,0
BRDA:397,33,0,29
BRDA:397,33,1,0
BRDA:417,34,0,0
BRDA:417,34,1,0
BRDA:426,35,0,27
BRDA:426,35,1,1
BRDA:442,36,0,1
BRDA:442,36,1,1
BRDA:453,37,0,0
BRDA:453,37,1,28
BRF:83
BRH:57
end_of_record
TN:
SF:src/components/gamification/BadgeDisplay.tsx
FN:40,BadgeDisplay
FN:45,(anonymous_1)
FN:51,(anonymous_2)
FN:57,(anonymous_3)
FN:70,(anonymous_4)
FN:79,(anonymous_5)
FN:129,(anonymous_6)
FN:185,(anonymous_7)
FN:204,(anonymous_8)
FN:209,(anonymous_9)
FN:230,(anonymous_10)
FN:248,(anonymous_11)
FN:266,(anonymous_12)
FN:285,BadgeRow
FN:296,(anonymous_14)
FNF:15
FNH:9
FNDA:23,BadgeDisplay
FNDA:12,(anonymous_1)
FNDA:11,(anonymous_2)
FNDA:10,(anonymous_3)
FNDA:60,(anonymous_4)
FNDA:20,(anonymous_5)
FNDA:20,(anonymous_6)
FNDA:0,(anonymous_7)
FNDA:0,(anonymous_8)
FNDA:0,(anonymous_9)
FNDA:0,(anonymous_10)
FNDA:20,(anonymous_11)
FNDA:20,(anonymous_12)
FNDA:0,BadgeRow
FNDA:0,(anonymous_14)
DA:41,23
DA:43,23
DA:45,12
DA:49,23
DA:51,11
DA:56,23
DA:57,23
DA:59,23
DA:60,12
DA:71,60
DA:79,11
DA:80,20
DA:129,11
DA:130,20
DA:158,11
DA:186,0
DA:205,0
DA:210,0
DA:230,0
DA:249,20
DA:267,20
DA:286,0
DA:288,0
DA:294,0
DA:297,0
LF:25
LH:17
BRDA:40,0,0,23
BRDA:40,1,0,23
BRDA:40,2,0,23
BRDA:56,3,0,23
BRDA:56,3,1,12
BRDA:57,4,0,23
BRDA:57,4,1,13
BRDA:59,5,0,12
BRDA:59,5,1,11
BRDA:118,6,0,20
BRDA:118,6,1,20
BRDA:129,7,0,20
BRDA:135,8,0,20
BRDA:135,8,1,0
BRDA:135,9,0,20
BRDA:135,9,1,0
BRDA:137,10,0,20
BRDA:137,10,1,0
BRDA:137,11,0,20
BRDA:137,11,1,0
BRDA:137,12,0,20
BRDA:137,12,1,0
BRDA:139,13,0,20
BRDA:139,13,1,0
BRDA:139,14,0,20
BRDA:139,14,1,0
BRDA:150,15,0,20
BRDA:150,15,1,0
BRDA:165,16,0,11
BRDA:165,16,1,10
BRDA:171,17,0,23
BRDA:171,17,1,0
BRDA:180,18,0,0
BRDA:180,18,1,11
BRDA:183,19,0,0
BRDA:183,19,1,0
BRDA:185,20,0,0
BRDA:185,20,1,0
BRDA:197,21,0,0
BRDA:197,21,1,0
BRDA:197,21,2,0
BRDA:209,22,0,0
BRDA:209,22,1,0
BRDA:226,23,0,0
BRDA:226,23,1,0
BRDA:233,24,0,0
BRDA:233,24,1,0
BRDA:246,25,0,10
BRDA:246,25,1,1
BRDA:248,26,0,1
BRDA:248,26,1,9
BRDA:259,27,0,11
BRDA:259,27,1,10
BRDA:259,27,2,10
BRDA:260,28,0,1
BRDA:260,28,1,9
BRDA:285,29,0,0
BRDA:285,30,0,0
BRDA:285,31,0,0
BRDA:286,32,0,0
BRDA:286,32,1,0
BRDA:298,33,0,0
BRDA:298,33,1,0
BRDA:305,34,0,0
BRDA:305,34,1,0
BRF:65
BRH:33
end_of_record
TN:
SF:src/components/listing/BundleSuggestions.tsx
FN:28,BundleSuggestions
FN:38,(anonymous_1)
FN:55,(anonymous_2)
FN:88,(anonymous_3)
FN:95,(anonymous_4)
FN:118,(anonymous_5)
FN:134,(anonymous_6)
FN:134,(anonymous_7)
FN:152,InlineBundleSuggestion
FN:169,(anonymous_9)
FNF:10
FNH:5
FNDA:27,BundleSuggestions
FNDA:22,(anonymous_1)
FNDA:66,(anonymous_2)
FNDA:11,(anonymous_3)
FNDA:1,(anonymous_4)
FNDA:0,(anonymous_5)
FNDA:0,(anonymous_6)
FNDA:0,(anonymous_7)
FNDA:0,InlineBundleSuggestion
FNDA:0,(anonymous_9)
DA:36,27
DA:38,22
DA:43,27
DA:45,27
DA:46,22
DA:56,66
DA:70,5
DA:71,0
DA:74,5
DA:89,11
DA:95,1
DA:119,0
DA:120,0
DA:134,0
DA:153,0
DA:155,0
DA:169,0
LF:17
LH:10
BRDA:33,0,0,27
BRDA:34,1,0,27
BRDA:40,2,0,27
BRDA:40,2,1,27
BRDA:43,3,0,27
BRDA:43,3,1,22
BRDA:45,4,0,22
BRDA:45,4,1,5
BRDA:70,5,0,0
BRDA:70,5,1,5
BRDA:70,6,0,5
BRDA:70,6,1,5
BRDA:98,7,0,9
BRDA:98,7,1,2
BRDA:98,8,0,1
BRDA:98,8,1,1
BRDA:112,9,0,11
BRDA:112,9,1,3
BRDA:129,10,0,5
BRDA:129,10,1,1
BRDA:129,10,2,1
BRDA:153,11,0,0
BRDA:153,11,1,0
BRF:23
BRH:20
end_of_record
TN:
SF:src/components/listing/ToolWizard.tsx
FN:152,FieldLabel
FN:164,(anonymous_1)
FN:165,(anonymous_2)
FN:166,(anonymous_3)
FN:186,ProTip
FN:202,FieldSuccess
FN:222,PricingSuggestion
FN:223,(anonymous_7)
FN:224,(anonymous_8)
FN:255,(anonymous_9)
FN:276,StepProgress
FN:279,(anonymous_11)
FN:289,(anonymous_12)
FN:333,ToolWizard
FN:368,(anonymous_14)
FN:372,(anonymous_15)
FN:389,(anonymous_16)
FN:395,(anonymous_17)
FN:405,(anonymous_18)
FN:408,(anonymous_19)
FN:410,(anonymous_20)
FN:413,(anonymous_21)
FN:419,(anonymous_22)
FN:421,(anonymous_23)
FN:421,(anonymous_24)
FN:422,(anonymous_25)
FN:422,(anonymous_26)
FN:426,(anonymous_27)
FN:427,(anonymous_28)
FN:429,(anonymous_29)
FN:434,(anonymous_30)
FN:464,(anonymous_31)
FN:466,(anonymous_32)
FN:471,(anonymous_33)
FN:472,(anonymous_34)
FN:478,(anonymous_35)
FN:492,(anonymous_36)
FN:497,(anonymous_37)
FN:502,(anonymous_38)
FN:512,(anonymous_39)
FN:529,(anonymous_40)
FN:551,(anonymous_41)
FN:563,(anonymous_42)
FN:577,(anonymous_43)
FN:581,(anonymous_44)
FN:611,(anonymous_45)
FN:615,(anonymous_46)
FN:644,(anonymous_47)
FN:689,(anonymous_48)
FN:716,(anonymous_49)
FN:743,(anonymous_50)
FN:752,(anonymous_51)
FN:811,(anonymous_52)
FN:823,(anonymous_53)
FN:841,(anonymous_54)
FN:862,(anonymous_55)
FN:870,(anonymous_56)
FN:893,(anonymous_57)
FN:910,(anonymous_58)
FN:917,(anonymous_59)
FN:939,(anonymous_60)
FN:985,(anonymous_61)
FN:1008,(anonymous_62)
FN:1025,(anonymous_63)
FN:1042,(anonymous_64)
FN:1067,(anonymous_65)
FN:1089,(anonymous_66)
FN:1114,(anonymous_67)
FN:1130,(anonymous_68)
FN:1149,(anonymous_69)
FN:1177,(anonymous_70)
FN:1215,(anonymous_71)
FN:1229,(anonymous_72)
FNF:73
FNH:63
FNDA:692,FieldLabel
FNDA:0,(anonymous_1)
FNDA:0,(anonymous_2)
FNDA:0,(anonymous_3)
FNDA:39,ProTip
FNDA:5,FieldSuccess
FNDA:8,PricingSuggestion
FNDA:16,(anonymous_7)
FNDA:24,(anonymous_8)
FNDA:1,(anonymous_9)
FNDA:154,StepProgress
FNDA:616,(anonymous_11)
FNDA:1,(anonymous_12)
FNDA:154,ToolWizard
FNDA:76,(anonymous_14)
FNDA:81,(anonymous_15)
FNDA:6,(anonymous_16)
FNDA:0,(anonymous_17)
FNDA:13,(anonymous_18)
FNDA:12,(anonymous_19)
FNDA:5,(anonymous_20)
FNDA:1,(anonymous_21)
FNDA:1,(anonymous_22)
FNDA:1,(anonymous_23)
FNDA:5,(anonymous_24)
FNDA:1,(anonymous_25)
FNDA:6,(anonymous_26)
FNDA:33,(anonymous_27)
FNDA:33,(anonymous_28)
FNDA:0,(anonymous_29)
FNDA:15,(anonymous_30)
FNDA:13,(anonymous_31)
FNDA:9,(anonymous_32)
FNDA:0,(anonymous_33)
FNDA:0,(anonymous_34)
FNDA:2,(anonymous_35)
FNDA:1,(anonymous_36)
FNDA:1,(anonymous_37)
FNDA:2,(anonymous_38)
FNDA:106,(anonymous_39)
FNDA:6,(anonymous_40)
FNDA:1,(anonymous_41)
FNDA:1,(anonymous_42)
FNDA:1060,(anonymous_43)
FNDA:4,(anonymous_44)
FNDA:424,(anonymous_45)
FNDA:4,(anonymous_46)
FNDA:4,(anonymous_47)
FNDA:24,(anonymous_48)
FNDA:120,(anonymous_49)
FNDA:60,(anonymous_50)
FNDA:1,(anonymous_51)
FNDA:8,(anonymous_52)
FNDA:1,(anonymous_53)
FNDA:1,(anonymous_54)
FNDA:0,(anonymous_55)
FNDA:1,(anonymous_56)
FNDA:1,(anonymous_57)
FNDA:0,(anonymous_58)
FNDA:1,(anonymous_59)
FNDA:0,(anonymous_60)
FNDA:16,(anonymous_61)
FNDA:1,(anonymous_62)
FNDA:1,(anonymous_63)
FNDA:1,(anonymous_64)
FNDA:1,(anonymous_65)
FNDA:1,(anonymous_66)
FNDA:1,(anonymous_67)
FNDA:1,(anonymous_68)
FNDA:1,(anonymous_69)
FNDA:32,(anonymous_70)
FNDA:2,(anonymous_71)
FNDA:1,(anonymous_72)
DA:81,1
DA:88,1
DA:101,1
DA:132,1
DA:153,692
DA:155,692
DA:164,0
DA:165,0
DA:166,0
DA:187,39
DA:203,5
DA:223,16
DA:224,24
DA:226,8
DA:229,8
DA:230,8
DA:231,8
DA:232,8
DA:233,8
DA:235,8
DA:255,1
DA:277,154
DA:280,616
DA:281,616
DA:282,616
DA:283,616
DA:285,616
DA:289,1
DA:334,154
DA:335,154
DA:336,154
DA:337,154
DA:338,154
DA:339,154
DA:340,154
DA:341,154
DA:342,154
DA:344,154
DA:366,154
DA:368,76
DA:372,154
DA:373,81
DA:374,5
DA:379,154
DA:384,154
DA:389,154
DA:390,6
DA:391,6
DA:393,6
DA:394,6
DA:395,0
DA:396,0
DA:399,6
DA:400,6
DA:402,6
DA:403,6
DA:404,13
DA:405,13
DA:407,13
DA:408,12
DA:410,5
DA:412,1
DA:413,1
DA:416,6
DA:419,154
DA:420,1
DA:421,5
DA:422,6
DA:426,154
DA:427,33
DA:428,33
DA:429,0
DA:434,154
DA:435,15
DA:437,15
DA:438,8
DA:439,8
DA:440,8
DA:441,8
DA:442,4
DA:446,15
DA:447,3
DA:450,15
DA:451,2
DA:452,0
DA:454,2
DA:455,0
DA:459,15
DA:460,15
DA:464,154
DA:465,13
DA:466,9
DA:467,9
DA:471,154
DA:472,0
DA:473,0
DA:477,154
DA:478,2
DA:493,1
DA:494,1
DA:495,1
DA:498,1
DA:502,154
DA:503,2
DA:504,2
DA:512,154
DA:513,106
DA:529,6
DA:551,1
DA:563,1
DA:578,1060
DA:581,4
DA:612,424
DA:615,4
DA:644,4
DA:689,154
DA:690,24
DA:717,120
DA:744,60
DA:752,1
DA:811,154
DA:812,8
DA:823,1
DA:841,1
DA:862,0
DA:870,1
DA:893,1
DA:910,0
DA:917,1
DA:939,0
DA:985,154
DA:986,16
DA:1008,1
DA:1025,1
DA:1042,1
DA:1067,1
DA:1089,1
DA:1114,1
DA:1130,1
DA:1149,1
DA:1177,32
DA:1207,154
DA:1215,2
DA:1229,1
LF:144
LH:131
BRDA:159,0,0,692
BRDA:159,0,1,440
BRDA:170,1,0,692
BRDA:170,1,1,0
BRDA:186,2,0,39
BRDA:226,3,0,0
BRDA:226,3,1,8
BRDA:226,4,0,8
BRDA:226,4,1,8
BRDA:230,5,0,8
BRDA:230,5,1,0
BRDA:231,6,0,8
BRDA:231,6,1,0
BRDA:233,7,0,8
BRDA:233,7,1,0
BRDA:283,8,0,616
BRDA:283,8,1,88
BRDA:289,9,0,1
BRDA:289,9,1,1
BRDA:291,10,0,88
BRDA:291,10,1,528
BRDA:296,11,0,88
BRDA:296,11,1,528
BRDA:298,12,0,154
BRDA:298,12,1,374
BRDA:304,13,0,88
BRDA:304,13,1,528
BRDA:306,14,0,154
BRDA:306,14,1,462
BRDA:311,15,0,616
BRDA:311,15,1,462
BRDA:317,16,0,88
BRDA:317,16,1,374
BRDA:373,17,0,5
BRDA:373,17,1,76
BRDA:373,18,0,81
BRDA:373,18,1,5
BRDA:379,19,0,21
BRDA:379,19,1,133
BRDA:384,20,0,14
BRDA:384,20,1,140
BRDA:390,21,0,6
BRDA:390,21,1,0
BRDA:391,22,0,0
BRDA:391,22,1,6
BRDA:394,23,0,0
BRDA:394,23,1,6
BRDA:420,24,0,1
BRDA:420,24,1,0
BRDA:428,25,0,0
BRDA:428,25,1,33
BRDA:437,26,0,8
BRDA:437,26,1,7
BRDA:438,27,0,4
BRDA:438,27,1,4
BRDA:439,28,0,4
BRDA:439,28,1,4
BRDA:440,29,0,4
BRDA:440,29,1,4
BRDA:441,30,0,4
BRDA:441,30,1,4
BRDA:441,31,0,8
BRDA:441,31,1,4
BRDA:446,32,0,3
BRDA:446,32,1,12
BRDA:447,33,0,0
BRDA:447,33,1,3
BRDA:450,34,0,2
BRDA:450,34,1,13
BRDA:451,35,0,0
BRDA:451,35,1,2
BRDA:451,36,0,2
BRDA:451,36,1,2
BRDA:454,37,0,0
BRDA:454,37,1,2
BRDA:454,38,0,2
BRDA:454,38,1,2
BRDA:465,39,0,9
BRDA:465,39,1,4
BRDA:479,40,0,1
BRDA:479,40,1,1
BRDA:479,41,0,2
BRDA:479,41,1,1
BRDA:486,42,0,1
BRDA:486,42,1,1
BRDA:487,43,0,1
BRDA:487,43,1,1
BRDA:498,44,0,1
BRDA:498,44,1,0
BRDA:503,45,0,2
BRDA:503,45,1,0
BRDA:530,46,0,5
BRDA:530,46,1,101
BRDA:532,47,0,106
BRDA:532,47,1,5
BRDA:533,48,0,106
BRDA:533,48,1,25
BRDA:533,48,2,25
BRDA:584,49,0,13
BRDA:584,49,1,1047
BRDA:592,50,0,13
BRDA:592,50,1,1047
BRDA:600,51,0,106
BRDA:600,51,1,5
BRDA:618,52,0,9
BRDA:618,52,1,415
BRDA:631,53,0,106
BRDA:631,53,1,5
BRDA:645,54,0,5
BRDA:645,54,1,101
BRDA:650,55,0,106
BRDA:650,55,1,5
BRDA:651,56,0,106
BRDA:651,56,1,5
BRDA:651,56,2,5
BRDA:654,57,0,106
BRDA:654,57,1,0
BRDA:662,58,0,106
BRDA:662,58,1,101
BRDA:720,59,0,48
BRDA:720,59,1,72
BRDA:724,60,0,48
BRDA:724,60,1,72
BRDA:731,61,0,120
BRDA:731,61,1,48
BRDA:757,62,0,60
BRDA:757,62,1,20
BRDA:765,63,0,24
BRDA:765,63,1,22
BRDA:768,64,0,13
BRDA:768,64,1,9
BRDA:773,65,0,13
BRDA:773,65,1,9
BRDA:794,66,0,24
BRDA:794,66,1,6
BRDA:801,67,0,24
BRDA:801,67,1,10
BRDA:801,67,2,5
BRDA:819,68,0,8
BRDA:819,68,1,8
BRDA:819,68,2,8
BRDA:842,69,0,0
BRDA:842,69,1,8
BRDA:846,70,0,8
BRDA:846,70,1,0
BRDA:860,71,0,8
BRDA:860,71,1,3
BRDA:867,72,0,8
BRDA:867,72,1,5
BRDA:867,72,2,2
BRDA:870,73,0,1
BRDA:870,73,1,0
BRDA:908,74,0,8
BRDA:908,74,1,6
BRDA:914,75,0,8
BRDA:914,75,1,2
BRDA:914,75,2,1
BRDA:917,76,0,1
BRDA:917,76,1,0
BRDA:940,77,0,0
BRDA:940,77,1,8
BRDA:944,78,0,8
BRDA:944,78,1,0
BRDA:952,79,0,8
BRDA:952,79,1,5
BRDA:1009,80,0,11
BRDA:1009,80,1,5
BRDA:1011,81,0,11
BRDA:1011,81,1,5
BRDA:1016,82,0,16
BRDA:1016,82,1,11
BRDA:1043,83,0,9
BRDA:1043,83,1,7
BRDA:1045,84,0,9
BRDA:1045,84,1,7
BRDA:1050,85,0,16
BRDA:1050,85,1,9
BRDA:1090,86,0,7
BRDA:1090,86,1,9
BRDA:1092,87,0,7
BRDA:1092,87,1,9
BRDA:1097,88,0,16
BRDA:1097,88,1,7
BRDA:1150,89,0,4
BRDA:1150,89,1,12
BRDA:1152,90,0,4
BRDA:1152,90,1,12
BRDA:1155,91,0,16
BRDA:1155,91,1,4
BRDA:1172,92,0,16
BRDA:1172,92,1,0
BRDA:1177,93,0,16
BRDA:1177,93,1,0
BRDA:1182,94,0,16
BRDA:1182,94,1,0
BRDA:1190,95,0,16
BRDA:1190,95,1,0
BRDA:1195,96,0,16
BRDA:1195,96,1,2
BRDA:1215,97,0,0
BRDA:1215,97,1,2
BRDA:1219,98,0,48
BRDA:1219,98,1,106
BRDA:1248,99,0,154
BRDA:1248,99,1,106
BRDA:1249,100,0,154
BRDA:1249,100,1,24
BRDA:1250,101,0,154
BRDA:1250,101,1,8
BRDA:1251,102,0,154
BRDA:1251,102,1,16
BRDA:1256,103,0,154
BRDA:1256,103,1,48
BRDA:1267,104,0,138
BRDA:1267,104,1,16
BRDA:1281,105,0,4
BRDA:1281,105,1,12
BRF:217
BRH:190
end_of_record
TN:
SF:src/components/offer/PhotoUploader.tsx
FN:17,PhotoUploader
FN:25,(anonymous_1)
FN:39,(anonymous_2)
FN:40,(anonymous_3)
FN:54,(anonymous_4)
FN:80,(anonymous_5)
FN:89,(anonymous_6)
FNF:7
FNH:6
FNDA:11,PhotoUploader
FNDA:3,(anonymous_1)
FNDA:1,(anonymous_2)
FNDA:2,(anonymous_3)
FNDA:0,(anonymous_4)
FNDA:4,(anonymous_5)
FNDA:1,(anonymous_6)
DA:25,11
DA:26,3
DA:27,3
DA:29,2
DA:30,2
DA:31,2
DA:32,1
DA:34,1
DA:36,2
DA:39,11
DA:40,2
DA:43,11
DA:54,0
DA:81,4
DA:89,1
LF:15
LH:14
BRDA:22,0,0,11
BRDA:23,1,0,11
BRDA:27,2,0,1
BRDA:27,2,1,2
BRDA:47,3,0,1
BRDA:47,3,1,10
BRDA:58,4,0,2
BRDA:58,4,1,9
BRDA:78,5,0,11
BRDA:78,5,1,2
BRF:10
BRH:10
end_of_record
TN:
SF:src/components/offer/PostcodeInput.tsx
FN:15,PostcodeInput
FN:23,(anonymous_1)
FNF:2
FNH:2
FNDA:11,PostcodeInput
FNDA:2,(anonymous_1)
DA:23,11
DA:24,2
DA:25,2
DA:28,11
LF:4
LH:4
BRDA:20,0,0,11
BRDA:21,1,0,11
BRDA:41,2,0,3
BRDA:41,2,1,8
BRDA:45,3,0,11
BRDA:45,3,1,3
BRF:6
BRH:6
end_of_record
TN:
SF:src/components/profile/ActivityTimeline.tsx
FN:56,groupByDate
FN:59,(anonymous_1)
FN:78,ActivityCard
FN:151,ActivityTimeline
FN:165,(anonymous_4)
FN:166,(anonymous_5)
FN:188,(anonymous_6)
FN:206,(anonymous_7)
FN:224,(anonymous_8)
FN:243,(anonymous_9)
FN:258,(anonymous_10)
FN:297,(anonymous_11)
FN:308,(anonymous_12)
FNF:13
FNH:11
FNDA:8,groupByDate
FNDA:4,(anonymous_1)
FNDA:4,ActivityCard
FNDA:8,ActivityTimeline
FNDA:1,(anonymous_4)
FNDA:1,(anonymous_5)
FNDA:1,(anonymous_6)
FNDA:0,(anonymous_7)
FNDA:1,(anonymous_8)
FNDA:1,(anonymous_9)
FNDA:0,(anonymous_10)
FNDA:4,(anonymous_11)
FNDA:4,(anonymous_12)
DA:57,8
DA:59,8
DA:61,4
DA:62,4
DA:63,0
DA:64,0
DA:66,0
DA:69,4
DA:70,4
DA:72,4
DA:75,8
DA:79,4
DA:81,4
DA:161,8
DA:164,8
DA:165,1
DA:167,1
DA:188,8
DA:189,1
DA:206,8
DA:207,0
DA:224,8
DA:225,1
DA:243,8
DA:244,1
DA:257,8
DA:258,0
DA:262,8
DA:264,8
DA:265,4
DA:284,4
DA:298,4
DA:309,4
LF:33
LH:28
BRDA:61,0,0,4
BRDA:61,0,1,0
BRDA:63,1,0,0
BRDA:63,1,1,0
BRDA:69,2,0,4
BRDA:69,2,1,0
BRDA:84,3,0,4
BRDA:84,3,1,0
BRDA:112,4,0,4
BRDA:112,4,1,3
BRDA:114,5,0,3
BRDA:114,5,1,0
BRDA:120,6,0,3
BRDA:120,6,1,1
BRDA:131,7,0,4
BRDA:131,7,1,1
BRDA:152,8,0,8
BRDA:153,9,0,8
BRDA:154,10,0,8
BRDA:155,11,0,8
BRDA:156,12,0,8
BRDA:157,13,0,8
BRDA:158,14,0,8
BRDA:174,15,0,0
BRDA:174,15,1,1
BRDA:176,16,0,0
BRDA:176,16,1,1
BRDA:179,17,0,1
BRDA:179,17,1,1
BRDA:182,18,0,1
BRDA:182,18,1,1
BRDA:232,19,0,1
BRDA:232,19,1,0
BRDA:233,20,0,0
BRDA:233,20,1,1
BRDA:264,21,0,4
BRDA:264,21,1,4
BRF:37
BRH:27
end_of_record
TN:
SF:src/components/profile/AddSpaceDialog.tsx
FN:62,AddSpaceDialog
FN:88,(anonymous_1)
FN:110,(anonymous_2)
FN:116,(anonymous_3)
FN:130,(anonymous_4)
FN:132,(anonymous_5)
FN:138,(anonymous_6)
FN:158,(anonymous_7)
FN:167,(anonymous_8)
FN:188,(anonymous_9)
FN:204,(anonymous_10)
FN:229,(anonymous_11)
FN:238,(anonymous_12)
FN:238,(anonymous_13)
FN:261,(anonymous_14)
FN:274,(anonymous_15)
FN:286,(anonymous_16)
FN:296,(anonymous_17)
FN:304,(anonymous_18)
FN:312,(anonymous_19)
FN:320,(anonymous_20)
FN:331,(anonymous_21)
FN:340,(anonymous_22)
FN:360,(anonymous_23)
FN:372,(anonymous_24)
FN:385,(anonymous_25)
FN:397,(anonymous_26)
FN:410,(anonymous_27)
FNF:28
FNH:7
FNDA:31,AddSpaceDialog
FNDA:2,(anonymous_1)
FNDA:2,(anonymous_2)
FNDA:0,(anonymous_3)
FNDA:0,(anonymous_4)
FNDA:0,(anonymous_5)
FNDA:2,(anonymous_6)
FNDA:3,(anonymous_7)
FNDA:0,(anonymous_8)
FNDA:2,(anonymous_9)
FNDA:0,(anonymous_10)
FNDA:0,(anonymous_11)
FNDA:0,(anonymous_12)
FNDA:0,(anonymous_13)
FNDA:0,(anonymous_14)
FNDA:0,(anonymous_15)
FNDA:0,(anonymous_16)
FNDA:0,(anonymous_17)
FNDA:0,(anonymous_18)
FNDA:0,(anonymous_19)
FNDA:0,(anonymous_20)
FNDA:465,(anonymous_21)
FNDA:0,(anonymous_22)
FNDA:0,(anonymous_23)
FNDA:0,(anonymous_24)
FNDA:0,(anonymous_25)
FNDA:0,(anonymous_26)
FNDA:0,(anonymous_27)
DA:21,1
DA:63,31
DA:64,31
DA:82,31
DA:83,31
DA:84,31
DA:86,31
DA:88,2
DA:111,2
DA:112,2
DA:116,31
DA:117,0
DA:118,0
DA:120,0
DA:121,0
DA:122,0
DA:123,0
DA:125,0
DA:127,0
DA:130,31
DA:131,0
DA:132,0
DA:134,0
DA:138,31
DA:139,2
DA:140,2
DA:143,31
DA:158,3
DA:167,0
DA:188,2
DA:204,0
DA:230,0
DA:238,0
DA:261,0
DA:274,0
DA:286,0
DA:296,0
DA:304,0
DA:312,0
DA:320,0
DA:332,465
DA:340,0
DA:360,0
DA:372,0
DA:385,0
DA:397,0
DA:410,0
LF:47
LH:19
BRDA:94,0,0,2
BRDA:94,0,1,2
BRDA:95,1,0,2
BRDA:95,1,1,2
BRDA:96,2,0,2
BRDA:96,2,1,0
BRDA:97,3,0,2
BRDA:97,3,1,2
BRDA:100,4,0,2
BRDA:100,4,1,2
BRDA:105,5,0,2
BRDA:105,5,1,0
BRDA:106,6,0,2
BRDA:106,6,1,2
BRDA:107,7,0,2
BRDA:107,7,1,2
BRDA:108,8,0,2
BRDA:108,8,1,2
BRDA:118,9,0,0
BRDA:118,9,1,0
BRDA:131,10,0,0
BRDA:131,10,1,0
BRDA:207,11,0,0
BRDA:207,11,1,31
BRDA:227,12,0,31
BRDA:227,12,1,0
BRDA:261,13,0,0
BRDA:261,13,1,0
BRDA:274,14,0,0
BRDA:274,14,1,0
BRDA:286,15,0,0
BRDA:286,15,1,0
BRDA:334,16,0,0
BRDA:334,16,1,465
BRDA:336,17,0,0
BRDA:336,17,1,465
BRDA:360,18,0,0
BRDA:360,18,1,0
BRDA:372,19,0,0
BRDA:372,19,1,0
BRDA:385,20,0,0
BRDA:385,20,1,0
BRDA:397,21,0,0
BRDA:397,21,1,0
BRDA:410,22,0,0
BRDA:410,22,1,0
BRDA:429,23,0,31
BRDA:429,23,1,31
BRDA:432,24,0,0
BRDA:432,24,1,31
BRF:50
BRH:23
end_of_record
TN:
SF:src/components/profile/AddToolDialog.tsx
FN:45,AddToolDialog
FN:71,(anonymous_1)
FN:84,(anonymous_2)
FN:90,(anonymous_3)
FN:104,(anonymous_4)
FN:122,(anonymous_5)
FN:131,(anonymous_6)
FN:155,(anonymous_7)
FN:165,(anonymous_8)
FN:184,(anonymous_9)
FN:209,(anonymous_10)
FN:218,(anonymous_11)
FN:218,(anonymous_12)
FN:237,(anonymous_13)
FN:258,(anonymous_14)
FN:273,(anonymous_15)
FN:289,(anonymous_16)
FN:301,(anonymous_17)
FN:316,(anonymous_18)
FN:338,(anonymous_19)
FN:351,(anonymous_20)
FN:362,(anonymous_21)
FN:377,(anonymous_22)
FN:389,(anonymous_23)
FN:402,(anonymous_24)
FNF:25
FNH:8
FNDA:30,AddToolDialog
FNDA:2,(anonymous_1)
FNDA:2,(anonymous_2)
FNDA:0,(anonymous_3)
FNDA:2,(anonymous_4)
FNDA:3,(anonymous_5)
FNDA:0,(anonymous_6)
FNDA:2,(anonymous_7)
FNDA:0,(anonymous_8)
FNDA:0,(anonymous_9)
FNDA:0,(anonymous_10)
FNDA:0,(anonymous_11)
FNDA:0,(anonymous_12)
FNDA:0,(anonymous_13)
FNDA:1,(anonymous_14)
FNDA:1,(anonymous_15)
FNDA:0,(anonymous_16)
FNDA:0,(anonymous_17)
FNDA:0,(anonymous_18)
FNDA:0,(anonymous_19)
FNDA:0,(anonymous_20)
FNDA:0,(anonymous_21)
FNDA:0,(anonymous_22)
FNDA:0,(anonymous_23)
FNDA:0,(anonymous_24)
DA:46,30
DA:47,30
DA:66,30
DA:67,30
DA:69,30
DA:71,2
DA:85,2
DA:86,2
DA:90,30
DA:91,0
DA:92,0
DA:94,0
DA:95,0
DA:96,0
DA:97,0
DA:99,0
DA:101,0
DA:104,30
DA:105,2
DA:106,2
DA:109,30
DA:122,3
DA:131,0
DA:155,2
DA:165,0
DA:184,0
DA:210,0
DA:218,0
DA:237,0
DA:258,1
DA:273,1
DA:289,0
DA:301,0
DA:316,0
DA:338,0
DA:351,0
DA:362,0
DA:377,0
DA:389,0
DA:402,0
LF:40
LH:17
BRDA:77,0,0,2
BRDA:77,0,1,2
BRDA:82,1,0,2
BRDA:82,1,1,0
BRDA:92,2,0,0
BRDA:92,2,1,0
BRDA:187,3,0,0
BRDA:187,3,1,30
BRDA:207,4,0,30
BRDA:207,4,1,0
BRDA:248,5,0,30
BRDA:248,5,1,30
BRDA:248,5,2,30
BRDA:258,6,0,1
BRDA:258,6,1,0
BRDA:260,7,0,30
BRDA:260,7,1,30
BRDA:262,8,0,30
BRDA:262,8,1,30
BRDA:262,8,2,30
BRDA:273,9,0,1
BRDA:273,9,1,0
BRDA:275,10,0,30
BRDA:275,10,1,30
BRDA:280,11,0,30
BRDA:280,11,1,0
BRDA:289,12,0,0
BRDA:289,12,1,0
BRDA:301,13,0,0
BRDA:301,13,1,0
BRDA:316,14,0,0
BRDA:316,14,1,0
BRDA:342,15,0,30
BRDA:342,15,1,0
BRDA:351,16,0,0
BRDA:351,16,1,0
BRDA:362,17,0,0
BRDA:362,17,1,0
BRDA:381,18,0,30
BRDA:381,18,1,0
BRDA:389,19,0,0
BRDA:389,19,1,0
BRDA:415,20,0,0
BRDA:415,20,1,30
BRF:44
BRH:21
end_of_record
TN:
SF:src/components/profile/EditProfileDialog.tsx
FN:44,EditProfileDialog
FN:63,(anonymous_1)
FN:64,(anonymous_2)
FN:69,(anonymous_3)
FN:78,(anonymous_4)
FN:89,(anonymous_5)
FN:118,(anonymous_6)
FN:126,(anonymous_7)
FN:130,(anonymous_8)
FN:145,(anonymous_9)
FN:156,(anonymous_10)
FN:170,(anonymous_11)
FN:172,(anonymous_12)
FN:178,(anonymous_13)
FN:207,(anonymous_14)
FN:288,(anonymous_15)
FN:299,(anonymous_16)
FN:312,(anonymous_17)
FNF:18
FNH:7
FNDA:43,EditProfileDialog
FNDA:3,(anonymous_1)
FNDA:2,(anonymous_2)
FNDA:1,(anonymous_3)
FNDA:0,(anonymous_4)
FNDA:0,(anonymous_5)
FNDA:0,(anonymous_6)
FNDA:0,(anonymous_7)
FNDA:0,(anonymous_8)
FNDA:0,(anonymous_9)
FNDA:0,(anonymous_10)
FNDA:0,(anonymous_11)
FNDA:0,(anonymous_12)
FNDA:0,(anonymous_13)
FNDA:3,(anonymous_14)
FNDA:2,(anonymous_15)
FNDA:1,(anonymous_16)
FNDA:0,(anonymous_17)
DA:45,43
DA:46,43
DA:47,43
DA:56,43
DA:57,43
DA:58,43
DA:59,43
DA:60,43
DA:62,43
DA:63,3
DA:65,2
DA:66,2
DA:67,2
DA:71,1
DA:74,1
DA:78,43
DA:79,0
DA:80,0
DA:82,0
DA:83,0
DA:84,0
DA:85,0
DA:88,0
DA:90,0
DA:91,0
DA:93,0
DA:94,0
DA:97,0
DA:98,0
DA:99,0
DA:101,0
DA:108,0
DA:109,0
DA:116,0
DA:119,0
DA:120,0
DA:121,0
DA:126,43
DA:127,0
DA:130,43
DA:131,0
DA:132,0
DA:134,0
DA:135,0
DA:136,0
DA:139,0
DA:140,0
DA:141,0
DA:144,0
DA:145,0
DA:146,0
DA:148,0
DA:150,0
DA:151,0
DA:153,0
DA:154,0
DA:155,0
DA:156,0
DA:158,0
DA:159,0
DA:162,0
DA:163,0
DA:164,0
DA:166,0
DA:170,43
DA:171,0
DA:172,0
DA:173,0
DA:174,0
DA:178,43
DA:179,0
DA:181,0
DA:182,0
DA:184,0
DA:185,0
DA:188,0
DA:190,0
DA:191,0
DA:197,0
DA:200,0
DA:201,0
DA:204,0
DA:207,43
DA:208,3
DA:209,3
DA:211,3
DA:213,3
DA:214,3
DA:215,3
DA:216,3
DA:218,3
DA:219,0
DA:220,0
DA:223,3
DA:226,43
DA:288,2
DA:299,1
DA:312,0
LF:98
LH:33
BRDA:48,0,0,43
BRDA:48,0,1,1
BRDA:49,1,0,43
BRDA:49,1,1,0
BRDA:50,2,0,43
BRDA:50,2,1,1
BRDA:51,3,0,43
BRDA:51,3,1,0
BRDA:52,4,0,43
BRDA:52,4,1,43
BRDA:53,5,0,43
BRDA:53,5,1,43
BRDA:54,6,0,43
BRDA:54,6,1,0
BRDA:56,7,0,43
BRDA:56,7,1,0
BRDA:71,8,0,1
BRDA:71,8,1,1
BRDA:71,8,2,0
BRDA:82,9,0,0
BRDA:82,9,1,0
BRDA:99,10,0,0
BRDA:99,10,1,0
BRDA:99,10,2,0
BRDA:99,10,3,0
BRDA:99,11,0,0
BRDA:99,11,1,0
BRDA:99,11,2,0
BRDA:132,12,0,0
BRDA:132,12,1,0
BRDA:134,13,0,0
BRDA:134,13,1,0
BRDA:139,14,0,0
BRDA:139,14,1,0
BRDA:155,15,0,0
BRDA:155,15,1,0
BRDA:159,16,0,0
BRDA:159,16,1,0
BRDA:164,17,0,0
BRDA:164,17,1,0
BRDA:173,18,0,0
BRDA:173,18,1,0
BRDA:179,19,0,0
BRDA:179,19,1,0
BRDA:190,20,0,0
BRDA:190,20,1,0
BRDA:190,21,0,0
BRDA:190,21,1,0
BRDA:213,22,0,3
BRDA:213,22,1,0
BRDA:214,23,0,3
BRDA:214,23,1,0
BRDA:215,24,0,3
BRDA:215,24,1,0
BRDA:216,25,0,3
BRDA:216,25,1,0
BRDA:218,26,0,0
BRDA:218,26,1,3
BRDA:218,27,0,3
BRDA:218,27,1,0
BRDA:234,28,0,43
BRDA:234,28,1,2
BRDA:257,29,0,43
BRDA:257,29,1,0
BRDA:259,30,0,43
BRDA:259,30,1,1
BRDA:259,30,2,0
BRDA:263,31,0,0
BRDA:263,31,1,43
BRDA:270,32,0,43
BRDA:270,32,1,43
BRDA:270,32,2,43
BRDA:325,33,0,0
BRDA:325,33,1,43
BRDA:335,34,0,43
BRDA:335,34,1,0
BRDA:335,34,2,0
BRDA:340,35,0,43
BRDA:340,35,1,0
BRDA:356,36,0,1
BRDA:356,36,1,42
BRF:81
BRH:34
end_of_record
TN:
SF:src/components/profile/GettingStartedCard.tsx
FN:50,GettingStartedCard
FN:60,(anonymous_1)
FN:70,(anonymous_2)
FN:79,(anonymous_3)
FN:106,(anonymous_4)
FN:119,(anonymous_5)
FN:133,(anonymous_6)
FN:191,(anonymous_7)
FN:203,(anonymous_8)
FNF:9
FNH:4
FNDA:8,GettingStartedCard
FNDA:1,(anonymous_1)
FNDA:0,(anonymous_2)
FNDA:0,(anonymous_3)
FNDA:0,(anonymous_4)
FNDA:48,(anonymous_5)
FNDA:0,(anonymous_6)
FNDA:0,(anonymous_7)
FNDA:48,(anonymous_8)
DA:57,8
DA:58,8
DA:60,8
DA:61,8
DA:64,8
DA:70,0
DA:79,0
DA:106,0
DA:119,48
DA:120,8
DA:121,8
DA:122,8
DA:125,8
DA:126,0
DA:129,8
DA:133,0
DA:191,0
DA:204,48
DA:205,48
LF:19
LH:13
BRDA:52,0,0,8
BRDA:53,1,0,8
BRDA:55,2,0,8
BRDA:87,3,0,8
BRDA:87,3,1,8
BRDA:125,4,0,0
BRDA:125,4,1,8
BRDA:150,5,0,8
BRDA:150,5,1,0
BRDA:168,6,0,8
BRDA:168,6,1,8
BRDA:177,7,0,8
BRDA:177,7,1,7
BRDA:177,7,2,1
BRDA:186,8,0,0
BRDA:186,8,1,1
BRDA:212,9,0,6
BRDA:212,9,1,42
BRDA:219,10,0,6
BRDA:219,10,1,42
BRDA:223,11,0,6
BRDA:223,11,1,42
BRDA:233,12,0,6
BRDA:233,12,1,42
BRDA:238,13,0,6
BRDA:238,13,1,42
BRDA:240,14,0,6
BRDA:240,14,1,42
BRDA:245,15,0,48
BRDA:245,15,1,42
BRDA:245,15,2,21
BRF:31
BRH:28
end_of_record
TN:
SF:src/components/profile/MyReviews.tsx
FN:11,MyReviews
FN:23,(anonymous_1)
FN:39,(anonymous_2)
FNF:3
FNH:3
FNDA:10,MyReviews
FNDA:12,(anonymous_1)
FNDA:60,(anonymous_2)
DA:12,10
DA:13,1
DA:21,9
DA:24,12
DA:25,12
DA:27,12
DA:40,60
LF:7
LH:7
BRDA:12,0,0,1
BRDA:12,0,1,9
BRDA:24,1,0,12
BRDA:24,1,1,1
BRDA:25,2,0,12
BRDA:25,2,1,0
BRDA:43,3,0,59
BRDA:43,3,1,1
BRDA:54,4,0,12
BRDA:54,4,1,11
BRF:10
BRH:9
end_of_record
TN:
SF:src/components/profile/MySpaces.tsx
FN:24,MySpaces
FN:29,(anonymous_1)
FN:30,(anonymous_2)
FN:36,(anonymous_3)
FN:56,(anonymous_4)
FN:104,(anonymous_5)
FN:152,(anonymous_6)
FN:164,(anonymous_7)
FN:175,(anonymous_8)
FNF:9
FNH:8
FNDA:33,MySpaces
FNDA:1,(anonymous_1)
FNDA:1,(anonymous_2)
FNDA:30,(anonymous_3)
FNDA:30,(anonymous_4)
FNDA:0,(anonymous_5)
FNDA:4,(anonymous_6)
FNDA:2,(anonymous_7)
FNDA:1,(anonymous_8)
DA:25,33
DA:26,33
DA:28,33
DA:29,1
DA:31,1
DA:32,1
DA:36,33
DA:37,30
DA:38,30
DA:39,30
DA:40,30
DA:41,30
DA:44,33
DA:45,4
DA:53,29
DA:57,30
DA:105,0
DA:152,4
DA:164,2
DA:175,1
LF:20
LH:19
BRDA:38,0,0,27
BRDA:38,0,1,3
BRDA:39,1,0,27
BRDA:39,1,1,3
BRDA:40,2,0,27
BRDA:40,2,1,3
BRDA:41,3,0,29
BRDA:41,3,1,1
BRDA:44,4,0,4
BRDA:44,4,1,29
BRDA:58,5,0,30
BRDA:58,5,1,29
BRDA:70,6,0,30
BRDA:70,6,1,1
BRDA:81,7,0,30
BRDA:81,7,1,30
BRDA:81,8,0,30
BRDA:81,8,1,0
BRDA:85,9,0,30
BRDA:85,9,1,30
BRDA:87,10,0,30
BRDA:87,10,1,0
BRDA:90,11,0,30
BRDA:90,11,1,0
BRDA:90,12,0,30
BRDA:90,12,1,0
BRDA:91,13,0,30
BRDA:91,13,1,30
BRDA:93,14,0,30
BRDA:93,14,1,0
BRDA:102,15,0,30
BRDA:102,15,1,0
BRDA:102,15,2,0
BRDA:109,16,0,0
BRDA:109,16,1,0
BRDA:119,17,0,30
BRDA:119,17,1,0
BRDA:125,18,0,30
BRDA:125,18,1,0
BRDA:138,19,0,0
BRDA:138,19,1,30
BRDA:141,20,0,30
BRDA:141,20,1,0
BRDA:143,21,0,30
BRDA:143,21,1,30
BRDA:163,22,0,29
BRDA:163,22,1,4
BRF:47
BRH:34
end_of_record
TN:
SF:src/components/profile/MyStats.tsx
FN:42,StatCard
FN:84,QuickActionCard
FN:113,MyStats
FN:117,(anonymous_3)
FN:118,(anonymous_4)
FN:121,(anonymous_5)
FN:134,(anonymous_6)
FN:135,(anonymous_7)
FN:152,(anonymous_8)
FN:172,(anonymous_9)
FN:223,(anonymous_10)
FN:229,(anonymous_11)
FN:235,(anonymous_12)
FN:242,(anonymous_13)
FNF:14
FNH:9
FNDA:48,StatCard
FNDA:38,QuickActionCard
FNDA:13,MyStats
FNDA:5,(anonymous_3)
FNDA:3,(anonymous_4)
FNDA:5,(anonymous_5)
FNDA:5,(anonymous_6)
FNDA:0,(anonymous_7)
FNDA:0,(anonymous_8)
FNDA:0,(anonymous_9)
FNDA:1,(anonymous_10)
FNDA:1,(anonymous_11)
FNDA:0,(anonymous_12)
FNDA:0,(anonymous_13)
DA:21,1
DA:29,1
DA:43,48
DA:85,38
DA:114,13
DA:116,13
DA:117,5
DA:118,3
DA:120,13
DA:121,5
DA:125,13
DA:126,13
DA:128,13
DA:129,13
DA:130,12
DA:131,12
DA:133,12
DA:134,5
DA:135,0
DA:138,13
DA:152,0
DA:172,0
DA:223,1
DA:229,1
DA:235,0
DA:242,0
LF:26
LH:21
BRDA:42,0,0,48
BRDA:54,1,0,48
BRDA:54,1,1,0
BRDA:116,2,0,13
BRDA:116,2,1,10
BRDA:117,3,0,5
BRDA:117,3,1,5
BRDA:118,4,0,3
BRDA:118,4,1,0
BRDA:120,5,0,13
BRDA:120,5,1,11
BRDA:121,6,0,5
BRDA:121,6,1,0
BRDA:121,6,2,5
BRDA:121,6,3,4
BRDA:121,6,4,3
BRDA:125,7,0,13
BRDA:125,7,1,1
BRDA:126,8,0,13
BRDA:126,8,1,1
BRDA:129,9,0,1
BRDA:129,9,1,12
BRDA:129,10,0,13
BRDA:129,10,1,11
BRDA:130,11,0,0
BRDA:130,11,1,12
BRDA:130,12,0,12
BRDA:130,12,1,11
BRDA:131,13,0,0
BRDA:131,13,1,12
BRDA:131,14,0,12
BRDA:131,14,1,11
BRDA:133,15,0,12
BRDA:133,15,1,0
BRDA:134,16,0,5
BRDA:134,16,1,3
BRDA:135,17,0,0
BRDA:135,17,1,0
BRDA:141,18,0,13
BRDA:141,18,1,1
BRDA:161,19,0,13
BRDA:161,19,1,2
BRDA:167,20,0,1
BRDA:167,20,1,1
BRDA:238,21,0,13
BRDA:238,21,1,1
BRF:46
BRH:38
end_of_record
TN:
SF:src/components/profile/MyTools.tsx
FN:26,MyTools
FN:32,(anonymous_1)
FN:33,(anonymous_2)
FN:39,(anonymous_3)
FN:55,(anonymous_4)
FN:84,(anonymous_5)
FN:92,(anonymous_6)
FN:103,(anonymous_7)
FN:114,(anonymous_8)
FNF:9
FNH:9
FNDA:48,MyTools
FNDA:1,(anonymous_1)
FNDA:1,(anonymous_2)
FNDA:52,(anonymous_3)
FNDA:52,(anonymous_4)
FNDA:1,(anonymous_5)
FNDA:4,(anonymous_6)
FNDA:2,(anonymous_7)
FNDA:1,(anonymous_8)
DA:27,48
DA:28,48
DA:29,48
DA:31,48
DA:32,1
DA:34,1
DA:35,1
DA:39,48
DA:40,52
DA:41,52
DA:42,52
DA:43,52
DA:46,48
DA:56,52
DA:84,1
DA:92,4
DA:103,2
DA:114,1
LF:18
LH:18
BRDA:41,0,0,50
BRDA:41,0,1,2
BRDA:42,1,0,25
BRDA:42,1,1,27
BRDA:43,2,0,50
BRDA:43,2,1,2
BRDA:48,3,0,22
BRDA:48,3,1,26
BRDA:57,4,0,52
BRDA:57,4,1,25
BRDA:72,5,0,25
BRDA:72,5,1,27
BRDA:102,6,0,48
BRDA:102,6,1,4
BRF:14
BRH:14
end_of_record
TN:
SF:src/components/profile/PortfolioGallery.tsx
FN:52,PortfolioGallery
FN:64,(anonymous_1)
FN:66,(anonymous_2)
FN:80,(anonymous_3)
FN:82,(anonymous_4)
FN:97,(anonymous_5)
FN:102,(anonymous_6)
FN:106,(anonymous_7)
FN:109,(anonymous_8)
FN:115,(anonymous_9)
FN:159,(anonymous_10)
FN:182,(anonymous_11)
FN:192,(anonymous_12)
FN:246,(anonymous_13)
FN:260,(anonymous_14)
FNF:15
FNH:9
FNDA:16,PortfolioGallery
FNDA:23,(anonymous_1)
FNDA:33,(anonymous_2)
FNDA:3,(anonymous_3)
FNDA:0,(anonymous_4)
FNDA:33,(anonymous_5)
FNDA:0,(anonymous_6)
FNDA:1,(anonymous_7)
FNDA:0,(anonymous_8)
FNDA:0,(anonymous_9)
FNDA:33,(anonymous_10)
FNDA:33,(anonymous_11)
FNDA:1,(anonymous_12)
FNDA:0,(anonymous_13)
FNDA:0,(anonymous_14)
DA:57,16
DA:58,16
DA:61,16
DA:64,16
DA:65,23
DA:66,22
DA:67,33
DA:80,16
DA:81,3
DA:82,0
DA:83,0
DA:97,33
DA:100,16
DA:102,0
DA:105,16
DA:106,1
DA:109,16
DA:110,0
DA:111,0
DA:115,16
DA:116,0
DA:117,0
DA:121,16
DA:122,4
DA:141,11
DA:160,33
DA:183,33
DA:192,1
DA:246,0
DA:260,0
LF:30
LH:21
BRDA:53,0,0,16
BRDA:54,1,0,16
BRDA:55,2,0,16
BRDA:65,3,0,22
BRDA:65,3,1,1
BRDA:65,4,0,23
BRDA:65,4,1,23
BRDA:81,5,0,0
BRDA:81,5,1,3
BRDA:81,6,0,3
BRDA:81,6,1,3
BRDA:87,7,0,0
BRDA:87,7,1,0
BRDA:100,8,0,15
BRDA:100,8,1,0
BRDA:105,9,0,1
BRDA:105,9,1,14
BRDA:110,10,0,0
BRDA:110,10,1,0
BRDA:116,11,0,0
BRDA:116,11,1,0
BRDA:121,12,0,4
BRDA:121,12,1,12
BRDA:153,13,0,11
BRDA:153,13,1,11
BRDA:161,14,0,11
BRDA:161,14,1,22
BRDA:204,15,0,33
BRDA:204,15,1,33
BRDA:223,16,0,33
BRDA:223,16,1,0
BRDA:228,17,0,33
BRDA:228,17,1,0
BRDA:235,18,0,16
BRDA:235,18,1,0
BRDA:249,19,0,16
BRDA:249,19,1,1
BRDA:267,20,0,1
BRDA:267,20,1,0
BRDA:275,21,0,1
BRDA:275,21,1,1
BRDA:297,22,0,1
BRDA:297,22,1,1
BRDA:302,23,0,1
BRDA:302,23,1,0
BRDA:308,24,0,1
BRDA:308,24,1,0
BRDA:320,25,0,1
BRDA:320,25,1,1
BRF:49
BRH:35
end_of_record
TN:
SF:src/components/profile/ProfileHeader.tsx
FN:53,VerificationBadgeItem
FN:84,ProfileHeader
FN:101,(anonymous_2)
FN:111,(anonymous_3)
FN:116,(anonymous_4)
FN:119,(anonymous_5)
FN:319,(anonymous_6)
FN:319,(anonymous_7)
FNF:8
FNH:5
FNDA:40,VerificationBadgeItem
FNDA:14,ProfileHeader
FNDA:60,(anonymous_2)
FNDA:0,(anonymous_3)
FNDA:0,(anonymous_4)
FNDA:0,(anonymous_5)
FNDA:39,(anonymous_6)
FNDA:39,(anonymous_7)
DA:54,40
DA:55,40
DA:92,14
DA:94,14
DA:98,14
DA:101,60
DA:102,14
DA:105,14
DA:111,14
DA:112,0
DA:113,0
DA:114,0
DA:115,0
DA:116,0
DA:119,14
DA:120,0
DA:121,0
DA:122,0
DA:123,0
DA:129,0
DA:132,0
DA:136,14
DA:319,39
DA:320,39
LF:24
LH:13
BRDA:66,0,0,39
BRDA:66,0,1,0
BRDA:73,1,0,40
BRDA:73,1,1,39
BRDA:78,2,0,39
BRDA:78,2,1,0
BRDA:86,3,0,14
BRDA:87,4,0,14
BRDA:88,5,0,14
BRDA:94,6,0,13
BRDA:94,6,1,0
BRDA:98,7,0,14
BRDA:98,7,1,0
BRDA:121,8,0,0
BRDA:121,8,1,0
BRDA:124,9,0,0
BRDA:124,9,1,0
BRDA:168,10,0,14
BRDA:168,10,1,0
BRDA:196,11,0,0
BRDA:196,11,1,13
BRDA:224,12,0,14
BRDA:224,12,1,0
BRDA:224,12,2,0
BRDA:229,13,0,14
BRDA:229,13,1,12
BRDA:257,14,0,14
BRDA:257,14,1,0
BRDA:257,14,2,0
BRDA:259,15,0,14
BRDA:259,15,1,12
BRDA:266,16,0,14
BRDA:266,16,1,0
BRDA:297,17,0,14
BRDA:297,17,1,0
BRDA:303,18,0,14
BRDA:303,18,1,13
BRDA:312,19,0,14
BRDA:312,19,1,0
BRDA:324,20,0,14
BRDA:324,20,1,13
BRDA:324,20,2,1
BRDA:324,20,3,1
BRDA:324,20,4,12
BRDA:329,21,0,14
BRDA:329,21,1,12
BRDA:336,22,0,14
BRDA:336,22,1,12
BRDA:343,23,0,14
BRDA:343,23,1,12
BRDA:352,24,0,14
BRDA:352,24,1,1
BRDA:352,24,2,1
BRDA:352,24,3,1
BRF:54
BRH:37
end_of_record
TN:
SF:src/components/profile/ProfileHero.tsx
FN:47,StatPill
FN:76,ProfileHero
FN:176,(anonymous_2)
FNF:3
FNH:3
FNDA:49,StatPill
FNDA:17,ProfileHero
FNDA:1,(anonymous_2)
DA:27,1
DA:35,1
DA:48,49
DA:85,17
DA:89,17
DA:177,1
DA:178,1
LF:7
LH:7
BRDA:47,0,0,49
BRDA:54,1,0,16
BRDA:54,1,1,32
BRDA:78,2,0,17
BRDA:79,3,0,17
BRDA:80,4,0,17
BRDA:81,5,0,17
BRDA:85,6,0,15
BRDA:85,6,1,1
BRDA:121,7,0,17
BRDA:121,7,1,1
BRDA:123,8,0,17
BRDA:123,8,1,1
BRDA:123,8,2,1
BRDA:125,9,0,17
BRDA:125,9,1,15
BRDA:126,10,0,17
BRDA:126,10,1,1
BRDA:142,11,0,17
BRDA:142,11,1,1
BRDA:142,11,2,1
BRDA:143,12,0,17
BRDA:143,12,1,15
BRDA:144,13,0,17
BRDA:144,13,1,1
BRDA:160,14,0,17
BRDA:160,14,1,0
BRDA:166,15,0,17
BRDA:166,15,1,15
BRDA:188,16,0,17
BRDA:188,16,1,0
BRDA:193,17,0,17
BRDA:193,17,1,16
BRDA:215,18,0,17
BRDA:215,18,1,1
BRDA:221,19,0,17
BRDA:221,19,1,1
BRF:37
BRH:35
end_of_record
TN:
SF:src/components/profile/ReviewsSection.tsx
FN:48,RatingBreakdown
FN:49,(anonymous_1)
FN:51,(anonymous_2)
FN:62,(anonymous_3)
FN:84,ReviewCard
FN:122,(anonymous_5)
FN:143,(anonymous_6)
FN:173,ReviewsSection
FN:182,(anonymous_8)
FN:186,(anonymous_9)
FN:190,(anonymous_10)
FN:197,(anonymous_11)
FN:200,(anonymous_12)
FN:209,(anonymous_13)
FN:215,(anonymous_14)
FN:221,(anonymous_15)
FN:224,(anonymous_16)
FN:227,(anonymous_17)
FN:235,(anonymous_18)
FN:238,(anonymous_19)
FN:239,(anonymous_20)
FN:278,(anonymous_21)
FN:328,(anonymous_22)
FN:333,(anonymous_23)
FN:346,(anonymous_24)
FN:351,(anonymous_25)
FN:367,(anonymous_26)
FNF:27
FNH:19
FNDA:13,RatingBreakdown
FNDA:12,(anonymous_1)
FNDA:48,(anonymous_2)
FNDA:65,(anonymous_3)
FNDA:53,ReviewCard
FNDA:260,(anonymous_5)
FNDA:0,(anonymous_6)
FNDA:16,ReviewsSection
FNDA:14,(anonymous_8)
FNDA:48,(anonymous_9)
FNDA:36,(anonymous_10)
FNDA:48,(anonymous_11)
FNDA:0,(anonymous_12)
FNDA:14,(anonymous_13)
FNDA:0,(anonymous_14)
FNDA:36,(anonymous_15)
FNDA:0,(anonymous_16)
FNDA:0,(anonymous_17)
FNDA:14,(anonymous_18)
FNDA:48,(anonymous_19)
FNDA:0,(anonymous_20)
FNDA:1,(anonymous_21)
FNDA:6,(anonymous_22)
FNDA:0,(anonymous_23)
FNDA:3,(anonymous_24)
FNDA:0,(anonymous_25)
FNDA:52,(anonymous_26)
DA:41,4
DA:49,13
DA:50,12
DA:51,12
DA:52,48
DA:53,48
DA:55,12
DA:58,13
DA:60,13
DA:63,65
DA:64,65
DA:66,65
DA:85,53
DA:86,53
DA:87,53
DA:88,53
DA:89,53
DA:91,53
DA:123,260
DA:143,0
DA:177,16
DA:178,16
DA:179,16
DA:182,16
DA:183,14
DA:185,12
DA:186,48
DA:187,12
DA:190,12
DA:191,36
DA:193,12
DA:194,12
DA:196,12
DA:197,48
DA:199,14
DA:200,0
DA:203,14
DA:205,14
DA:209,16
DA:210,14
DA:213,14
DA:214,0
DA:215,0
DA:219,14
DA:221,36
DA:222,14
DA:224,0
DA:225,0
DA:227,0
DA:228,0
DA:231,14
DA:235,16
DA:236,14
DA:237,12
DA:238,48
DA:239,0
DA:240,12
DA:243,16
DA:244,2
DA:263,13
DA:278,1
DA:329,6
DA:333,0
DA:347,3
DA:351,0
DA:368,52
LF:66
LH:55
BRDA:53,0,0,48
BRDA:53,0,1,0
BRDA:53,1,0,48
BRDA:53,1,1,48
BRDA:58,2,0,13
BRDA:58,2,1,0
BRDA:84,3,0,53
BRDA:86,4,0,53
BRDA:86,4,1,52
BRDA:86,4,2,0
BRDA:87,5,0,53
BRDA:87,5,1,0
BRDA:88,6,0,53
BRDA:88,6,1,0
BRDA:98,7,0,0
BRDA:98,7,1,52
BRDA:103,8,0,53
BRDA:103,8,1,0
BRDA:112,9,0,53
BRDA:112,9,1,52
BRDA:126,10,0,221
BRDA:126,10,1,39
BRDA:135,11,0,53
BRDA:135,11,1,52
BRDA:138,12,0,0
BRDA:138,12,1,52
BRDA:138,13,0,52
BRDA:138,13,1,52
BRDA:141,14,0,52
BRDA:141,14,1,0
BRDA:146,15,0,0
BRDA:146,15,1,0
BRDA:161,16,0,53
BRDA:161,16,1,0
BRDA:174,17,0,16
BRDA:175,18,0,16
BRDA:183,19,0,2
BRDA:183,19,1,12
BRDA:196,20,0,12
BRDA:196,20,1,0
BRDA:199,21,0,0
BRDA:199,21,1,12
BRDA:213,22,0,0
BRDA:213,22,1,14
BRDA:219,23,0,14
BRDA:219,23,1,0
BRDA:219,23,2,0
BRDA:236,24,0,2
BRDA:236,24,1,12
BRDA:238,25,0,48
BRDA:238,25,1,36
BRDA:238,25,2,36
BRDA:239,26,0,0
BRDA:239,26,1,0
BRDA:239,27,0,0
BRDA:239,27,1,0
BRDA:243,28,0,2
BRDA:243,28,1,14
BRDA:283,29,0,1
BRDA:283,29,1,12
BRDA:298,30,0,16
BRDA:298,30,1,0
BRDA:300,31,0,0
BRDA:300,31,1,0
BRDA:302,32,0,0
BRDA:302,32,1,0
BRDA:303,33,0,0
BRDA:303,33,1,0
BRDA:316,34,0,16
BRDA:316,34,1,1
BRDA:331,35,0,1
BRDA:331,35,1,5
BRDA:334,36,0,1
BRDA:334,36,1,5
BRDA:336,37,0,1
BRDA:336,37,1,5
BRDA:349,38,0,1
BRDA:349,38,1,2
BRDA:352,39,0,1
BRDA:352,39,1,2
BRDA:376,40,0,16
BRDA:376,40,1,0
BRF:82
BRH:53
end_of_record
TN:
SF:src/components/profile/SocialProofBar.tsx
FN:39,SocialProofBar
FN:45,(anonymous_1)
FN:53,(anonymous_2)
FN:54,(anonymous_3)
FN:139,(anonymous_4)
FNF:5
FNH:5
FNDA:14,SocialProofBar
FNDA:16,(anonymous_1)
FNDA:16,(anonymous_2)
FNDA:14,(anonymous_3)
FNDA:22,(anonymous_4)
DA:45,16
DA:46,14
DA:47,14
DA:52,14
DA:53,16
DA:54,14
DA:55,14
DA:56,14
DA:59,14
DA:60,14
DA:61,14
DA:64,14
DA:65,10
DA:66,3
DA:67,2
DA:69,1
DA:73,13
DA:85,13
DA:86,4
DA:97,13
DA:98,4
DA:109,13
DA:110,1
DA:120,13
DA:140,22
LF:25
LH:25
BRDA:41,0,0,14
BRDA:42,1,0,14
BRDA:47,2,0,5
BRDA:47,2,1,8
BRDA:59,3,0,13
BRDA:59,3,1,0
BRDA:64,4,0,10
BRDA:64,4,1,3
BRDA:65,5,0,1
BRDA:65,5,1,9
BRDA:66,6,0,2
BRDA:66,6,1,1
BRDA:67,7,0,1
BRDA:67,7,1,1
BRDA:85,8,0,4
BRDA:85,8,1,9
BRDA:97,9,0,4
BRDA:97,9,1,9
BRDA:109,10,0,1
BRDA:109,10,1,12
BRF:20
BRH:19
end_of_record
TN:
SF:src/components/profile/TrustSignals.tsx
FN:34,TrustSignals
FN:42,(anonymous_1)
FN:101,(anonymous_2)
FN:113,(anonymous_3)
FN:155,(anonymous_4)
FN:193,TrustBadge
FN:222,RatingWithTrust
FN:225,(anonymous_7)
FNF:8
FNH:3
FNDA:19,TrustSignals
FNDA:17,(anonymous_1)
FNDA:0,(anonymous_2)
FNDA:0,(anonymous_3)
FNDA:48,(anonymous_4)
FNDA:0,TrustBadge
FNDA:0,RatingWithTrust
FNDA:0,(anonymous_7)
DA:40,19
DA:42,17
DA:47,19
DA:48,19
DA:50,19
DA:51,16
DA:61,18
DA:62,1
DA:70,17
DA:71,1
DA:81,18
DA:82,1
DA:90,17
DA:91,15
DA:101,18
DA:102,18
DA:103,0
DA:113,18
DA:114,18
DA:115,0
DA:125,18
DA:126,17
DA:127,17
DA:128,17
DA:129,16
DA:140,18
DA:142,19
DA:144,17
DA:150,17
DA:152,17
DA:156,48
DA:194,0
DA:201,0
DA:202,0
DA:204,0
DA:206,0
DA:223,0
DA:225,0
DA:226,0
DA:227,0
DA:228,0
DA:229,0
DA:232,0
DA:234,0
LF:44
LH:29
BRDA:36,0,0,19
BRDA:37,1,0,19
BRDA:38,2,0,19
BRDA:47,3,0,19
BRDA:47,3,1,18
BRDA:50,4,0,16
BRDA:50,4,1,3
BRDA:61,5,0,1
BRDA:61,5,1,17
BRDA:61,6,0,18
BRDA:61,6,1,15
BRDA:61,7,0,18
BRDA:61,7,1,1
BRDA:61,8,0,15
BRDA:61,8,1,14
BRDA:70,9,0,1
BRDA:70,9,1,16
BRDA:70,10,0,17
BRDA:70,10,1,15
BRDA:70,11,0,17
BRDA:70,11,1,1
BRDA:70,12,0,15
BRDA:70,12,1,14
BRDA:81,13,0,1
BRDA:81,13,1,17
BRDA:81,14,0,18
BRDA:81,14,1,1
BRDA:90,15,0,15
BRDA:90,15,1,2
BRDA:90,16,0,17
BRDA:90,16,1,1
BRDA:102,17,0,0
BRDA:102,17,1,18
BRDA:114,18,0,0
BRDA:114,18,1,18
BRDA:125,19,0,17
BRDA:125,19,1,1
BRDA:128,20,0,16
BRDA:128,20,1,1
BRDA:132,21,0,16
BRDA:132,21,1,0
BRDA:140,22,0,1
BRDA:140,22,1,17
BRDA:142,23,0,1
BRDA:142,23,1,18
BRDA:178,24,0,17
BRDA:178,24,1,16
BRDA:178,24,2,2
BRDA:193,25,0,0
BRDA:202,26,0,0
BRDA:202,26,1,0
BRDA:222,27,0,0
BRDA:222,28,0,0
BRDA:223,29,0,0
BRDA:223,29,1,0
BRDA:226,30,0,0
BRDA:226,30,1,0
BRDA:226,31,0,0
BRDA:226,31,1,0
BRDA:227,32,0,0
BRDA:227,32,1,0
BRDA:227,33,0,0
BRDA:227,33,1,0
BRDA:228,34,0,0
BRDA:228,34,1,0
BRDA:228,35,0,0
BRDA:228,35,1,0
BRDA:240,36,0,0
BRDA:240,36,1,0
BRDA:243,37,0,0
BRDA:243,37,1,0
BRF:71
BRH:45
end_of_record
TN:
SF:src/components/profile/VerificationAlert.tsx
FN:17,VerificationAlert
FN:46,(anonymous_1)
FNF:2
FNH:2
FNDA:7,VerificationAlert
FNDA:1,(anonymous_1)
DA:18,7
DA:20,7
DA:21,1
DA:24,6
DA:46,1
LF:5
LH:5
BRDA:20,0,0,1
BRDA:20,0,1,6
BRDA:20,1,0,7
BRDA:20,1,1,2
BRDA:31,2,0,6
BRDA:31,2,1,5
BRDA:31,2,2,4
BRDA:34,3,0,7
BRDA:34,3,1,1
BRDA:34,3,2,1
BRDA:37,4,0,7
BRDA:37,4,1,5
BRDA:37,4,2,1
BRF:13
BRH:13
end_of_record
TN:
SF:src/components/provider/QuickAcceptCard.tsx
FN:50,QuickAcceptCard
FN:66,(anonymous_1)
FN:68,(anonymous_2)
FN:75,(anonymous_3)
FN:83,(anonymous_4)
FN:84,(anonymous_5)
FN:90,(anonymous_6)
FN:99,(anonymous_7)
FN:178,(anonymous_8)
FN:218,(anonymous_9)
FN:225,(anonymous_10)
FN:256,(anonymous_11)
FN:266,(anonymous_12)
FNF:13
FNH:1
FNDA:21,QuickAcceptCard
FNDA:0,(anonymous_1)
FNDA:0,(anonymous_2)
FNDA:0,(anonymous_3)
FNDA:0,(anonymous_4)
FNDA:0,(anonymous_5)
FNDA:0,(anonymous_6)
FNDA:0,(anonymous_7)
FNDA:0,(anonymous_8)
FNDA:0,(anonymous_9)
FNDA:0,(anonymous_10)
FNDA:0,(anonymous_11)
FNDA:0,(anonymous_12)
DA:57,21
DA:58,21
DA:59,21
DA:60,21
DA:61,21
DA:63,21
DA:65,21
DA:67,0
DA:69,0
DA:72,0
DA:73,0
DA:76,0
DA:82,21
DA:83,0
DA:85,0
DA:86,0
DA:90,21
DA:91,0
DA:92,0
DA:96,0
DA:99,21
DA:100,0
DA:101,0
DA:102,0
DA:105,21
DA:112,21
DA:118,21
DA:120,20
DA:178,0
DA:218,0
DA:225,0
DA:256,0
DA:266,0
LF:33
LH:14
BRDA:55,0,0,21
BRDA:59,1,0,21
BRDA:59,1,1,1
BRDA:77,2,0,0
BRDA:77,2,1,0
BRDA:90,3,0,0
BRDA:94,4,0,0
BRDA:94,4,1,0
BRDA:118,5,0,1
BRDA:118,5,1,20
BRDA:128,6,0,20
BRDA:128,6,1,2
BRDA:138,7,0,21
BRDA:138,7,1,1
BRDA:140,8,0,21
BRDA:140,8,1,1
BRDA:147,9,0,21
BRDA:147,9,1,1
BRDA:149,10,0,21
BRDA:149,10,1,19
BRDA:157,11,0,21
BRDA:157,11,1,0
BRDA:162,12,0,21
BRDA:162,12,1,0
BRDA:163,13,0,21
BRDA:163,13,1,0
BRDA:165,14,0,21
BRDA:165,14,1,0
BRDA:173,15,0,0
BRDA:173,15,1,20
BRDA:176,16,0,21
BRDA:176,16,1,1
BRDA:181,17,0,0
BRDA:181,17,1,1
BRDA:195,18,0,21
BRDA:195,18,1,1
BRDA:204,19,0,21
BRDA:204,19,1,0
BRDA:228,20,0,0
BRDA:228,20,1,0
BRDA:240,21,0,21
BRDA:240,21,1,20
BRDA:242,22,0,0
BRDA:242,22,1,20
BRDA:252,23,0,21
BRDA:252,23,1,19
BRDA:252,23,2,19
BRDA:257,24,0,19
BRDA:257,24,1,19
BRDA:267,25,0,21
BRDA:267,25,1,20
BRDA:269,26,0,0
BRDA:269,26,1,20
BRF:53
BRH:37
end_of_record
TN:
SF:src/components/ui/accordion.tsx
FN:16,(anonymous_0)
FN:29,(anonymous_1)
FN:54,(anonymous_2)
FNF:3
FNH:3
FNDA:107,(anonymous_0)
FNDA:107,(anonymous_1)
FNDA:107,(anonymous_2)
DA:7,3
DA:13,3
DA:17,107
DA:19,3
DA:26,3
DA:30,107
DA:44,3
DA:51,3
DA:55,107
DA:62,3
LF:10
LH:10
BRF:0
BRH:0
end_of_record
TN:
SF:src/components/ui/alert-dialog.tsx
FN:20,(anonymous_0)
FN:39,(anonymous_1)
FN:58,(anonymous_2)
FN:73,(anonymous_3)
FN:91,(anonymous_4)
FN:104,(anonymous_5)
FN:121,(anonymous_6)
FN:134,(anonymous_7)
FNF:8
FNH:8
FNDA:21,(anonymous_0)
FNDA:10,(anonymous_1)
FNDA:10,(anonymous_2)
FNDA:10,(anonymous_3)
FNDA:10,(anonymous_4)
FNDA:10,(anonymous_5)
FNDA:10,(anonymous_6)
FNDA:10,(anonymous_7)
DA:7,9
DA:9,9
DA:11,9
DA:17,9
DA:21,21
DA:29,9
DA:36,9
DA:40,10
DA:51,9
DA:58,9
DA:62,10
DA:66,9
DA:73,9
DA:77,10
DA:81,9
DA:88,9
DA:92,10
DA:94,9
DA:101,9
DA:105,10
DA:110,9
DA:118,9
DA:122,10
DA:124,9
DA:131,9
DA:135,10
DA:140,9
LF:27
LH:27
BRF:0
BRH:0
end_of_record
TN:
SF:src/components/ui/alert.tsx
FN:25,(anonymous_0)
FN:37,(anonymous_1)
FN:48,(anonymous_2)
FNF:3
FNH:2
FNDA:529,(anonymous_0)
FNDA:0,(anonymous_1)
FNDA:529,(anonymous_2)
DA:6,17
DA:22,17
DA:26,529
DA:32,17
DA:34,17
DA:38,0
DA:43,17
DA:45,17
DA:49,529
DA:54,17
LF:10
LH:9
BRF:0
BRH:0
end_of_record
TN:
SF:src/components/ui/avatar.tsx
FN:11,(anonymous_0)
FN:22,(anonymous_1)
FN:33,(anonymous_2)
FNF:3
FNH:3
FNDA:738,(anonymous_0)
FNDA:710,(anonymous_1)
FNDA:738,(anonymous_2)
DA:6,26
DA:8,26
DA:12,738
DA:17,26
DA:19,26
DA:23,710
DA:28,26
DA:30,26
DA:34,738
DA:42,26
LF:10
LH:10
BRF:0
BRH:0
end_of_record
TN:
SF:src/components/ui/badge.tsx
FN:30,Badge
FNF:1
FNH:1
FNDA:1904,Badge
DA:6,46
DA:31,1904
LF:2
LH:2
BRF:0
BRH:0
end_of_record
TN:
SF:src/components/ui/button.tsx
FN:44,(anonymous_0)
FNF:1
FNH:1
FNDA:7288,(anonymous_0)
DA:7,78
DA:43,78
DA:45,7288
DA:46,7288
DA:55,78
LF:5
LH:5
BRDA:44,0,0,7288
BRDA:45,1,0,39
BRDA:45,1,1,7249
BRF:3
BRH:3
end_of_record
TN:
SF:src/components/ui/card.tsx
FN:8,(anonymous_0)
FN:23,(anonymous_1)
FN:35,(anonymous_2)
FN:47,(anonymous_3)
FN:59,(anonymous_4)
FN:67,(anonymous_5)
FNF:6
FNH:5
FNDA:3887,(anonymous_0)
FNDA:1586,(anonymous_1)
FNDA:1561,(anonymous_2)
FNDA:267,(anonymous_3)
FNDA:3803,(anonymous_4)
FNDA:0,(anonymous_5)
DA:5,63
DA:9,3887
DA:18,63
DA:20,63
DA:24,1586
DA:30,63
DA:32,63
DA:36,1561
DA:42,63
DA:44,63
DA:48,267
DA:54,63
DA:56,63
DA:60,3803
DA:62,63
DA:64,63
DA:68,0
DA:74,63
LF:18
LH:17
BRF:0
BRH:0
end_of_record
TN:
SF:src/components/ui/checkbox.tsx
FN:14,(anonymous_0)
FNF:1
FNH:1
FNDA:130,(anonymous_0)
DA:11,4
DA:15,130
DA:27,4
LF:3
LH:3
BRF:0
BRH:0
end_of_record
TN:
SF:src/components/ui/dialog.tsx
FN:24,(anonymous_0)
FN:43,(anonymous_1)
FN:69,(anonymous_2)
FN:84,(anonymous_3)
FN:102,(anonymous_4)
FN:118,(anonymous_5)
FNF:6
FNH:4
FNDA:385,(anonymous_0)
FNDA:294,(anonymous_1)
FNDA:265,(anonymous_2)
FNDA:0,(anonymous_3)
FNDA:265,(anonymous_4)
FNDA:0,(anonymous_5)
DA:7,12
DA:9,12
DA:11,12
DA:13,12
DA:15,12
DA:21,12
DA:25,385
DA:33,12
DA:40,12
DA:44,294
DA:62,12
DA:69,12
DA:73,265
DA:77,12
DA:84,12
DA:88,0
DA:92,12
DA:99,12
DA:103,265
DA:108,12
DA:115,12
DA:119,0
DA:124,12
LF:23
LH:21
BRF:0
BRH:0
end_of_record
TN:
SF:src/components/ui/dropdown-menu.tsx
FN:26,(anonymous_0)
FN:45,(anonymous_1)
FN:60,(anonymous_2)
FN:81,(anonymous_3)
FN:96,(anonymous_4)
FN:119,(anonymous_5)
FN:142,(anonymous_6)
FN:153,(anonymous_7)
FN:161,(anonymous_8)
FNF:9
FNH:9
FNDA:1,(anonymous_0)
FNDA:1,(anonymous_1)
FNDA:2,(anonymous_2)
FNDA:2,(anonymous_3)
FNDA:1,(anonymous_4)
FNDA:1,(anonymous_5)
FNDA:1,(anonymous_6)
FNDA:1,(anonymous_7)
FNDA:1,(anonymous_8)
DA:7,4
DA:9,4
DA:11,4
DA:13,4
DA:15,4
DA:17,4
DA:19,4
DA:21,4
DA:27,1
DA:39,4
DA:42,4
DA:46,1
DA:54,4
DA:57,4
DA:61,2
DA:73,4
DA:75,4
DA:82,2
DA:91,4
DA:93,4
DA:97,1
DA:113,4
DA:116,4
DA:120,1
DA:135,4
DA:137,4
DA:143,1
DA:148,4
DA:150,4
DA:154,1
DA:159,4
DA:161,4
DA:165,1
DA:171,4
LF:34
LH:34
BRDA:31,0,0,1
BRDA:31,0,1,1
BRDA:60,1,0,2
BRDA:86,2,0,2
BRDA:86,2,1,1
BRDA:145,3,0,1
BRDA:145,3,1,1
BRF:7
BRH:7
end_of_record
TN:
SF:src/components/ui/input.tsx
FN:8,(anonymous_0)
FNF:1
FNH:1
FNDA:5450,(anonymous_0)
DA:7,33
DA:9,5450
DA:22,33
LF:3
LH:3
BRF:0
BRH:0
end_of_record
TN:
SF:src/components/ui/label.tsx
FN:15,(anonymous_0)
FNF:1
FNH:1
FNDA:8968,(anonymous_0)
DA:7,24
DA:11,24
DA:16,8968
DA:18,24
LF:4
LH:4
BRF:0
BRH:0
[...]
FNDA:1,(anonymous_25)
FNDA:1,(anonymous_26)
DA:50,40
DA:51,40
DA:52,40
DA:53,40
DA:64,40
DA:66,5
DA:69,40
DA:71,40
DA:73,9
DA:77,40
DA:79,40
DA:80,2
DA:93,2
DA:94,2
DA:95,2
DA:108,40
DA:109,1
DA:111,1
DA:112,1
DA:116,40
DA:118,1
DA:122,1
DA:126,40
DA:127,2
DA:128,2
DA:132,40
DA:133,35
DA:136,40
DA:145,3
DA:165,10
DA:175,4
DA:185,0
DA:203,0
DA:227,0
DA:234,0
DA:249,0
DA:259,0
DA:271,0
DA:298,1
DA:309,5
DA:310,5
DA:311,5
DA:312,5
DA:313,5
DA:314,5
DA:315,5
DA:317,5
DA:362,1
DA:376,1
DA:399,1
DA:411,1
LF:51
LH:44
BRDA:77,0,0,40
BRDA:77,0,1,12
BRDA:127,1,0,0
BRDA:127,1,1,2
BRDA:127,2,0,2
BRDA:127,2,1,2
BRDA:154,3,0,40
BRDA:154,3,1,18
BRDA:227,4,0,0
BRDA:227,4,1,0
BRDA:234,5,0,0
BRDA:234,5,1,0
BRDA:278,6,0,18
BRDA:278,6,1,14
BRDA:278,6,2,4
BRDA:289,7,0,34
BRDA:289,7,1,5
BRDA:324,8,0,5
BRDA:324,8,1,0
BRDA:349,9,0,5
BRDA:349,9,1,5
BRDA:367,10,0,5
BRDA:367,10,1,0
BRDA:383,11,0,5
BRDA:383,11,1,0
BRDA:398,12,0,40
BRDA:398,12,1,1
BRF:27
BRH:19
end_of_record
TN:
SF:src/pages/ServiceDetail.tsx
FN:24,ServiceDetail
FN:32,(anonymous_1)
FN:40,(anonymous_2)
FN:48,(anonymous_3)
FN:61,(anonymous_4)
FN:87,(anonymous_5)
FN:97,(anonymous_6)
FN:124,(anonymous_7)
FN:173,(anonymous_8)
FN:240,(anonymous_9)
FNF:10
FNH:9
FNDA:14,ServiceDetail
FNDA:5,(anonymous_1)
FNDA:4,(anonymous_2)
FNDA:7,(anonymous_3)
FNDA:1,(anonymous_4)
FNDA:1,(anonymous_5)
FNDA:5,(anonymous_6)
FNDA:0,(anonymous_7)
FNDA:5,(anonymous_8)
FNDA:5,(anonymous_9)
DA:25,14
DA:26,14
DA:27,14
DA:30,14
DA:32,5
DA:36,14
DA:38,14
DA:40,4
DA:44,14
DA:46,14
DA:48,7
DA:51,14
DA:54,14
DA:55,3
DA:61,1
DA:70,11
DA:71,5
DA:81,6
DA:82,1
DA:87,1
DA:95,5
DA:97,14
DA:98,5
DA:99,4
DA:101,1
DA:104,14
DA:124,0
DA:174,5
DA:241,5
LF:29
LH:28
BRDA:54,0,0,3
BRDA:54,0,1,11
BRDA:70,1,0,5
BRDA:70,1,1,6
BRDA:81,2,0,1
BRDA:81,2,1,5
BRDA:98,3,0,4
BRDA:98,3,1,1
BRDA:112,4,0,14
BRDA:112,4,1,1
BRDA:139,5,0,14
BRDA:139,5,1,5
BRDA:145,6,0,14
BRDA:145,6,1,5
BRDA:169,7,0,14
BRDA:169,7,1,5
BRDA:169,7,2,5
BRDA:189,8,0,14
BRDA:189,8,1,0
BRDA:191,9,0,14
BRDA:191,9,1,5
BRDA:191,9,2,5
BRDA:197,10,0,14
BRDA:197,10,1,5
BRDA:197,10,2,5
BRDA:197,10,3,5
BRDA:205,11,0,5
BRDA:205,11,1,0
BRDA:209,12,0,0
BRDA:209,12,1,5
BRDA:211,13,0,14
BRDA:211,13,1,5
BRDA:217,14,0,14
BRDA:217,14,1,5
BRDA:226,15,0,14
BRDA:226,15,1,0
BRDA:226,15,2,5
BRDA:236,16,0,5
BRDA:236,16,1,5
BRDA:236,16,2,5
BRDA:249,17,0,5
BRDA:249,17,1,5
BRDA:265,18,0,14
BRDA:265,18,1,1
BRDA:269,19,0,1
BRDA:269,19,1,0
BRDA:273,20,0,1
BRDA:273,20,1,0
BRDA:273,20,2,0
BRDA:277,21,0,1
BRDA:277,21,1,0
BRDA:280,22,0,1
BRDA:280,22,1,1
BRDA:288,23,0,14
BRDA:288,23,1,4
BRDA:288,23,2,3
BRDA:299,24,0,14
BRDA:299,24,1,1
BRF:58
BRH:50
end_of_record
TN:
SF:src/pages/SpaceDetail.tsx
FN:26,SpaceDetail
FN:34,(anonymous_1)
FN:42,(anonymous_2)
FN:50,(anonymous_3)
FN:63,(anonymous_4)
FN:89,(anonymous_5)
FN:99,(anonymous_6)
FN:126,(anonymous_7)
FN:145,(anonymous_8)
FN:252,(anonymous_9)
FNF:10
FNH:9
FNDA:14,SpaceDetail
FNDA:5,(anonymous_1)
FNDA:4,(anonymous_2)
FNDA:7,(anonymous_3)
FNDA:1,(anonymous_4)
FNDA:1,(anonymous_5)
FNDA:5,(anonymous_6)
FNDA:0,(anonymous_7)
FNDA:5,(anonymous_8)
FNDA:15,(anonymous_9)
DA:27,14
DA:28,14
DA:29,14
DA:32,14
DA:34,5
DA:38,14
DA:40,14
DA:42,4
DA:46,14
DA:48,14
DA:50,7
DA:53,14
DA:56,14
DA:57,3
DA:63,1
DA:72,11
DA:73,5
DA:83,6
DA:84,1
DA:89,1
DA:97,5
DA:99,14
DA:100,5
DA:101,5
DA:102,5
DA:103,5
DA:106,14
DA:126,0
DA:146,5
DA:253,15
LF:30
LH:29
BRDA:56,0,0,3
BRDA:56,0,1,11
BRDA:72,1,0,5
BRDA:72,1,1,6
BRDA:83,2,0,1
BRDA:83,2,1,5
BRDA:101,3,0,4
BRDA:101,3,1,1
BRDA:102,4,0,4
BRDA:102,4,1,1
BRDA:103,5,0,4
BRDA:103,5,1,1
BRDA:110,6,0,14
BRDA:110,6,1,0
BRDA:136,7,0,5
BRDA:136,7,1,0
BRDA:136,8,0,14
BRDA:136,8,1,5
BRDA:143,9,0,5
BRDA:143,9,1,5
BRDA:173,10,0,4
BRDA:173,10,1,1
BRDA:174,11,0,4
BRDA:174,11,1,1
BRDA:182,12,0,14
BRDA:182,12,1,5
BRDA:182,12,2,5
BRDA:193,13,0,14
BRDA:193,13,1,0
BRDA:202,14,0,14
BRDA:202,14,1,5
BRDA:202,14,2,5
BRDA:208,15,0,14
BRDA:208,15,1,5
BRDA:208,15,2,5
BRDA:211,16,0,5
BRDA:211,16,1,0
BRDA:214,17,0,14
BRDA:214,17,1,5
BRDA:214,17,2,5
BRDA:220,18,0,14
BRDA:220,18,1,5
BRDA:226,19,0,14
BRDA:226,19,1,5
BRDA:232,20,0,14
BRDA:232,20,1,5
BRDA:238,21,0,14
BRDA:238,21,1,5
BRDA:248,22,0,14
BRDA:248,22,1,5
BRDA:248,22,2,5
BRDA:262,23,0,14
BRDA:262,23,1,1
BRDA:268,24,0,1
BRDA:268,24,1,1
BRDA:270,25,0,1
BRDA:270,25,1,0
BRDA:274,26,0,1
BRDA:274,26,1,0
BRDA:274,26,2,0
BRDA:277,27,0,1
BRDA:277,27,1,0
BRDA:279,28,0,1
BRDA:279,28,1,1
BRDA:280,29,0,1
BRDA:280,29,1,0
BRDA:291,30,0,14
BRDA:291,30,1,4
BRDA:291,30,2,3
BRDA:300,31,0,14
BRDA:300,31,1,1
BRF:71
BRH:62
end_of_record
TN:
SF:src/pages/StartEarning.tsx
FN:75,StartEarning
FN:113,(anonymous_1)
FN:127,(anonymous_2)
FN:157,(anonymous_3)
FN:174,(anonymous_4)
FNF:5
FNH:5
FNDA:6,StartEarning
FNDA:18,(anonymous_1)
FNDA:54,(anonymous_2)
FNDA:24,(anonymous_3)
FNDA:24,(anonymous_4)
DA:34,2
DA:61,2
DA:68,2
DA:76,6
DA:114,18
DA:128,54
DA:158,24
DA:175,24
LF:8
LH:8
BRF:0
BRH:0
end_of_record
TN:
SF:src/pages/StartTransaction.tsx
FN:17,StartTransaction
FN:34,(anonymous_1)
FN:42,(anonymous_2)
FN:49,(anonymous_3)
FN:63,(anonymous_4)
FN:71,(anonymous_5)
FN:77,(anonymous_6)
FN:84,(anonymous_7)
FN:130,(anonymous_8)
FN:161,(anonymous_9)
FN:179,(anonymous_10)
FN:196,(anonymous_11)
FN:213,(anonymous_12)
FN:257,(anonymous_13)
FNF:14
FNH:8
FNDA:14,StartTransaction
FNDA:2,(anonymous_1)
FNDA:1,(anonymous_2)
FNDA:1,(anonymous_3)
FNDA:1,(anonymous_4)
FNDA:1,(anonymous_5)
FNDA:0,(anonymous_6)
FNDA:0,(anonymous_7)
FNDA:0,(anonymous_8)
FNDA:0,(anonymous_9)
FNDA:1,(anonymous_10)
FNDA:1,(anonymous_11)
FNDA:0,(anonymous_12)
FNDA:0,(anonymous_13)
DA:18,14
DA:19,14
DA:21,14
DA:22,14
DA:23,14
DA:24,14
DA:26,14
DA:27,14
DA:28,14
DA:29,14
DA:30,14
DA:32,14
DA:34,2
DA:38,14
DA:40,14
DA:42,1
DA:46,14
DA:48,14
DA:50,1
DA:51,1
DA:53,1
DA:61,1
DA:64,1
DA:65,1
DA:66,1
DA:67,1
DA:71,14
DA:72,1
DA:73,1
DA:74,1
DA:77,14
DA:79,14
DA:84,0
DA:131,0
DA:161,0
DA:179,1
DA:196,1
DA:213,0
DA:257,0
LF:39
LH:34
BRDA:46,0,0,14
BRDA:46,0,1,13
BRDA:54,1,0,1
BRDA:54,1,1,0
BRDA:55,2,0,0
BRDA:55,2,1,1
BRDA:55,3,0,1
BRDA:55,3,1,0
BRDA:73,4,0,0
BRDA:73,4,1,1
BRDA:73,5,0,1
BRDA:73,5,1,1
BRDA:96,6,0,14
BRDA:96,6,1,3
BRDA:104,7,0,3
BRDA:104,7,1,3
BRDA:107,8,0,3
BRDA:107,8,1,0
BRDA:108,9,0,3
BRDA:108,9,1,0
BRDA:121,10,0,14
BRDA:121,10,1,0
BRDA:137,11,0,0
BRDA:137,11,1,0
BRDA:143,12,0,0
BRDA:143,12,1,0
BRDA:161,13,0,0
BRDA:161,13,1,0
BRDA:179,14,0,1
BRDA:179,14,1,0
BRDA:196,15,0,1
BRDA:196,15,1,0
BRDA:202,16,0,14
BRDA:202,16,1,0
BRDA:203,17,0,14
BRDA:203,17,1,0
BRDA:204,18,0,14
BRDA:204,18,1,0
BRDA:264,19,0,14
BRDA:264,19,1,13
BRDA:264,19,2,3
BRDA:267,20,0,0
BRDA:267,20,1,13
BRF:43
BRH:24
end_of_record
TN:
SF:src/pages/SuccessStories.tsx
FN:89,getCategoryIcon
FN:98,SuccessStories
FN:111,(anonymous_2)
FN:127,(anonymous_3)
FN:140,(anonymous_4)
FN:175,(anonymous_5)
FNF:6
FNH:6
FNDA:54,getCategoryIcon
FNDA:9,SuccessStories
FNDA:45,(anonymous_2)
FNDA:54,(anonymous_3)
FNDA:108,(anonymous_4)
FNDA:270,(anonymous_5)
DA:27,2
DA:90,54
DA:91,18
DA:92,18
DA:93,18
DA:94,0
DA:99,9
DA:112,45
DA:128,54
DA:129,54
DA:140,108
DA:176,270
LF:12
LH:11
BRDA:90,0,0,18
BRDA:90,0,1,18
BRDA:90,0,2,18
BRDA:90,0,3,0
BRDA:154,1,0,27
BRDA:154,1,1,27
BRDA:155,2,0,27
BRDA:155,2,1,27
BRDA:160,3,0,54
BRDA:160,3,1,27
BRDA:166,4,0,54
BRDA:166,4,1,18
BRF:12
BRH:11
end_of_record
TN:
SF:src/pages/Terms.tsx
FN:21,Terms
FN:167,(anonymous_1)
FN:190,(anonymous_2)
FN:201,(anonymous_3)
FN:212,(anonymous_4)
FN:216,(anonymous_5)
FN:243,(anonymous_6)
FNF:7
FNH:5
FNDA:9,Terms
FNDA:0,(anonymous_1)
FNDA:144,(anonymous_2)
FNDA:288,(anonymous_3)
FNDA:18,(anonymous_4)
FNDA:108,(anonymous_5)
FNDA:0,(anonymous_6)
DA:22,9
DA:24,9
DA:161,9
DA:167,0
DA:191,144
DA:202,288
DA:213,18
DA:217,108
DA:243,0
LF:9
LH:7
BRDA:195,0,0,144
BRDA:195,0,1,135
BRDA:199,1,0,144
BRDA:199,1,1,54
BRDA:210,2,0,144
BRDA:210,2,1,9
BRDA:228,3,0,144
BRDA:228,3,1,27
BRF:8
BRH:8
end_of_record
TN:
SF:src/pages/ToolDetail.tsx
FN:25,ToolDetail
FN:33,(anonymous_1)
FN:41,(anonymous_2)
FN:49,(anonymous_3)
FN:62,(anonymous_4)
FN:88,(anonymous_5)
FN:98,(anonymous_6)
FN:125,(anonymous_7)
FN:144,(anonymous_8)
FNF:9
FNH:5
FNDA:30,ToolDetail
FNDA:15,(anonymous_1)
FNDA:9,(anonymous_2)
FNDA:18,(anonymous_3)
FNDA:0,(anonymous_4)
FNDA:0,(anonymous_5)
FNDA:11,(anonymous_6)
FNDA:0,(anonymous_7)
FNDA:0,(anonymous_8)
DA:26,30
DA:27,30
DA:28,30
DA:31,30
DA:33,15
DA:37,30
DA:39,30
DA:41,9
DA:45,30
DA:47,30
DA:49,18
DA:52,30
DA:55,30
DA:56,3
DA:62,0
DA:71,27
DA:72,15
DA:82,12
DA:83,1
DA:88,0
DA:96,11
DA:98,30
DA:99,11
DA:100,11
DA:101,11
DA:102,11
DA:105,30
DA:125,0
DA:145,0
LF:29
LH:25
BRDA:55,0,0,3
BRDA:55,0,1,27
BRDA:71,1,0,15
BRDA:71,1,1,12
BRDA:82,2,0,1
BRDA:82,2,1,11
BRDA:100,3,0,11
BRDA:100,3,1,0
BRDA:101,4,0,11
BRDA:101,4,1,0
BRDA:101,5,0,11
BRDA:101,5,1,11
BRDA:102,6,0,11
BRDA:102,6,1,0
BRDA:109,7,0,30
BRDA:109,7,1,0
BRDA:135,8,0,10
BRDA:135,8,1,1
BRDA:135,9,0,30
BRDA:135,9,1,11
BRDA:142,10,0,10
BRDA:142,10,1,0
BRDA:172,11,0,11
BRDA:172,11,1,0
BRDA:173,12,0,11
BRDA:173,12,1,0
BRDA:184,13,0,30
BRDA:184,13,1,10
BRDA:195,14,0,30
BRDA:195,14,1,0
BRDA:199,15,0,30
BRDA:199,15,1,2
BRDA:205,16,0,2
BRDA:205,16,1,2
BRDA:207,17,0,2
BRDA:207,17,1,0
BRDA:211,18,0,2
BRDA:211,18,1,0
BRDA:211,18,2,0
BRDA:214,19,0,2
BRDA:214,19,1,0
BRDA:216,20,0,2
BRDA:216,20,1,2
BRDA:217,21,0,2
BRDA:217,21,1,0
BRDA:230,22,0,30
BRDA:230,22,1,11
BRDA:230,22,2,11
BRDA:240,23,0,30
BRDA:240,23,1,11
BRDA:240,23,2,11
BRDA:257,24,0,30
BRDA:257,24,1,0
BRF:53
BRH:39
end_of_record
TN:
SF:src/pages/TransactionDetail.tsx
FN:22,TransactionDetail
FN:37,(anonymous_1)
FN:45,(anonymous_2)
FN:52,(anonymous_3)
FN:60,(anonymous_4)
FN:68,(anonymous_5)
FN:74,(anonymous_6)
FN:94,(anonymous_7)
FN:99,(anonymous_8)
FN:107,(anonymous_9)
FN:125,(anonymous_10)
FN:153,(anonymous_11)
FN:186,(anonymous_12)
FN:388,(anonymous_13)
FN:398,(anonymous_14)
FN:417,(anonymous_15)
FN:436,(anonymous_16)
FN:446,(anonymous_17)
FN:468,(anonymous_18)
FN:472,(anonymous_19)
FN:490,(anonymous_20)
FN:497,(anonymous_21)
FN:525,(anonymous_22)
FNF:23
FNH:17
FNDA:49,TransactionDetail
FNDA:37,(anonymous_1)
FNDA:36,(anonymous_2)
FNDA:5,(anonymous_3)
FNDA:5,(anonymous_4)
FNDA:0,(anonymous_5)
FNDA:2,(anonymous_6)
FNDA:1,(anonymous_7)
FNDA:1,(anonymous_8)
FNDA:1,(anonymous_9)
FNDA:1,(anonymous_10)
FNDA:0,(anonymous_11)
FNDA:0,(anonymous_12)
FNDA:1,(anonymous_13)
FNDA:0,(anonymous_14)
FNDA:1,(anonymous_15)
FNDA:1,(anonymous_16)
FNDA:0,(anonymous_17)
FNDA:20,(anonymous_18)
FNDA:1,(anonymous_19)
FNDA:0,(anonymous_20)
FNDA:1,(anonymous_21)
FNDA:1,(anonymous_22)
DA:23,49
DA:24,49
DA:26,49
DA:27,49
DA:29,49
DA:30,49
DA:31,49
DA:32,49
DA:33,49
DA:35,49
DA:37,37
DA:41,49
DA:43,49
DA:45,36
DA:48,49
DA:50,49
DA:52,5
DA:56,49
DA:58,49
DA:60,5
DA:64,49
DA:66,49
DA:68,0
DA:72,49
DA:74,49
DA:75,2
DA:76,2
DA:78,2
DA:79,2
DA:80,2
DA:81,2
DA:82,2
DA:83,1
DA:85,1
DA:88,0
DA:90,2
DA:93,49
DA:95,1
DA:97,1
DA:100,1
DA:101,1
DA:102,1
DA:106,49
DA:108,1
DA:109,1
DA:110,1
DA:113,1
DA:116,1
DA:117,1
DA:126,1
DA:127,1
DA:128,1
DA:129,1
DA:130,1
DA:131,1
DA:132,1
DA:136,49
DA:137,35
DA:147,14
DA:148,4
DA:153,0
DA:161,10
DA:162,49
DA:163,49
DA:165,49
DA:173,49
DA:177,49
DA:178,49
DA:179,49
DA:181,49
DA:186,0
DA:388,1
DA:398,0
DA:417,1
DA:436,1
DA:446,0
DA:469,20
DA:472,1
DA:490,0
DA:497,1
DA:525,1
LF:81
LH:74
BRDA:37,0,0,37
BRDA:37,0,1,0
BRDA:52,1,0,5
BRDA:52,1,1,0
BRDA:60,2,0,5
BRDA:60,2,1,0
BRDA:68,3,0,0
BRDA:68,3,1,0
BRDA:76,4,0,0
BRDA:76,4,1,2
BRDA:82,5,0,1
BRDA:82,5,1,1
BRDA:95,6,0,0
BRDA:95,6,1,1
BRDA:108,7,0,0
BRDA:108,7,1,1
BRDA:108,8,0,1
BRDA:108,8,1,1
BRDA:110,9,0,1
BRDA:110,9,1,0
BRDA:116,10,0,1
BRDA:116,10,1,0
BRDA:116,11,0,1
BRDA:116,11,1,1
BRDA:136,12,0,35
BRDA:136,12,1,14
BRDA:147,13,0,4
BRDA:147,13,1,10
BRDA:163,14,0,4
BRDA:163,14,1,6
BRDA:173,15,0,7
BRDA:173,15,1,3
BRDA:196,16,0,0
BRDA:196,16,1,10
BRDA:197,17,0,0
BRDA:197,17,1,10
BRDA:198,18,0,0
BRDA:198,18,1,10
BRDA:206,19,0,49
BRDA:206,19,1,0
BRDA:211,20,0,49
BRDA:211,20,1,7
BRDA:211,20,2,6
BRDA:215,21,0,0
BRDA:215,21,1,6
BRDA:219,22,0,49
BRDA:219,22,1,7
BRDA:219,22,2,1
BRDA:223,23,0,0
BRDA:223,23,1,1
BRDA:232,24,0,49
BRDA:232,24,1,0
BRDA:236,25,0,0
BRDA:236,25,1,0
BRDA:251,26,0,49
BRDA:251,26,1,6
BRDA:255,27,0,6
BRDA:255,27,1,0
BRDA:259,28,0,6
BRDA:259,28,1,0
BRDA:262,29,0,6
BRDA:262,29,1,0
BRDA:271,30,0,49
BRDA:271,30,1,6
BRDA:275,31,0,6
BRDA:275,31,1,0
BRDA:279,32,0,6
BRDA:279,32,1,0
BRDA:282,33,0,6
BRDA:282,33,1,0
BRDA:292,34,0,49
BRDA:292,34,1,0
BRDA:292,34,2,0
BRDA:300,35,0,49
BRDA:300,35,1,0
BRDA:304,36,0,49
BRDA:304,36,1,10
BRDA:322,37,0,49
BRDA:322,37,1,0
BRDA:331,38,0,49
BRDA:331,38,1,10
BRDA:331,38,2,7
BRDA:340,39,0,7
BRDA:340,39,1,7
BRDA:346,40,0,49
BRDA:346,40,1,10
BRDA:346,40,2,0
BRDA:353,41,0,0
BRDA:353,41,1,0
BRDA:363,42,0,0
BRDA:363,42,1,0
BRDA:378,43,0,49
BRDA:378,43,1,3
BRDA:378,43,2,3
BRDA:393,44,0,1
BRDA:393,44,1,2
BRDA:402,45,0,1
BRDA:402,45,1,1
BRDA:418,46,0,3
BRDA:418,46,1,1
BRDA:426,47,0,49
BRDA:426,47,1,7
BRDA:426,47,2,4
BRDA:441,48,0,2
BRDA:441,48,1,2
BRDA:450,49,0,1
BRDA:450,49,1,1
BRDA:477,50,0,5
BRDA:477,50,1,15
BRDA:498,51,0,4
BRDA:498,51,1,2
BRDA:501,52,0,0
BRDA:501,52,1,4
BRDA:513,53,0,49
BRDA:513,53,1,3
BRDA:513,53,2,7
BRF:116
BRH:81
end_of_record
TN:
SF:src/pages/Verification.tsx
FN:25,Verification
FN:37,(anonymous_1)
FN:42,(anonymous_2)
FN:48,(anonymous_3)
FN:67,(anonymous_4)
FN:73,(anonymous_5)
FN:77,(anonymous_6)
FN:83,(anonymous_7)
FN:94,(anonymous_8)
FN:98,(anonymous_9)
FN:104,(anonymous_10)
FN:107,(anonymous_11)
FN:113,(anonymous_12)
FN:116,(anonymous_13)
FN:122,(anonymous_14)
FN:152,(anonymous_15)
FN:200,(anonymous_16)
FN:273,(anonymous_17)
FN:281,(anonymous_18)
FN:315,(anonymous_19)
FN:324,(anonymous_20)
FN:342,(anonymous_21)
FN:403,(anonymous_22)
FNF:23
FNH:21
FNDA:60,Verification
FNDA:19,(anonymous_1)
FNDA:17,(anonymous_2)
FNDA:2,(anonymous_3)
FNDA:6,(anonymous_4)
FNDA:5,(anonymous_5)
FNDA:1,(anonymous_6)
FNDA:2,(anonymous_7)
FNDA:1,(anonymous_8)
FNDA:1,(anonymous_9)
FNDA:1,(anonymous_10)
FNDA:1,(anonymous_11)
FNDA:1,(anonymous_12)
FNDA:1,(anonymous_13)
FNDA:1,(anonymous_14)
FNDA:0,(anonymous_15)
FNDA:1,(anonymous_16)
FNDA:6,(anonymous_17)
FNDA:6,(anonymous_18)
FNDA:3,(anonymous_19)
FNDA:2,(anonymous_20)
FNDA:1,(anonymous_21)
FNDA:0,(anonymous_22)
DA:26,60
DA:27,60
DA:29,60
DA:30,60
DA:31,60
DA:32,60
DA:33,60
DA:35,60
DA:37,19
DA:40,60
DA:42,60
DA:43,17
DA:44,17
DA:46,17
DA:48,2
DA:49,2
DA:50,2
DA:51,1
DA:52,1
DA:54,1
DA:55,1
DA:59,2
DA:62,60
DA:63,60
DA:64,60
DA:66,60
DA:68,6
DA:69,0
DA:71,6
DA:74,5
DA:75,5
DA:78,1
DA:82,60
DA:84,2
DA:85,0
DA:88,2
DA:89,0
DA:92,2
DA:95,1
DA:96,1
DA:99,1
DA:103,60
DA:105,1
DA:108,1
DA:112,60
DA:114,1
DA:117,1
DA:118,1
DA:122,60
DA:123,1
DA:124,1
DA:126,1
DA:127,1
DA:128,1
DA:129,1
DA:130,1
DA:131,1
DA:133,0
DA:134,0
DA:136,1
DA:139,60
DA:140,17
DA:147,43
DA:152,0
DA:200,1
DA:273,6
DA:281,6
DA:315,3
DA:324,2
DA:343,1
DA:344,1
DA:403,0
LF:72
LH:65
BRDA:46,0,0,15
BRDA:46,0,1,2
BRDA:55,1,0,1
BRDA:55,1,1,0
BRDA:62,2,0,60
BRDA:62,2,1,17
BRDA:63,3,0,60
BRDA:63,3,1,17
BRDA:64,4,0,60
BRDA:64,4,1,17
BRDA:68,5,0,0
BRDA:68,5,1,6
BRDA:78,6,0,1
BRDA:78,6,1,0
BRDA:84,7,0,0
BRDA:84,7,1,2
BRDA:88,8,0,0
BRDA:88,8,1,2
BRDA:99,9,0,1
BRDA:99,9,1,0
BRDA:124,10,0,0
BRDA:124,10,1,1
BRDA:139,11,0,17
BRDA:139,11,1,43
BRDA:172,12,0,43
BRDA:172,12,1,4
BRDA:181,13,0,4
BRDA:181,13,1,39
BRDA:204,14,0,0
BRDA:204,14,1,39
BRDA:229,15,0,60
BRDA:229,15,1,4
BRDA:238,16,0,4
BRDA:238,16,1,39
BRDA:264,17,0,24
BRDA:264,17,1,15
BRDA:282,18,0,24
BRDA:282,18,1,8
BRDA:285,19,0,0
BRDA:285,19,1,24
BRDA:325,20,0,15
BRDA:325,20,1,4
BRDA:328,21,0,0
BRDA:328,21,1,15
BRDA:365,22,0,60
BRDA:365,22,1,4
BRDA:374,23,0,4
BRDA:374,23,1,39
BRDA:404,24,0,39
BRDA:404,24,1,38
BRDA:408,25,0,2
BRDA:408,25,1,37
BRDA:408,26,0,39
BRDA:408,26,1,38
BRF:54
BRH:44
end_of_record
TN:
SF:src/test/mockSetup.tsx
FN:93,createFramerMotionMock
FN:96,(anonymous_1)
FN:97,(anonymous_2)
FN:98,(anonymous_3)
FN:99,(anonymous_4)
FN:100,(anonymous_5)
FN:101,(anonymous_6)
FN:102,(anonymous_7)
FN:103,(anonymous_8)
FN:104,(anonymous_9)
FN:105,(anonymous_10)
FN:106,(anonymous_11)
FN:107,(anonymous_12)
FN:108,(anonymous_13)
FN:109,(anonymous_14)
FN:110,(anonymous_15)
FN:111,(anonymous_16)
FN:112,(anonymous_17)
FN:113,(anonymous_18)
FN:114,(anonymous_19)
FN:116,(anonymous_20)
FN:117,(anonymous_21)
FN:118,(anonymous_22)
FN:119,(anonymous_23)
FN:120,(anonymous_24)
FN:122,(anonymous_25)
FN:123,(anonymous_26)
FN:124,(anonymous_27)
FN:125,(anonymous_28)
FN:125,(anonymous_29)
FN:127,(anonymous_30)
FN:128,(anonymous_31)
FN:129,(anonymous_32)
FN:131,(anonymous_33)
FN:132,(anonymous_34)
FN:133,(anonymous_35)
FN:135,(anonymous_36)
FN:136,(anonymous_37)
FN:137,(anonymous_38)
FN:138,(anonymous_39)
FN:139,(anonymous_40)
FN:140,(anonymous_41)
FN:148,createHelmetMock
FN:150,(anonymous_43)
FN:151,(anonymous_44)
FNF:45
FNH:44
FNDA:4,createFramerMotionMock
FNDA:7950,(anonymous_1)
FNDA:937,(anonymous_2)
FNDA:1,(anonymous_3)
FNDA:1,(anonymous_4)
FNDA:9,(anonymous_5)
FNDA:1,(anonymous_6)
FNDA:9,(anonymous_7)
FNDA:1,(anonymous_8)
FNDA:1,(anonymous_9)
FNDA:1,(anonymous_10)
FNDA:1,(anonymous_11)
FNDA:1,(anonymous_12)
FNDA:1,(anonymous_13)
FNDA:1,(anonymous_14)
FNDA:1,(anonymous_15)
FNDA:1,(anonymous_16)
FNDA:1,(anonymous_17)
FNDA:1,(anonymous_18)
FNDA:1,(anonymous_19)
FNDA:1583,(anonymous_20)
FNDA:1,(anonymous_21)
FNDA:1,(anonymous_22)
FNDA:1,(anonymous_23)
FNDA:1,(anonymous_24)
FNDA:1,(anonymous_25)
FNDA:1,(anonymous_26)
FNDA:1,(anonymous_27)
FNDA:1,(anonymous_28)
FNDA:1,(anonymous_29)
FNDA:1,(anonymous_30)
FNDA:1,(anonymous_31)
FNDA:1,(anonymous_32)
FNDA:1,(anonymous_33)
FNDA:1,(anonymous_34)
FNDA:1,(anonymous_35)
FNDA:0,(anonymous_36)
FNDA:1,(anonymous_37)
FNDA:1,(anonymous_38)
FNDA:1,(anonymous_39)
FNDA:1,(anonymous_40)
FNDA:1,(anonymous_41)
FNDA:1,createHelmetMock
FNDA:1,(anonymous_43)
FNDA:1,(anonymous_44)
DA:94,4
DA:96,7950
DA:97,937
DA:98,1
DA:99,1
DA:100,9
DA:101,1
DA:102,9
DA:103,1
DA:104,1
DA:105,1
DA:106,1
DA:107,1
DA:108,1
DA:109,1
DA:110,1
DA:111,1
DA:112,1
DA:113,1
DA:114,1
DA:116,1583
DA:117,1
DA:118,1
DA:122,1
DA:123,1
DA:125,1
DA:127,1
DA:128,1
DA:131,1
DA:132,1
DA:135,0
DA:136,1
DA:137,1
DA:138,1
DA:139,1
DA:140,1
DA:149,1
DA:150,1
DA:151,1
LF:39
LH:38
BRF:0
BRH:0
end_of_record
TN:
SF:src/utils/ab-testing.ts
FN:13,getUserId
FN:23,hashCode
FN:34,getStoredTests
FN:43,saveTests
FN:96,getVariant
FN:123,forceVariant
FN:132,clearExperiments
FN:139,trackExperiment
FN:152,trackConversion
FN:175,useExperiment
FN:181,(anonymous_10)
FN:182,(anonymous_11)
FN:195,ABTest
FNF:13
FNH:13
FNDA:20,getUserId
FNDA:15,hashCode
FNDA:27,getStoredTests
FNDA:19,saveTests
FNDA:20,getVariant
FNDA:4,forceVariant
FNDA:2,clearExperiments
FNDA:15,trackExperiment
FNDA:3,trackConversion
FNDA:6,useExperiment
FNDA:2,(anonymous_10)
FNDA:1,(anonymous_11)
FNDA:3,ABTest
DA:10,1
DA:14,20
DA:15,20
DA:16,17
DA:17,17
DA:19,20
DA:24,15
DA:25,15
DA:26,701
DA:27,701
DA:28,701
DA:30,15
DA:35,27
DA:36,27
DA:38,0
DA:44,19
DA:45,19
DA:60,1
DA:97,20
DA:98,20
DA:101,20
DA:102,5
DA:106,15
DA:107,15
DA:108,15
DA:111,15
DA:112,15
DA:115,15
DA:117,15
DA:124,4
DA:125,4
DA:126,4
DA:133,2
DA:141,15
DA:142,15
DA:153,3
DA:154,3
DA:156,3
DA:157,2
DA:158,2
DA:177,6
DA:179,6
DA:181,2
DA:182,1
DA:196,3
DA:199,3
DA:200,1
DA:204,2
DA:205,1
DA:209,1
LF:50
LH:49
BRDA:15,0,0,17
BRDA:15,0,1,3
BRDA:36,1,0,27
BRDA:36,1,1,18
BRDA:101,2,0,5
BRDA:101,2,1,15
BRDA:141,3,0,15
BRDA:141,3,1,0
BRDA:156,4,0,2
BRDA:156,4,1,1
BRDA:157,5,0,2
BRDA:157,5,1,0
BRDA:199,6,0,1
BRDA:199,6,1,2
BRDA:204,7,0,1
BRDA:204,7,1,1
BRDA:204,8,0,2
BRDA:204,8,1,1
BRF:18
BRH:16
end_of_record
TN:
SF:src/utils/index.ts
FN:1,slugifySegment
FN:15,createPageUrl
FN:27,mapPathToPageName
FN:34,(anonymous_3)
FNF:4
FNH:4
FNDA:138,slugifySegment
FNDA:129,createPageUrl
FNDA:5,mapPathToPageName
FNDA:5,(anonymous_3)
DA:2,138
DA:3,0
DA:6,138
DA:16,129
DA:17,1
DA:20,128
DA:21,128
DA:22,129
DA:24,129
DA:28,5
DA:30,5
DA:31,3
DA:34,5
DA:35,2
LF:14
LH:13
BRDA:2,0,0,0
BRDA:2,0,1,138
BRDA:16,1,0,1
BRDA:16,1,1,128
BRDA:21,2,0,128
BRDA:21,2,1,0
BRDA:22,3,0,128
BRDA:22,3,1,0
BRDA:24,4,0,16
BRDA:24,4,1,112
BRDA:27,5,0,5
BRDA:28,6,0,5
BRDA:28,6,1,0
BRDA:30,7,0,3
BRDA:30,7,1,2
BRDA:30,8,0,5
BRDA:30,8,1,2
BRDA:35,9,0,2
BRDA:35,9,1,1
BRF:19
BRH:15
end_of_record
